<?xml version="1.0" encoding="UTF-8"?>
<!-- Generated by org.testng.reporters.JUnitXMLReporter -->
<testsuite ignored="4" hostname="DigVijay" failures="0" tests="1" name="Default test" time="0.065" errors="0" timestamp="2023-10-14T16:43:54 IST">
  <testcase classname="com.crm.qa.cogmento.BaseTestSuite.BaseTestSuite" name="@BeforeMethod setUp" time="0.008">
    <failure type="java.lang.NullPointerException" message="inStream parameter is null">
      <![CDATA[java.lang.NullPointerException: inStream parameter is null
at java.base/java.util.Objects.requireNonNull(Objects.java:259)
at java.base/java.util.Properties.load(Properties.java:408)
at com.crm.dev.DriverManager.DriverManager.readPropertyFile(DriverManager.java:152)
at com.crm.dev.DriverManager.DriverManager.getInputProperty(DriverManager.java:160)
at com.crm.dev.DriverManager.DriverManager.openBrowser(DriverManager.java:112)
at com.crm.qa.cogmento.BaseTestSuite.BaseTestSuite.setUp(BaseTestSuite.java:16)
at java.base/jdk.internal.reflect.DirectMethodHandleAccessor.invoke(DirectMethodHandleAccessor.java:104)
at java.base/java.lang.reflect.Method.invoke(Method.java:578)
at org.testng.internal.invokers.MethodInvocationHelper.invokeMethod(MethodInvocationHelper.java:139)
at org.testng.internal.invokers.MethodInvocationHelper.invokeMethodConsideringTimeout(MethodInvocationHelper.java:69)
at org.testng.internal.invokers.ConfigInvoker.invokeConfigurationMethod(ConfigInvoker.java:390)
at org.testng.internal.invokers.ConfigInvoker.invokeConfigurations(ConfigInvoker.java:325)
at org.testng.internal.invokers.TestInvoker.runConfigMethods(TestInvoker.java:810)
at org.testng.internal.invokers.TestInvoker.invokeMethod(TestInvoker.java:577)
at org.testng.internal.invokers.TestInvoker.invokeTestMethod(TestInvoker.java:227)
at org.testng.internal.invokers.MethodRunner.runInSequence(MethodRunner.java:50)
at org.testng.internal.invokers.TestInvoker$MethodInvocationAgent.invoke(TestInvoker.java:957)
at org.testng.internal.invokers.TestInvoker.invokeTestMethods(TestInvoker.java:200)
at org.testng.internal.invokers.TestMethodWorker.invokeTestMethods(TestMethodWorker.java:148)
at org.testng.internal.invokers.TestMethodWorker.run(TestMethodWorker.java:128)
at java.base/java.util.ArrayList.forEach(ArrayList.java:1511)
at org.testng.TestRunner.privateRun(TestRunner.java:848)
at org.testng.TestRunner.run(TestRunner.java:621)
at org.testng.SuiteRunner.runTest(SuiteRunner.java:443)
at org.testng.SuiteRunner.runSequentially(SuiteRunner.java:437)
at org.testng.SuiteRunner.privateRun(SuiteRunner.java:397)
at org.testng.SuiteRunner.run(SuiteRunner.java:336)
at org.testng.SuiteRunnerWorker.runSuite(SuiteRunnerWorker.java:52)
at org.testng.SuiteRunnerWorker.run(SuiteRunnerWorker.java:95)
at org.testng.TestNG.runSuitesSequentially(TestNG.java:1280)
at org.testng.TestNG.runSuitesLocally(TestNG.java:1200)
at org.testng.TestNG.runSuites(TestNG.java:1114)
at org.testng.TestNG.run(TestNG.java:1082)
at org.testng.remote.AbstractRemoteTestNG.run(AbstractRemoteTestNG.java:115)
at org.testng.remote.RemoteTestNG.initAndRun(RemoteTestNG.java:251)
at org.testng.remote.RemoteTestNG.main(RemoteTestNG.java:77)
]]>
    </failure>
  </testcase> <!-- @BeforeMethod setUp -->
  <testcase classname="com.crm.qa.cogmento.BaseTestSuite.BaseTestSuite" name="@AfterMethod tearDown" time="0.0">
    <skipped/>
  </testcase> <!-- @AfterMethod tearDown -->
  <testcase classname="com.crm.qa.cogmento.testcases.CalendarPageTest" name="tc_cogmento_calendarpage_005" time="0.0">
    <skipped/>
  </testcase> <!-- tc_cogmento_calendarpage_005 -->
  <testcase classname="com.crm.qa.cogmento.testcases.CalendarPageTest" name="tc_cogmento_calendarpage_009" time="0.0">
    <ignored/>
  </testcase> <!-- tc_cogmento_calendarpage_009 -->
  <testcase classname="com.crm.qa.cogmento.testcases.CalendarPageTest" name="tc_cogmento_calendarpage_008" time="0.0">
    <ignored/>
  </testcase> <!-- tc_cogmento_calendarpage_008 -->
  <testcase classname="com.crm.qa.cogmento.testcases.CalendarPageTest" name="tc_cogmento_calendarpage_006" time="0.0">
    <ignored/>
  </testcase> <!-- tc_cogmento_calendarpage_006 -->
  <testcase classname="com.crm.qa.cogmento.testcases.CalendarPageTest" name="tc_cogmento_calendarpage_007" time="0.0">
    <ignored/>
  </testcase> <!-- tc_cogmento_calendarpage_007 -->
</testsuite> <!-- Default test -->
