<?xml version="1.0" encoding="UTF-8"?>
<testng-results ignored="0" total="75" passed="57" failed="18" skipped="0">
  <reporter-output>
  </reporter-output>
  <suite started-at="2023-10-09T14:37:55 IST" name="Cogmento Test Automation Suite" finished-at="2023-10-09T14:52:50 IST" duration-ms="895338">
    <groups>
    </groups>
    <test started-at="2023-10-09T14:37:55 IST" name="Cogmento Test Automation Test" finished-at="2023-10-09T14:52:50 IST" duration-ms="895338">
      <class name="com.crm.qa.cogmento.testcases.ContactsPageTest">
        <test-method is-config="true" signature="setUp()[pri:0, instance:com.crm.qa.cogmento.testcases.ContactsPageTest@291b4bf5]" started-at="2023-10-09T14:42:25 IST" name="setUp" finished-at="2023-10-09T14:42:30 IST" duration-ms="5316" status="PASS">
          <reporter-output>
          </reporter-output>
        </test-method> <!-- setUp -->
        <test-method signature="tc_cogmento_contactspage_011()[pri:0, instance:com.crm.qa.cogmento.testcases.ContactsPageTest@291b4bf5]" started-at="2023-10-09T14:42:30 IST" name="tc_cogmento_contactspage_011" description="Verify contacts page is displayed and Enabled when concure is moved to Menu tab" finished-at="2023-10-09T14:42:32 IST" duration-ms="2185" status="PASS">
          <reporter-output>
          </reporter-output>
        </test-method> <!-- tc_cogmento_contactspage_011 -->
        <test-method is-config="true" signature="tearDown()[pri:0, instance:com.crm.qa.cogmento.testcases.ContactsPageTest@291b4bf5]" started-at="2023-10-09T14:42:32 IST" name="tearDown" finished-at="2023-10-09T14:42:33 IST" duration-ms="293" status="PASS">
          <reporter-output>
          </reporter-output>
        </test-method> <!-- tearDown -->
        <test-method is-config="true" signature="setUp()[pri:0, instance:com.crm.qa.cogmento.testcases.ContactsPageTest@291b4bf5]" started-at="2023-10-09T14:42:33 IST" name="setUp" finished-at="2023-10-09T14:42:38 IST" duration-ms="5529" status="PASS">
          <reporter-output>
          </reporter-output>
        </test-method> <!-- setUp -->
        <test-method signature="tc_cogmento_contactspage_012()[pri:0, instance:com.crm.qa.cogmento.testcases.ContactsPageTest@291b4bf5]" started-at="2023-10-09T14:42:38 IST" name="tc_cogmento_contactspage_012" description="Verify contacts page has navigated once contacts feature Is clicked Validate Contacts page Title should be Contacts" finished-at="2023-10-09T14:42:41 IST" duration-ms="2410" status="FAIL">
          <exception class="java.lang.AssertionError">
            <message>
              <![CDATA[expected [Contacts] but found [ Contacts]]]>
            </message>
            <full-stacktrace>
              <![CDATA[java.lang.AssertionError: expected [Contacts] but found [ Contacts]
at org.testng.Assert.fail(Assert.java:111)
at org.testng.Assert.failNotEquals(Assert.java:1578)
at org.testng.Assert.assertEqualsImpl(Assert.java:150)
at org.testng.Assert.assertEquals(Assert.java:132)
at org.testng.Assert.assertEquals(Assert.java:656)
at org.testng.Assert.assertEquals(Assert.java:666)
at com.crm.qa.cogmento.testcases.ContactsPageTest.tc_cogmento_contactspage_012(ContactsPageTest.java:38)
at java.base/jdk.internal.reflect.DirectMethodHandleAccessor.invoke(DirectMethodHandleAccessor.java:104)
at java.base/java.lang.reflect.Method.invoke(Method.java:578)
at org.testng.internal.invokers.MethodInvocationHelper.invokeMethod(MethodInvocationHelper.java:139)
at org.testng.internal.invokers.TestInvoker.invokeMethod(TestInvoker.java:664)
at org.testng.internal.invokers.TestInvoker.invokeTestMethod(TestInvoker.java:227)
at org.testng.internal.invokers.MethodRunner.runInSequence(MethodRunner.java:50)
at org.testng.internal.invokers.TestInvoker$MethodInvocationAgent.invoke(TestInvoker.java:957)
at org.testng.internal.invokers.TestInvoker.invokeTestMethods(TestInvoker.java:200)
at org.testng.internal.invokers.TestMethodWorker.invokeTestMethods(TestMethodWorker.java:148)
at org.testng.internal.invokers.TestMethodWorker.run(TestMethodWorker.java:128)
at java.base/java.util.ArrayList.forEach(ArrayList.java:1511)
at org.testng.TestRunner.privateRun(TestRunner.java:848)
at org.testng.TestRunner.run(TestRunner.java:621)
at org.testng.SuiteRunner.runTest(SuiteRunner.java:443)
at org.testng.SuiteRunner.runSequentially(SuiteRunner.java:437)
at org.testng.SuiteRunner.privateRun(SuiteRunner.java:397)
at org.testng.SuiteRunner.run(SuiteRunner.java:336)
at org.testng.SuiteRunnerWorker.runSuite(SuiteRunnerWorker.java:52)
at org.testng.SuiteRunnerWorker.run(SuiteRunnerWorker.java:95)
at org.testng.TestNG.runSuitesSequentially(TestNG.java:1280)
at org.testng.TestNG.runSuitesLocally(TestNG.java:1200)
at org.testng.TestNG.runSuites(TestNG.java:1114)
at org.testng.TestNG.run(TestNG.java:1082)
at org.testng.remote.AbstractRemoteTestNG.run(AbstractRemoteTestNG.java:115)
at org.testng.remote.RemoteTestNG.initAndRun(RemoteTestNG.java:251)
at org.testng.remote.RemoteTestNG.main(RemoteTestNG.java:77)
]]>
            </full-stacktrace>
          </exception> <!-- java.lang.AssertionError -->
          <reporter-output>
          </reporter-output>
        </test-method> <!-- tc_cogmento_contactspage_012 -->
        <test-method is-config="true" signature="tearDown()[pri:0, instance:com.crm.qa.cogmento.testcases.ContactsPageTest@291b4bf5]" started-at="2023-10-09T14:42:41 IST" name="tearDown" finished-at="2023-10-09T14:42:41 IST" duration-ms="157" status="PASS">
          <reporter-output>
          </reporter-output>
        </test-method> <!-- tearDown -->
        <test-method is-config="true" signature="setUp()[pri:0, instance:com.crm.qa.cogmento.testcases.ContactsPageTest@291b4bf5]" started-at="2023-10-09T14:42:41 IST" name="setUp" finished-at="2023-10-09T14:42:46 IST" duration-ms="5505" status="PASS">
          <reporter-output>
          </reporter-output>
        </test-method> <!-- setUp -->
        <test-method signature="tc_cogmento_contactspage_013()[pri:0, instance:com.crm.qa.cogmento.testcases.ContactsPageTest@291b4bf5]" started-at="2023-10-09T14:42:46 IST" name="tc_cogmento_contactspage_013" description="Verify contacts page has navigated verify Headers contains dropdown,showfilter, Export, Create this all Headers should enabled and displayed" finished-at="2023-10-09T14:42:49 IST" duration-ms="2291" status="FAIL">
          <exception class="java.lang.NullPointerException">
            <message>
              <![CDATA[Cannot invoke "String.isBlank()" because the return value of "org.openqa.selenium.WebElement.getAttribute(String)" is null]]>
            </message>
            <full-stacktrace>
              <![CDATA[java.lang.NullPointerException: Cannot invoke "String.isBlank()" because the return value of "org.openqa.selenium.WebElement.getAttribute(String)" is null
at com.crm.dev.DriverManager.BasePage.getElementValue(BasePage.java:45)
at com.crm.qa.cogmento.testcases.ContactsPageTest.tc_cogmento_contactspage_013(ContactsPageTest.java:52)
at java.base/jdk.internal.reflect.DirectMethodHandleAccessor.invoke(DirectMethodHandleAccessor.java:104)
at java.base/java.lang.reflect.Method.invoke(Method.java:578)
at org.testng.internal.invokers.MethodInvocationHelper.invokeMethod(MethodInvocationHelper.java:139)
at org.testng.internal.invokers.TestInvoker.invokeMethod(TestInvoker.java:664)
at org.testng.internal.invokers.TestInvoker.invokeTestMethod(TestInvoker.java:227)
at org.testng.internal.invokers.MethodRunner.runInSequence(MethodRunner.java:50)
at org.testng.internal.invokers.TestInvoker$MethodInvocationAgent.invoke(TestInvoker.java:957)
at org.testng.internal.invokers.TestInvoker.invokeTestMethods(TestInvoker.java:200)
at org.testng.internal.invokers.TestMethodWorker.invokeTestMethods(TestMethodWorker.java:148)
at org.testng.internal.invokers.TestMethodWorker.run(TestMethodWorker.java:128)
at java.base/java.util.ArrayList.forEach(ArrayList.java:1511)
at org.testng.TestRunner.privateRun(TestRunner.java:848)
at org.testng.TestRunner.run(TestRunner.java:621)
at org.testng.SuiteRunner.runTest(SuiteRunner.java:443)
at org.testng.SuiteRunner.runSequentially(SuiteRunner.java:437)
at org.testng.SuiteRunner.privateRun(SuiteRunner.java:397)
at org.testng.SuiteRunner.run(SuiteRunner.java:336)
at org.testng.SuiteRunnerWorker.runSuite(SuiteRunnerWorker.java:52)
at org.testng.SuiteRunnerWorker.run(SuiteRunnerWorker.java:95)
at org.testng.TestNG.runSuitesSequentially(TestNG.java:1280)
at org.testng.TestNG.runSuitesLocally(TestNG.java:1200)
at org.testng.TestNG.runSuites(TestNG.java:1114)
at org.testng.TestNG.run(TestNG.java:1082)
at org.testng.remote.AbstractRemoteTestNG.run(AbstractRemoteTestNG.java:115)
at org.testng.remote.RemoteTestNG.initAndRun(RemoteTestNG.java:251)
at org.testng.remote.RemoteTestNG.main(RemoteTestNG.java:77)
]]>
            </full-stacktrace>
          </exception> <!-- java.lang.NullPointerException -->
          <reporter-output>
          </reporter-output>
        </test-method> <!-- tc_cogmento_contactspage_013 -->
        <test-method is-config="true" signature="tearDown()[pri:0, instance:com.crm.qa.cogmento.testcases.ContactsPageTest@291b4bf5]" started-at="2023-10-09T14:42:49 IST" name="tearDown" finished-at="2023-10-09T14:42:49 IST" duration-ms="235" status="PASS">
          <reporter-output>
          </reporter-output>
        </test-method> <!-- tearDown -->
        <test-method is-config="true" signature="setUp()[pri:0, instance:com.crm.qa.cogmento.testcases.ContactsPageTest@291b4bf5]" started-at="2023-10-09T14:42:49 IST" name="setUp" finished-at="2023-10-09T14:42:55 IST" duration-ms="5875" status="PASS">
          <reporter-output>
          </reporter-output>
        </test-method> <!-- setUp -->
        <test-method signature="tc_cogmento_contactspage_016()[pri:0, instance:com.crm.qa.cogmento.testcases.ContactsPageTest@291b4bf5]" started-at="2023-10-09T14:42:55 IST" name="tc_cogmento_contactspage_016" description="Verify contacts page contains dropdown button click on it, it should contain default view in the dropdown" finished-at="2023-10-09T14:42:58 IST" duration-ms="2993" status="PASS">
          <reporter-output>
          </reporter-output>
        </test-method> <!-- tc_cogmento_contactspage_016 -->
        <test-method is-config="true" signature="tearDown()[pri:0, instance:com.crm.qa.cogmento.testcases.ContactsPageTest@291b4bf5]" started-at="2023-10-09T14:42:58 IST" name="tearDown" finished-at="2023-10-09T14:42:58 IST" duration-ms="257" status="PASS">
          <reporter-output>
          </reporter-output>
        </test-method> <!-- tearDown -->
        <test-method is-config="true" signature="setUp()[pri:0, instance:com.crm.qa.cogmento.testcases.ContactsPageTest@291b4bf5]" started-at="2023-10-09T14:42:58 IST" name="setUp" finished-at="2023-10-09T14:43:03 IST" duration-ms="5153" status="PASS">
          <reporter-output>
          </reporter-output>
        </test-method> <!-- setUp -->
        <test-method signature="tc_cogmento_contactspage_017()[pri:0, instance:com.crm.qa.cogmento.testcases.ContactsPageTest@291b4bf5]" started-at="2023-10-09T14:43:03 IST" name="tc_cogmento_contactspage_017" description="Verify and Validate Export Feature in the contacts page" finished-at="2023-10-09T14:43:05 IST" duration-ms="2374" status="FAIL">
          <exception class="org.openqa.selenium.NoAlertPresentException">
            <message>
              <![CDATA[no such alert
  (Session info: chrome=117.0.5938.149)
Build info: version: '4.11.0', revision: '040bc5406b'
System info: os.name: 'Windows 11', os.arch: 'amd64', os.version: '10.0', java.version: '20.0.2'
Driver info: org.openqa.selenium.chrome.ChromeDriver
Command: [b5bc8f629a7e9bb8d08f10e92eccc10e, getAlertText {}]
Capabilities {acceptInsecureCerts: false, browserName: chrome, browserVersion: 117.0.5938.149, chrome: {chromedriverVersion: 117.0.5938.149 (e3344ddefa1..., userDataDir: C:\Users\HP\AppData\Local\T...}, fedcm:accounts: true, goog:chromeOptions: {debuggerAddress: localhost:50865}, networkConnectionEnabled: false, pageLoadStrategy: normal, platformName: windows, proxy: Proxy(), se:cdp: ws://localhost:50865/devtoo..., se:cdpVersion: 117.0.5938.149, setWindowRect: true, strictFileInteractability: false, timeouts: {implicit: 0, pageLoad: 300000, script: 30000}, unhandledPromptBehavior: dismiss and notify, webauthn:extension:credBlob: true, webauthn:extension:largeBlob: true, webauthn:extension:minPinLength: true, webauthn:extension:prf: true, webauthn:virtualAuthenticators: true}
Session ID: b5bc8f629a7e9bb8d08f10e92eccc10e]]>
            </message>
            <full-stacktrace>
              <![CDATA[org.openqa.selenium.NoAlertPresentException: no such alert
  (Session info: chrome=117.0.5938.149)
Build info: version: '4.11.0', revision: '040bc5406b'
System info: os.name: 'Windows 11', os.arch: 'amd64', os.version: '10.0', java.version: '20.0.2'
Driver info: org.openqa.selenium.chrome.ChromeDriver
Command: [b5bc8f629a7e9bb8d08f10e92eccc10e, getAlertText {}]
Capabilities {acceptInsecureCerts: false, browserName: chrome, browserVersion: 117.0.5938.149, chrome: {chromedriverVersion: 117.0.5938.149 (e3344ddefa1..., userDataDir: C:\Users\HP\AppData\Local\T...}, fedcm:accounts: true, goog:chromeOptions: {debuggerAddress: localhost:50865}, networkConnectionEnabled: false, pageLoadStrategy: normal, platformName: windows, proxy: Proxy(), se:cdp: ws://localhost:50865/devtoo..., se:cdpVersion: 117.0.5938.149, setWindowRect: true, strictFileInteractability: false, timeouts: {implicit: 0, pageLoad: 300000, script: 30000}, unhandledPromptBehavior: dismiss and notify, webauthn:extension:credBlob: true, webauthn:extension:largeBlob: true, webauthn:extension:minPinLength: true, webauthn:extension:prf: true, webauthn:virtualAuthenticators: true}
Session ID: b5bc8f629a7e9bb8d08f10e92eccc10e
at java.base/jdk.internal.reflect.DirectConstructorHandleAccessor.newInstance(DirectConstructorHandleAccessor.java:67)
at java.base/java.lang.reflect.Constructor.newInstanceWithCaller(Constructor.java:500)
at java.base/java.lang.reflect.Constructor.newInstance(Constructor.java:484)
at org.openqa.selenium.remote.codec.w3c.W3CHttpResponseCodec.createException(W3CHttpResponseCodec.java:200)
at org.openqa.selenium.remote.codec.w3c.W3CHttpResponseCodec.decode(W3CHttpResponseCodec.java:133)
at org.openqa.selenium.remote.codec.w3c.W3CHttpResponseCodec.decode(W3CHttpResponseCodec.java:52)
at org.openqa.selenium.remote.HttpCommandExecutor.execute(HttpCommandExecutor.java:191)
at org.openqa.selenium.remote.service.DriverCommandExecutor.invokeExecute(DriverCommandExecutor.java:196)
at org.openqa.selenium.remote.service.DriverCommandExecutor.execute(DriverCommandExecutor.java:171)
at org.openqa.selenium.remote.RemoteWebDriver.execute(RemoteWebDriver.java:518)
at org.openqa.selenium.remote.RemoteWebDriver.execute(RemoteWebDriver.java:591)
at org.openqa.selenium.remote.RemoteWebDriver.execute(RemoteWebDriver.java:595)
at org.openqa.selenium.remote.RemoteWebDriver$RemoteTargetLocator.alert(RemoteWebDriver.java:1107)
at com.crm.qa.cogmento.testcases.ContactsPageTest.tc_cogmento_contactspage_017(ContactsPageTest.java:98)
at java.base/jdk.internal.reflect.DirectMethodHandleAccessor.invoke(DirectMethodHandleAccessor.java:104)
at java.base/java.lang.reflect.Method.invoke(Method.java:578)
at org.testng.internal.invokers.MethodInvocationHelper.invokeMethod(MethodInvocationHelper.java:139)
at org.testng.internal.invokers.TestInvoker.invokeMethod(TestInvoker.java:664)
at org.testng.internal.invokers.TestInvoker.invokeTestMethod(TestInvoker.java:227)
at org.testng.internal.invokers.MethodRunner.runInSequence(MethodRunner.java:50)
at org.testng.internal.invokers.TestInvoker$MethodInvocationAgent.invoke(TestInvoker.java:957)
at org.testng.internal.invokers.TestInvoker.invokeTestMethods(TestInvoker.java:200)
at org.testng.internal.invokers.TestMethodWorker.invokeTestMethods(TestMethodWorker.java:148)
at org.testng.internal.invokers.TestMethodWorker.run(TestMethodWorker.java:128)
at java.base/java.util.ArrayList.forEach(ArrayList.java:1511)
at org.testng.TestRunner.privateRun(TestRunner.java:848)
at org.testng.TestRunner.run(TestRunner.java:621)
at org.testng.SuiteRunner.runTest(SuiteRunner.java:443)
at org.testng.SuiteRunner.runSequentially(SuiteRunner.java:437)
at org.testng.SuiteRunner.privateRun(SuiteRunner.java:397)
at org.testng.SuiteRunner.run(SuiteRunner.java:336)
at org.testng.SuiteRunnerWorker.runSuite(SuiteRunnerWorker.java:52)
at org.testng.SuiteRunnerWorker.run(SuiteRunnerWorker.java:95)
at org.testng.TestNG.runSuitesSequentially(TestNG.java:1280)
at org.testng.TestNG.runSuitesLocally(TestNG.java:1200)
at org.testng.TestNG.runSuites(TestNG.java:1114)
at org.testng.TestNG.run(TestNG.java:1082)
at org.testng.remote.AbstractRemoteTestNG.run(AbstractRemoteTestNG.java:115)
at org.testng.remote.RemoteTestNG.initAndRun(RemoteTestNG.java:251)
at org.testng.remote.RemoteTestNG.main(RemoteTestNG.java:77)
]]>
            </full-stacktrace>
          </exception> <!-- org.openqa.selenium.NoAlertPresentException -->
          <reporter-output>
          </reporter-output>
        </test-method> <!-- tc_cogmento_contactspage_017 -->
        <test-method is-config="true" signature="tearDown()[pri:0, instance:com.crm.qa.cogmento.testcases.ContactsPageTest@291b4bf5]" started-at="2023-10-09T14:43:05 IST" name="tearDown" finished-at="2023-10-09T14:43:06 IST" duration-ms="235" status="PASS">
          <reporter-output>
          </reporter-output>
        </test-method> <!-- tearDown -->
        <test-method is-config="true" signature="setUp()[pri:0, instance:com.crm.qa.cogmento.testcases.ContactsPageTest@291b4bf5]" started-at="2023-10-09T14:43:06 IST" name="setUp" finished-at="2023-10-09T14:43:11 IST" duration-ms="5379" status="PASS">
          <reporter-output>
          </reporter-output>
        </test-method> <!-- setUp -->
        <test-method signature="tc_cogmento_contactspage_018()[pri:0, instance:com.crm.qa.cogmento.testcases.ContactsPageTest@291b4bf5]" started-at="2023-10-09T14:43:11 IST" name="tc_cogmento_contactspage_018" description="Verify and Validate Create feature in the contacts page and how many ways to create contacts feature" finished-at="2023-10-09T14:43:14 IST" duration-ms="2559" status="PASS">
          <reporter-output>
          </reporter-output>
        </test-method> <!-- tc_cogmento_contactspage_018 -->
        <test-method is-config="true" signature="tearDown()[pri:0, instance:com.crm.qa.cogmento.testcases.ContactsPageTest@291b4bf5]" started-at="2023-10-09T14:43:14 IST" name="tearDown" finished-at="2023-10-09T14:43:14 IST" duration-ms="219" status="PASS">
          <reporter-output>
          </reporter-output>
        </test-method> <!-- tearDown -->
        <test-method is-config="true" signature="setUp()[pri:0, instance:com.crm.qa.cogmento.testcases.ContactsPageTest@291b4bf5]" started-at="2023-10-09T14:43:14 IST" name="setUp" finished-at="2023-10-09T14:43:20 IST" duration-ms="5942" status="PASS">
          <reporter-output>
          </reporter-output>
        </test-method> <!-- setUp -->
        <test-method signature="tc_cogmento_contactspage_019()[pri:0, instance:com.crm.qa.cogmento.testcases.ContactsPageTest@291b4bf5]" started-at="2023-10-09T14:43:20 IST" name="tc_cogmento_contactspage_019" description="Verify and Validate Create New Contact form page fill the form with some mandatory field " finished-at="2023-10-09T14:43:43 IST" duration-ms="22821" status="PASS">
          <reporter-output>
          </reporter-output>
        </test-method> <!-- tc_cogmento_contactspage_019 -->
        <test-method is-config="true" signature="tearDown()[pri:0, instance:com.crm.qa.cogmento.testcases.ContactsPageTest@291b4bf5]" started-at="2023-10-09T14:43:43 IST" name="tearDown" finished-at="2023-10-09T14:43:43 IST" duration-ms="234" status="PASS">
          <reporter-output>
          </reporter-output>
        </test-method> <!-- tearDown -->
        <test-method is-config="true" signature="setUp()[pri:0, instance:com.crm.qa.cogmento.testcases.ContactsPageTest@291b4bf5]" started-at="2023-10-09T14:43:43 IST" name="setUp" finished-at="2023-10-09T14:43:48 IST" duration-ms="5666" status="PASS">
          <reporter-output>
          </reporter-output>
        </test-method> <!-- setUp -->
        <test-method signature="tc_cogmento_contactspage_020()[pri:0, instance:com.crm.qa.cogmento.testcases.ContactsPageTest@291b4bf5]" started-at="2023-10-09T14:43:48 IST" name="tc_cogmento_contactspage_020" description="Verify and Validate Create New Contact form page fill the form withoutmandatory field using selectDropdownValue Method" finished-at="2023-10-09T14:43:51 IST" duration-ms="2607" status="FAIL">
          <exception class="java.lang.IllegalArgumentException">
            <message>
              <![CDATA[Keys to send should be a not null CharSequence]]>
            </message>
            <full-stacktrace>
              <![CDATA[java.lang.IllegalArgumentException: Keys to send should be a not null CharSequence
at org.openqa.selenium.remote.RemoteWebElement.sendKeys(RemoteWebElement.java:97)
at java.base/jdk.internal.reflect.DirectMethodHandleAccessor.invoke(DirectMethodHandleAccessor.java:104)
at java.base/java.lang.reflect.Method.invoke(Method.java:578)
at org.openqa.selenium.support.pagefactory.internal.LocatingElementHandler.invoke(LocatingElementHandler.java:51)
at jdk.proxy2/jdk.proxy2.$Proxy32.sendKeys(Unknown Source)
at com.crm.dev.PageObjects.ContactsPage.createContact(ContactsPage.java:110)
at com.crm.qa.cogmento.testcases.ContactsPageTest.tc_cogmento_contactspage_020(ContactsPageTest.java:146)
at java.base/jdk.internal.reflect.DirectMethodHandleAccessor.invoke(DirectMethodHandleAccessor.java:104)
at java.base/java.lang.reflect.Method.invoke(Method.java:578)
at org.testng.internal.invokers.MethodInvocationHelper.invokeMethod(MethodInvocationHelper.java:139)
at org.testng.internal.invokers.TestInvoker.invokeMethod(TestInvoker.java:664)
at org.testng.internal.invokers.TestInvoker.invokeTestMethod(TestInvoker.java:227)
at org.testng.internal.invokers.MethodRunner.runInSequence(MethodRunner.java:50)
at org.testng.internal.invokers.TestInvoker$MethodInvocationAgent.invoke(TestInvoker.java:957)
at org.testng.internal.invokers.TestInvoker.invokeTestMethods(TestInvoker.java:200)
at org.testng.internal.invokers.TestMethodWorker.invokeTestMethods(TestMethodWorker.java:148)
at org.testng.internal.invokers.TestMethodWorker.run(TestMethodWorker.java:128)
at java.base/java.util.ArrayList.forEach(ArrayList.java:1511)
at org.testng.TestRunner.privateRun(TestRunner.java:848)
at org.testng.TestRunner.run(TestRunner.java:621)
at org.testng.SuiteRunner.runTest(SuiteRunner.java:443)
at org.testng.SuiteRunner.runSequentially(SuiteRunner.java:437)
at org.testng.SuiteRunner.privateRun(SuiteRunner.java:397)
at org.testng.SuiteRunner.run(SuiteRunner.java:336)
at org.testng.SuiteRunnerWorker.runSuite(SuiteRunnerWorker.java:52)
at org.testng.SuiteRunnerWorker.run(SuiteRunnerWorker.java:95)
at org.testng.TestNG.runSuitesSequentially(TestNG.java:1280)
at org.testng.TestNG.runSuitesLocally(TestNG.java:1200)
at org.testng.TestNG.runSuites(TestNG.java:1114)
at org.testng.TestNG.run(TestNG.java:1082)
at org.testng.remote.AbstractRemoteTestNG.run(AbstractRemoteTestNG.java:115)
at org.testng.remote.RemoteTestNG.initAndRun(RemoteTestNG.java:251)
at org.testng.remote.RemoteTestNG.main(RemoteTestNG.java:77)
]]>
            </full-stacktrace>
          </exception> <!-- java.lang.IllegalArgumentException -->
          <reporter-output>
          </reporter-output>
        </test-method> <!-- tc_cogmento_contactspage_020 -->
        <test-method is-config="true" signature="tearDown()[pri:0, instance:com.crm.qa.cogmento.testcases.ContactsPageTest@291b4bf5]" started-at="2023-10-09T14:43:51 IST" name="tearDown" finished-at="2023-10-09T14:43:51 IST" duration-ms="219" status="PASS">
          <reporter-output>
          </reporter-output>
        </test-method> <!-- tearDown -->
        <test-method is-config="true" signature="setUp()[pri:0, instance:com.crm.qa.cogmento.testcases.ContactsPageTest@291b4bf5]" started-at="2023-10-09T14:43:51 IST" name="setUp" finished-at="2023-10-09T14:43:56 IST" duration-ms="5045" status="PASS">
          <reporter-output>
          </reporter-output>
        </test-method> <!-- setUp -->
        <test-method signature="tc_cogmento_contactspage_029()[pri:0, instance:com.crm.qa.cogmento.testcases.ContactsPageTest@291b4bf5]" started-at="2023-10-09T14:43:56 IST" name="tc_cogmento_contactspage_029" description="Verify and Validate Create New contacts form page fill the form with some mandatory field " finished-at="2023-10-09T14:44:11 IST" duration-ms="14739" status="FAIL">
          <exception class="org.openqa.selenium.StaleElementReferenceException">
            <message>
              <![CDATA[stale element reference: stale element not found
  (Session info: chrome=117.0.5938.149)
For documentation on this error, please visit: https://www.selenium.dev/documentation/webdriver/troubleshooting/errors#stale-element-reference-exception
Build info: version: '4.11.0', revision: '040bc5406b'
System info: os.name: 'Windows 11', os.arch: 'amd64', os.version: '10.0', java.version: '20.0.2'
Driver info: org.openqa.selenium.chrome.ChromeDriver
Command: [e730817d42bea57ae7a47e605d1d933a, getElementAttribute {id=B4153035B8ED93A91F4C1AE680F3F9F6_element_101, name=innerText}]
Capabilities {acceptInsecureCerts: false, browserName: chrome, browserVersion: 117.0.5938.149, chrome: {chromedriverVersion: 117.0.5938.149 (e3344ddefa1..., userDataDir: C:\Users\HP\AppData\Local\T...}, fedcm:accounts: true, goog:chromeOptions: {debuggerAddress: localhost:51024}, networkConnectionEnabled: false, pageLoadStrategy: normal, platformName: windows, proxy: Proxy(), se:cdp: ws://localhost:51024/devtoo..., se:cdpVersion: 117.0.5938.149, setWindowRect: true, strictFileInteractability: false, timeouts: {implicit: 0, pageLoad: 300000, script: 30000}, unhandledPromptBehavior: dismiss and notify, webauthn:extension:credBlob: true, webauthn:extension:largeBlob: true, webauthn:extension:minPinLength: true, webauthn:extension:prf: true, webauthn:virtualAuthenticators: true}
Element: [[ChromeDriver: chrome on windows (e730817d42bea57ae7a47e605d1d933a)] -> xpath: //button[contains(@class,'linkedin button') and normalize-space()='Show Filters']]
Session ID: e730817d42bea57ae7a47e605d1d933a]]>
            </message>
            <full-stacktrace>
              <![CDATA[org.openqa.selenium.StaleElementReferenceException: stale element reference: stale element not found
  (Session info: chrome=117.0.5938.149)
For documentation on this error, please visit: https://www.selenium.dev/documentation/webdriver/troubleshooting/errors#stale-element-reference-exception
Build info: version: '4.11.0', revision: '040bc5406b'
System info: os.name: 'Windows 11', os.arch: 'amd64', os.version: '10.0', java.version: '20.0.2'
Driver info: org.openqa.selenium.chrome.ChromeDriver
Command: [e730817d42bea57ae7a47e605d1d933a, getElementAttribute {id=B4153035B8ED93A91F4C1AE680F3F9F6_element_101, name=innerText}]
Capabilities {acceptInsecureCerts: false, browserName: chrome, browserVersion: 117.0.5938.149, chrome: {chromedriverVersion: 117.0.5938.149 (e3344ddefa1..., userDataDir: C:\Users\HP\AppData\Local\T...}, fedcm:accounts: true, goog:chromeOptions: {debuggerAddress: localhost:51024}, networkConnectionEnabled: false, pageLoadStrategy: normal, platformName: windows, proxy: Proxy(), se:cdp: ws://localhost:51024/devtoo..., se:cdpVersion: 117.0.5938.149, setWindowRect: true, strictFileInteractability: false, timeouts: {implicit: 0, pageLoad: 300000, script: 30000}, unhandledPromptBehavior: dismiss and notify, webauthn:extension:credBlob: true, webauthn:extension:largeBlob: true, webauthn:extension:minPinLength: true, webauthn:extension:prf: true, webauthn:virtualAuthenticators: true}
Element: [[ChromeDriver: chrome on windows (e730817d42bea57ae7a47e605d1d933a)] -> xpath: //button[contains(@class,'linkedin button') and normalize-space()='Show Filters']]
Session ID: e730817d42bea57ae7a47e605d1d933a
at java.base/jdk.internal.reflect.DirectConstructorHandleAccessor.newInstance(DirectConstructorHandleAccessor.java:67)
at java.base/java.lang.reflect.Constructor.newInstanceWithCaller(Constructor.java:500)
at java.base/java.lang.reflect.Constructor.newInstance(Constructor.java:484)
at org.openqa.selenium.remote.codec.w3c.W3CHttpResponseCodec.createException(W3CHttpResponseCodec.java:200)
at org.openqa.selenium.remote.codec.w3c.W3CHttpResponseCodec.decode(W3CHttpResponseCodec.java:133)
at org.openqa.selenium.remote.codec.w3c.W3CHttpResponseCodec.decode(W3CHttpResponseCodec.java:52)
at org.openqa.selenium.remote.HttpCommandExecutor.execute(HttpCommandExecutor.java:191)
at org.openqa.selenium.remote.service.DriverCommandExecutor.invokeExecute(DriverCommandExecutor.java:196)
at org.openqa.selenium.remote.service.DriverCommandExecutor.execute(DriverCommandExecutor.java:171)
at org.openqa.selenium.remote.RemoteWebDriver.execute(RemoteWebDriver.java:518)
at org.openqa.selenium.remote.RemoteWebElement.execute(RemoteWebElement.java:224)
at org.openqa.selenium.remote.RemoteWebElement.getAttribute(RemoteWebElement.java:150)
at com.crm.dev.utility.TableOperator.applyFiltersToColumns(TableOperator.java:168)
at com.crm.qa.cogmento.testcases.ContactsPageTest.tc_cogmento_contactspage_029(ContactsPageTest.java:174)
at java.base/jdk.internal.reflect.DirectMethodHandleAccessor.invoke(DirectMethodHandleAccessor.java:104)
at java.base/java.lang.reflect.Method.invoke(Method.java:578)
at org.testng.internal.invokers.MethodInvocationHelper.invokeMethod(MethodInvocationHelper.java:139)
at org.testng.internal.invokers.TestInvoker.invokeMethod(TestInvoker.java:664)
at org.testng.internal.invokers.TestInvoker.invokeTestMethod(TestInvoker.java:227)
at org.testng.internal.invokers.MethodRunner.runInSequence(MethodRunner.java:50)
at org.testng.internal.invokers.TestInvoker$MethodInvocationAgent.invoke(TestInvoker.java:957)
at org.testng.internal.invokers.TestInvoker.invokeTestMethods(TestInvoker.java:200)
at org.testng.internal.invokers.TestMethodWorker.invokeTestMethods(TestMethodWorker.java:148)
at org.testng.internal.invokers.TestMethodWorker.run(TestMethodWorker.java:128)
at java.base/java.util.ArrayList.forEach(ArrayList.java:1511)
at org.testng.TestRunner.privateRun(TestRunner.java:848)
at org.testng.TestRunner.run(TestRunner.java:621)
at org.testng.SuiteRunner.runTest(SuiteRunner.java:443)
at org.testng.SuiteRunner.runSequentially(SuiteRunner.java:437)
at org.testng.SuiteRunner.privateRun(SuiteRunner.java:397)
at org.testng.SuiteRunner.run(SuiteRunner.java:336)
at org.testng.SuiteRunnerWorker.runSuite(SuiteRunnerWorker.java:52)
at org.testng.SuiteRunnerWorker.run(SuiteRunnerWorker.java:95)
at org.testng.TestNG.runSuitesSequentially(TestNG.java:1280)
at org.testng.TestNG.runSuitesLocally(TestNG.java:1200)
at org.testng.TestNG.runSuites(TestNG.java:1114)
at org.testng.TestNG.run(TestNG.java:1082)
at org.testng.remote.AbstractRemoteTestNG.run(AbstractRemoteTestNG.java:115)
at org.testng.remote.RemoteTestNG.initAndRun(RemoteTestNG.java:251)
at org.testng.remote.RemoteTestNG.main(RemoteTestNG.java:77)
]]>
            </full-stacktrace>
          </exception> <!-- org.openqa.selenium.StaleElementReferenceException -->
          <reporter-output>
          </reporter-output>
        </test-method> <!-- tc_cogmento_contactspage_029 -->
        <test-method is-config="true" signature="tearDown()[pri:0, instance:com.crm.qa.cogmento.testcases.ContactsPageTest@291b4bf5]" started-at="2023-10-09T14:44:11 IST" name="tearDown" finished-at="2023-10-09T14:44:11 IST" duration-ms="266" status="PASS">
          <reporter-output>
          </reporter-output>
        </test-method> <!-- tearDown -->
        <test-method is-config="true" signature="setUp()[pri:0, instance:com.crm.qa.cogmento.testcases.ContactsPageTest@291b4bf5]" started-at="2023-10-09T14:44:11 IST" name="setUp" finished-at="2023-10-09T14:44:16 IST" duration-ms="5072" status="PASS">
          <reporter-output>
          </reporter-output>
        </test-method> <!-- setUp -->
        <test-method signature="tc_cogmento_contactspage_030()[pri:0, instance:com.crm.qa.cogmento.testcases.ContactsPageTest@291b4bf5]" started-at="2023-10-09T14:44:16 IST" name="tc_cogmento_contactspage_030" description="Verify and Validate Create New contacts form page contains Category dropdown select value click on save button" finished-at="2023-10-09T14:44:39 IST" duration-ms="22521" status="FAIL">
          <exception class="org.openqa.selenium.NoSuchElementException">
            <message>
              <![CDATA[no such element: Unable to locate element: {"method":"xpath","selector":"//div//input[contains(@name,'title') and contains(@autocomplete,'new-password')]"}
  (Session info: chrome=117.0.5938.149)
For documentation on this error, please visit: https://www.selenium.dev/documentation/webdriver/troubleshooting/errors#no-such-element-exception
Build info: version: '4.11.0', revision: '040bc5406b'
System info: os.name: 'Windows 11', os.arch: 'amd64', os.version: '10.0', java.version: '20.0.2'
Driver info: org.openqa.selenium.chrome.ChromeDriver
Command: [a8b31b611ad7bbba70a66d3cde120b1e, findElement {using=xpath, value=//div//input[contains(@name,'title') and contains(@autocomplete,'new-password')]}]
Capabilities {acceptInsecureCerts: false, browserName: chrome, browserVersion: 117.0.5938.149, chrome: {chromedriverVersion: 117.0.5938.149 (e3344ddefa1..., userDataDir: C:\Users\HP\AppData\Local\T...}, fedcm:accounts: true, goog:chromeOptions: {debuggerAddress: localhost:51064}, networkConnectionEnabled: false, pageLoadStrategy: normal, platformName: windows, proxy: Proxy(), se:cdp: ws://localhost:51064/devtoo..., se:cdpVersion: 117.0.5938.149, setWindowRect: true, strictFileInteractability: false, timeouts: {implicit: 0, pageLoad: 300000, script: 30000}, unhandledPromptBehavior: dismiss and notify, webauthn:extension:credBlob: true, webauthn:extension:largeBlob: true, webauthn:extension:minPinLength: true, webauthn:extension:prf: true, webauthn:virtualAuthenticators: true}
Session ID: a8b31b611ad7bbba70a66d3cde120b1e]]>
            </message>
            <full-stacktrace>
              <![CDATA[org.openqa.selenium.NoSuchElementException: no such element: Unable to locate element: {"method":"xpath","selector":"//div//input[contains(@name,'title') and contains(@autocomplete,'new-password')]"}
  (Session info: chrome=117.0.5938.149)
For documentation on this error, please visit: https://www.selenium.dev/documentation/webdriver/troubleshooting/errors#no-such-element-exception
Build info: version: '4.11.0', revision: '040bc5406b'
System info: os.name: 'Windows 11', os.arch: 'amd64', os.version: '10.0', java.version: '20.0.2'
Driver info: org.openqa.selenium.chrome.ChromeDriver
Command: [a8b31b611ad7bbba70a66d3cde120b1e, findElement {using=xpath, value=//div//input[contains(@name,'title') and contains(@autocomplete,'new-password')]}]
Capabilities {acceptInsecureCerts: false, browserName: chrome, browserVersion: 117.0.5938.149, chrome: {chromedriverVersion: 117.0.5938.149 (e3344ddefa1..., userDataDir: C:\Users\HP\AppData\Local\T...}, fedcm:accounts: true, goog:chromeOptions: {debuggerAddress: localhost:51064}, networkConnectionEnabled: false, pageLoadStrategy: normal, platformName: windows, proxy: Proxy(), se:cdp: ws://localhost:51064/devtoo..., se:cdpVersion: 117.0.5938.149, setWindowRect: true, strictFileInteractability: false, timeouts: {implicit: 0, pageLoad: 300000, script: 30000}, unhandledPromptBehavior: dismiss and notify, webauthn:extension:credBlob: true, webauthn:extension:largeBlob: true, webauthn:extension:minPinLength: true, webauthn:extension:prf: true, webauthn:virtualAuthenticators: true}
Session ID: a8b31b611ad7bbba70a66d3cde120b1e
at java.base/jdk.internal.reflect.DirectConstructorHandleAccessor.newInstance(DirectConstructorHandleAccessor.java:67)
at java.base/java.lang.reflect.Constructor.newInstanceWithCaller(Constructor.java:500)
at java.base/java.lang.reflect.Constructor.newInstance(Constructor.java:484)
at org.openqa.selenium.remote.codec.w3c.W3CHttpResponseCodec.createException(W3CHttpResponseCodec.java:200)
at org.openqa.selenium.remote.codec.w3c.W3CHttpResponseCodec.decode(W3CHttpResponseCodec.java:133)
at org.openqa.selenium.remote.codec.w3c.W3CHttpResponseCodec.decode(W3CHttpResponseCodec.java:52)
at org.openqa.selenium.remote.HttpCommandExecutor.execute(HttpCommandExecutor.java:191)
at org.openqa.selenium.remote.service.DriverCommandExecutor.invokeExecute(DriverCommandExecutor.java:196)
at org.openqa.selenium.remote.service.DriverCommandExecutor.execute(DriverCommandExecutor.java:171)
at org.openqa.selenium.remote.RemoteWebDriver.execute(RemoteWebDriver.java:518)
at org.openqa.selenium.remote.ElementLocation$ElementFinder$2.findElement(ElementLocation.java:165)
at org.openqa.selenium.remote.ElementLocation.findElement(ElementLocation.java:59)
at org.openqa.selenium.remote.RemoteWebDriver.findElement(RemoteWebDriver.java:355)
at org.openqa.selenium.remote.RemoteWebDriver.findElement(RemoteWebDriver.java:349)
at org.openqa.selenium.support.pagefactory.DefaultElementLocator.findElement(DefaultElementLocator.java:68)
at org.openqa.selenium.support.pagefactory.internal.LocatingElementHandler.invoke(LocatingElementHandler.java:38)
at jdk.proxy2/jdk.proxy2.$Proxy32.sendKeys(Unknown Source)
at com.crm.dev.PageObjects.DealPage.createDeal(DealPage.java:153)
at com.crm.qa.cogmento.testcases.ContactsPageTest.tc_cogmento_contactspage_030(ContactsPageTest.java:201)
at java.base/jdk.internal.reflect.DirectMethodHandleAccessor.invoke(DirectMethodHandleAccessor.java:104)
at java.base/java.lang.reflect.Method.invoke(Method.java:578)
at org.testng.internal.invokers.MethodInvocationHelper.invokeMethod(MethodInvocationHelper.java:139)
at org.testng.internal.invokers.TestInvoker.invokeMethod(TestInvoker.java:664)
at org.testng.internal.invokers.TestInvoker.invokeTestMethod(TestInvoker.java:227)
at org.testng.internal.invokers.MethodRunner.runInSequence(MethodRunner.java:50)
at org.testng.internal.invokers.TestInvoker$MethodInvocationAgent.invoke(TestInvoker.java:957)
at org.testng.internal.invokers.TestInvoker.invokeTestMethods(TestInvoker.java:200)
at org.testng.internal.invokers.TestMethodWorker.invokeTestMethods(TestMethodWorker.java:148)
at org.testng.internal.invokers.TestMethodWorker.run(TestMethodWorker.java:128)
at java.base/java.util.ArrayList.forEach(ArrayList.java:1511)
at org.testng.TestRunner.privateRun(TestRunner.java:848)
at org.testng.TestRunner.run(TestRunner.java:621)
at org.testng.SuiteRunner.runTest(SuiteRunner.java:443)
at org.testng.SuiteRunner.runSequentially(SuiteRunner.java:437)
at org.testng.SuiteRunner.privateRun(SuiteRunner.java:397)
at org.testng.SuiteRunner.run(SuiteRunner.java:336)
at org.testng.SuiteRunnerWorker.runSuite(SuiteRunnerWorker.java:52)
at org.testng.SuiteRunnerWorker.run(SuiteRunnerWorker.java:95)
at org.testng.TestNG.runSuitesSequentially(TestNG.java:1280)
at org.testng.TestNG.runSuitesLocally(TestNG.java:1200)
at org.testng.TestNG.runSuites(TestNG.java:1114)
at org.testng.TestNG.run(TestNG.java:1082)
at org.testng.remote.AbstractRemoteTestNG.run(AbstractRemoteTestNG.java:115)
at org.testng.remote.RemoteTestNG.initAndRun(RemoteTestNG.java:251)
at org.testng.remote.RemoteTestNG.main(RemoteTestNG.java:77)
]]>
            </full-stacktrace>
          </exception> <!-- org.openqa.selenium.NoSuchElementException -->
          <reporter-output>
          </reporter-output>
        </test-method> <!-- tc_cogmento_contactspage_030 -->
        <test-method is-config="true" signature="tearDown()[pri:0, instance:com.crm.qa.cogmento.testcases.ContactsPageTest@291b4bf5]" started-at="2023-10-09T14:44:39 IST" name="tearDown" finished-at="2023-10-09T14:44:39 IST" duration-ms="281" status="PASS">
          <reporter-output>
          </reporter-output>
        </test-method> <!-- tearDown -->
        <test-method is-config="true" signature="setUp()[pri:0, instance:com.crm.qa.cogmento.testcases.ContactsPageTest@291b4bf5]" started-at="2023-10-09T14:44:39 IST" name="setUp" finished-at="2023-10-09T14:44:45 IST" duration-ms="5277" status="PASS">
          <reporter-output>
          </reporter-output>
        </test-method> <!-- setUp -->
        <test-method signature="tc_cogmento_contactspage_081()[pri:0, instance:com.crm.qa.cogmento.testcases.ContactsPageTest@291b4bf5]" started-at="2023-10-09T14:44:45 IST" name="tc_cogmento_contactspage_081" description="Verify and Validate showFilter Feature in the contacts page" finished-at="2023-10-09T14:44:47 IST" duration-ms="2617" status="PASS">
          <reporter-output>
          </reporter-output>
        </test-method> <!-- tc_cogmento_contactspage_081 -->
        <test-method is-config="true" signature="tearDown()[pri:0, instance:com.crm.qa.cogmento.testcases.ContactsPageTest@291b4bf5]" started-at="2023-10-09T14:44:47 IST" name="tearDown" finished-at="2023-10-09T14:44:47 IST" duration-ms="303" status="PASS">
          <reporter-output>
          </reporter-output>
        </test-method> <!-- tearDown -->
      </class> <!-- com.crm.qa.cogmento.testcases.ContactsPageTest -->
      <class name="com.crm.qa.cogmento.testcases.CalendarPageTest">
        <test-method is-config="true" signature="setUp()[pri:0, instance:com.crm.qa.cogmento.testcases.CalendarPageTest@68e5eea7]" started-at="2023-10-09T14:40:41 IST" name="setUp" finished-at="2023-10-09T14:40:48 IST" duration-ms="6293" status="PASS">
          <reporter-output>
          </reporter-output>
        </test-method> <!-- setUp -->
        <test-method signature="tc_cogmento_calendarpage_005()[pri:0, instance:com.crm.qa.cogmento.testcases.CalendarPageTest@68e5eea7]" started-at="2023-10-09T14:40:48 IST" name="tc_cogmento_calendarpage_005" description="Verify all Headers are avaliable when user clicked on Calendar buttton" finished-at="2023-10-09T14:40:50 IST" duration-ms="2396" status="PASS">
          <reporter-output>
          </reporter-output>
        </test-method> <!-- tc_cogmento_calendarpage_005 -->
        <test-method is-config="true" signature="tearDown()[pri:0, instance:com.crm.qa.cogmento.testcases.CalendarPageTest@68e5eea7]" started-at="2023-10-09T14:40:50 IST" name="tearDown" finished-at="2023-10-09T14:40:50 IST" duration-ms="239" status="PASS">
          <reporter-output>
          </reporter-output>
        </test-method> <!-- tearDown -->
        <test-method is-config="true" signature="setUp()[pri:0, instance:com.crm.qa.cogmento.testcases.CalendarPageTest@68e5eea7]" started-at="2023-10-09T14:40:50 IST" name="setUp" finished-at="2023-10-09T14:40:55 IST" duration-ms="5219" status="PASS">
          <reporter-output>
          </reporter-output>
        </test-method> <!-- setUp -->
        <test-method signature="tc_cogmento_calendarpage_006()[pri:0, instance:com.crm.qa.cogmento.testcases.CalendarPageTest@68e5eea7]" started-at="2023-10-09T14:40:55 IST" name="tc_cogmento_calendarpage_006" description="Verify Calendar options Today, Farword, Backward, Month, Week, Day, Agenda are Enabled" finished-at="2023-10-09T14:40:58 IST" duration-ms="2497" status="PASS">
          <reporter-output>
          </reporter-output>
        </test-method> <!-- tc_cogmento_calendarpage_006 -->
        <test-method is-config="true" signature="tearDown()[pri:0, instance:com.crm.qa.cogmento.testcases.CalendarPageTest@68e5eea7]" started-at="2023-10-09T14:40:58 IST" name="tearDown" finished-at="2023-10-09T14:40:58 IST" duration-ms="239" status="PASS">
          <reporter-output>
          </reporter-output>
        </test-method> <!-- tearDown -->
        <test-method is-config="true" signature="setUp()[pri:0, instance:com.crm.qa.cogmento.testcases.CalendarPageTest@68e5eea7]" started-at="2023-10-09T14:40:58 IST" name="setUp" finished-at="2023-10-09T14:41:04 IST" duration-ms="5770" status="PASS">
          <reporter-output>
          </reporter-output>
        </test-method> <!-- setUp -->
        <test-method signature="tc_cogmento_calendarpage_007()[pri:0, instance:com.crm.qa.cogmento.testcases.CalendarPageTest@68e5eea7]" started-at="2023-10-09T14:41:04 IST" name="tc_cogmento_calendarpage_007" description="Verify Create button of Calendar feature and create new Event" finished-at="2023-10-09T14:41:32 IST" duration-ms="28105" status="PASS">
          <reporter-output>
          </reporter-output>
        </test-method> <!-- tc_cogmento_calendarpage_007 -->
        <test-method is-config="true" signature="tearDown()[pri:0, instance:com.crm.qa.cogmento.testcases.CalendarPageTest@68e5eea7]" started-at="2023-10-09T14:41:32 IST" name="tearDown" finished-at="2023-10-09T14:41:32 IST" duration-ms="265" status="PASS">
          <reporter-output>
          </reporter-output>
        </test-method> <!-- tearDown -->
        <test-method is-config="true" signature="setUp()[pri:0, instance:com.crm.qa.cogmento.testcases.CalendarPageTest@68e5eea7]" started-at="2023-10-09T14:41:32 IST" name="setUp" finished-at="2023-10-09T14:41:38 IST" duration-ms="5944" status="PASS">
          <reporter-output>
          </reporter-output>
        </test-method> <!-- setUp -->
        <test-method signature="tc_cogmento_calendarpage_008()[pri:0, instance:com.crm.qa.cogmento.testcases.CalendarPageTest@68e5eea7]" started-at="2023-10-09T14:41:38 IST" name="tc_cogmento_calendarpage_008" description="Verify and Click on Edit feature in Calendar and edit form and save calendar" finished-at="2023-10-09T14:42:01 IST" duration-ms="22352" status="FAIL">
          <exception class="org.openqa.selenium.NoSuchElementException">
            <message>
              <![CDATA[no such element: Unable to locate element: {"method":"xpath","selector":"//div[@class='rbc-event']//div[contains(text(),'MostView')]"}
  (Session info: chrome=117.0.5938.149)
For documentation on this error, please visit: https://www.selenium.dev/documentation/webdriver/troubleshooting/errors#no-such-element-exception
Build info: version: '4.11.0', revision: '040bc5406b'
System info: os.name: 'Windows 11', os.arch: 'amd64', os.version: '10.0', java.version: '20.0.2'
Driver info: org.openqa.selenium.chrome.ChromeDriver
Command: [77965f8c26ab35260ae983b0042c2531, findElement {using=xpath, value=//div[@class='rbc-event']//div[contains(text(),'MostView')]}]
Capabilities {acceptInsecureCerts: false, browserName: chrome, browserVersion: 117.0.5938.149, chrome: {chromedriverVersion: 117.0.5938.149 (e3344ddefa1..., userDataDir: C:\Users\HP\AppData\Local\T...}, fedcm:accounts: true, goog:chromeOptions: {debuggerAddress: localhost:50610}, networkConnectionEnabled: false, pageLoadStrategy: normal, platformName: windows, proxy: Proxy(), se:cdp: ws://localhost:50610/devtoo..., se:cdpVersion: 117.0.5938.149, setWindowRect: true, strictFileInteractability: false, timeouts: {implicit: 0, pageLoad: 300000, script: 30000}, unhandledPromptBehavior: dismiss and notify, webauthn:extension:credBlob: true, webauthn:extension:largeBlob: true, webauthn:extension:minPinLength: true, webauthn:extension:prf: true, webauthn:virtualAuthenticators: true}
Session ID: 77965f8c26ab35260ae983b0042c2531]]>
            </message>
            <full-stacktrace>
              <![CDATA[org.openqa.selenium.NoSuchElementException: no such element: Unable to locate element: {"method":"xpath","selector":"//div[@class='rbc-event']//div[contains(text(),'MostView')]"}
  (Session info: chrome=117.0.5938.149)
For documentation on this error, please visit: https://www.selenium.dev/documentation/webdriver/troubleshooting/errors#no-such-element-exception
Build info: version: '4.11.0', revision: '040bc5406b'
System info: os.name: 'Windows 11', os.arch: 'amd64', os.version: '10.0', java.version: '20.0.2'
Driver info: org.openqa.selenium.chrome.ChromeDriver
Command: [77965f8c26ab35260ae983b0042c2531, findElement {using=xpath, value=//div[@class='rbc-event']//div[contains(text(),'MostView')]}]
Capabilities {acceptInsecureCerts: false, browserName: chrome, browserVersion: 117.0.5938.149, chrome: {chromedriverVersion: 117.0.5938.149 (e3344ddefa1..., userDataDir: C:\Users\HP\AppData\Local\T...}, fedcm:accounts: true, goog:chromeOptions: {debuggerAddress: localhost:50610}, networkConnectionEnabled: false, pageLoadStrategy: normal, platformName: windows, proxy: Proxy(), se:cdp: ws://localhost:50610/devtoo..., se:cdpVersion: 117.0.5938.149, setWindowRect: true, strictFileInteractability: false, timeouts: {implicit: 0, pageLoad: 300000, script: 30000}, unhandledPromptBehavior: dismiss and notify, webauthn:extension:credBlob: true, webauthn:extension:largeBlob: true, webauthn:extension:minPinLength: true, webauthn:extension:prf: true, webauthn:virtualAuthenticators: true}
Session ID: 77965f8c26ab35260ae983b0042c2531
at java.base/jdk.internal.reflect.DirectConstructorHandleAccessor.newInstance(DirectConstructorHandleAccessor.java:67)
at java.base/java.lang.reflect.Constructor.newInstanceWithCaller(Constructor.java:500)
at java.base/java.lang.reflect.Constructor.newInstance(Constructor.java:484)
at org.openqa.selenium.remote.codec.w3c.W3CHttpResponseCodec.createException(W3CHttpResponseCodec.java:200)
at org.openqa.selenium.remote.codec.w3c.W3CHttpResponseCodec.decode(W3CHttpResponseCodec.java:133)
at org.openqa.selenium.remote.codec.w3c.W3CHttpResponseCodec.decode(W3CHttpResponseCodec.java:52)
at org.openqa.selenium.remote.HttpCommandExecutor.execute(HttpCommandExecutor.java:191)
at org.openqa.selenium.remote.service.DriverCommandExecutor.invokeExecute(DriverCommandExecutor.java:196)
at org.openqa.selenium.remote.service.DriverCommandExecutor.execute(DriverCommandExecutor.java:171)
at org.openqa.selenium.remote.RemoteWebDriver.execute(RemoteWebDriver.java:518)
at org.openqa.selenium.remote.ElementLocation$ElementFinder$2.findElement(ElementLocation.java:165)
at org.openqa.selenium.remote.ElementLocation.findElement(ElementLocation.java:59)
at org.openqa.selenium.remote.RemoteWebDriver.findElement(RemoteWebDriver.java:355)
at org.openqa.selenium.remote.RemoteWebDriver.findElement(RemoteWebDriver.java:349)
at org.openqa.selenium.support.pagefactory.DefaultElementLocator.findElement(DefaultElementLocator.java:68)
at org.openqa.selenium.support.pagefactory.internal.LocatingElementHandler.invoke(LocatingElementHandler.java:38)
at jdk.proxy2/jdk.proxy2.$Proxy32.isDisplayed(Unknown Source)
at com.crm.qa.cogmento.testcases.CalendarPageTest.tc_cogmento_calendarpage_008(CalendarPageTest.java:76)
at java.base/jdk.internal.reflect.DirectMethodHandleAccessor.invoke(DirectMethodHandleAccessor.java:104)
at java.base/java.lang.reflect.Method.invoke(Method.java:578)
at org.testng.internal.invokers.MethodInvocationHelper.invokeMethod(MethodInvocationHelper.java:139)
at org.testng.internal.invokers.TestInvoker.invokeMethod(TestInvoker.java:664)
at org.testng.internal.invokers.TestInvoker.invokeTestMethod(TestInvoker.java:227)
at org.testng.internal.invokers.MethodRunner.runInSequence(MethodRunner.java:50)
at org.testng.internal.invokers.TestInvoker$MethodInvocationAgent.invoke(TestInvoker.java:957)
at org.testng.internal.invokers.TestInvoker.invokeTestMethods(TestInvoker.java:200)
at org.testng.internal.invokers.TestMethodWorker.invokeTestMethods(TestMethodWorker.java:148)
at org.testng.internal.invokers.TestMethodWorker.run(TestMethodWorker.java:128)
at java.base/java.util.ArrayList.forEach(ArrayList.java:1511)
at org.testng.TestRunner.privateRun(TestRunner.java:848)
at org.testng.TestRunner.run(TestRunner.java:621)
at org.testng.SuiteRunner.runTest(SuiteRunner.java:443)
at org.testng.SuiteRunner.runSequentially(SuiteRunner.java:437)
at org.testng.SuiteRunner.privateRun(SuiteRunner.java:397)
at org.testng.SuiteRunner.run(SuiteRunner.java:336)
at org.testng.SuiteRunnerWorker.runSuite(SuiteRunnerWorker.java:52)
at org.testng.SuiteRunnerWorker.run(SuiteRunnerWorker.java:95)
at org.testng.TestNG.runSuitesSequentially(TestNG.java:1280)
at org.testng.TestNG.runSuitesLocally(TestNG.java:1200)
at org.testng.TestNG.runSuites(TestNG.java:1114)
at org.testng.TestNG.run(TestNG.java:1082)
at org.testng.remote.AbstractRemoteTestNG.run(AbstractRemoteTestNG.java:115)
at org.testng.remote.RemoteTestNG.initAndRun(RemoteTestNG.java:251)
at org.testng.remote.RemoteTestNG.main(RemoteTestNG.java:77)
]]>
            </full-stacktrace>
          </exception> <!-- org.openqa.selenium.NoSuchElementException -->
          <reporter-output>
          </reporter-output>
        </test-method> <!-- tc_cogmento_calendarpage_008 -->
        <test-method is-config="true" signature="tearDown()[pri:0, instance:com.crm.qa.cogmento.testcases.CalendarPageTest@68e5eea7]" started-at="2023-10-09T14:42:01 IST" name="tearDown" finished-at="2023-10-09T14:42:01 IST" duration-ms="296" status="PASS">
          <reporter-output>
          </reporter-output>
        </test-method> <!-- tearDown -->
        <test-method is-config="true" signature="setUp()[pri:0, instance:com.crm.qa.cogmento.testcases.CalendarPageTest@68e5eea7]" started-at="2023-10-09T14:42:01 IST" name="setUp" finished-at="2023-10-09T14:42:08 IST" duration-ms="6783" status="PASS">
          <reporter-output>
          </reporter-output>
        </test-method> <!-- setUp -->
        <test-method signature="tc_cogmento_calendarpage_009()[pri:0, instance:com.crm.qa.cogmento.testcases.CalendarPageTest@68e5eea7]" started-at="2023-10-09T14:42:08 IST" name="tc_cogmento_calendarpage_009" description="Verify Created calendar schedule is Clickable and created schedule is had Edit , Delete, Show Pending Alerts and Audit Buttons are Enbled" finished-at="2023-10-09T14:42:25 IST" duration-ms="16878" status="FAIL">
          <exception class="java.lang.AssertionError">
            <message>
              <![CDATA[lists don't have the same size expected [0] but found [9]]]>
            </message>
            <full-stacktrace>
              <![CDATA[java.lang.AssertionError: lists don't have the same size expected [0] but found [9]
at org.testng.Assert.fail(Assert.java:111)
at org.testng.Assert.failNotEquals(Assert.java:1578)
at org.testng.Assert.assertEqualsImpl(Assert.java:150)
at org.testng.Assert.assertEquals(Assert.java:132)
at org.testng.Assert.assertEquals(Assert.java:1419)
at org.testng.Assert.assertEquals(Assert.java:1383)
at org.testng.Assert.assertEquals(Assert.java:1630)
at org.testng.Assert.assertEquals(Assert.java:1606)
at com.crm.qa.cogmento.testcases.CalendarPageTest.tc_cogmento_calendarpage_009(CalendarPageTest.java:116)
at java.base/jdk.internal.reflect.DirectMethodHandleAccessor.invoke(DirectMethodHandleAccessor.java:104)
at java.base/java.lang.reflect.Method.invoke(Method.java:578)
at org.testng.internal.invokers.MethodInvocationHelper.invokeMethod(MethodInvocationHelper.java:139)
at org.testng.internal.invokers.TestInvoker.invokeMethod(TestInvoker.java:664)
at org.testng.internal.invokers.TestInvoker.invokeTestMethod(TestInvoker.java:227)
at org.testng.internal.invokers.MethodRunner.runInSequence(MethodRunner.java:50)
at org.testng.internal.invokers.TestInvoker$MethodInvocationAgent.invoke(TestInvoker.java:957)
at org.testng.internal.invokers.TestInvoker.invokeTestMethods(TestInvoker.java:200)
at org.testng.internal.invokers.TestMethodWorker.invokeTestMethods(TestMethodWorker.java:148)
at org.testng.internal.invokers.TestMethodWorker.run(TestMethodWorker.java:128)
at java.base/java.util.ArrayList.forEach(ArrayList.java:1511)
at org.testng.TestRunner.privateRun(TestRunner.java:848)
at org.testng.TestRunner.run(TestRunner.java:621)
at org.testng.SuiteRunner.runTest(SuiteRunner.java:443)
at org.testng.SuiteRunner.runSequentially(SuiteRunner.java:437)
at org.testng.SuiteRunner.privateRun(SuiteRunner.java:397)
at org.testng.SuiteRunner.run(SuiteRunner.java:336)
at org.testng.SuiteRunnerWorker.runSuite(SuiteRunnerWorker.java:52)
at org.testng.SuiteRunnerWorker.run(SuiteRunnerWorker.java:95)
at org.testng.TestNG.runSuitesSequentially(TestNG.java:1280)
at org.testng.TestNG.runSuitesLocally(TestNG.java:1200)
at org.testng.TestNG.runSuites(TestNG.java:1114)
at org.testng.TestNG.run(TestNG.java:1082)
at org.testng.remote.AbstractRemoteTestNG.run(AbstractRemoteTestNG.java:115)
at org.testng.remote.RemoteTestNG.initAndRun(RemoteTestNG.java:251)
at org.testng.remote.RemoteTestNG.main(RemoteTestNG.java:77)
]]>
            </full-stacktrace>
          </exception> <!-- java.lang.AssertionError -->
          <reporter-output>
          </reporter-output>
        </test-method> <!-- tc_cogmento_calendarpage_009 -->
        <test-method is-config="true" signature="tearDown()[pri:0, instance:com.crm.qa.cogmento.testcases.CalendarPageTest@68e5eea7]" started-at="2023-10-09T14:42:25 IST" name="tearDown" finished-at="2023-10-09T14:42:25 IST" duration-ms="235" status="PASS">
          <reporter-output>
          </reporter-output>
        </test-method> <!-- tearDown -->
      </class> <!-- com.crm.qa.cogmento.testcases.CalendarPageTest -->
      <class name="com.crm.qa.cogmento.testcases.DealPageTest">
        <test-method is-config="true" signature="setUp()[pri:0, instance:com.crm.qa.cogmento.testcases.DealPageTest@2d2ffcb7]" started-at="2023-10-09T14:44:47 IST" name="setUp" finished-at="2023-10-09T14:44:53 IST" duration-ms="5081" status="PASS">
          <reporter-output>
          </reporter-output>
        </test-method> <!-- setUp -->
        <test-method signature="tc_cogmento_dealspage_031()[pri:0, instance:com.crm.qa.cogmento.testcases.DealPageTest@2d2ffcb7]" started-at="2023-10-09T14:44:53 IST" name="tc_cogmento_dealspage_031" description="Verify deals page is displayed and Enabled should be clickable when concure is moved to Menu tab" finished-at="2023-10-09T14:44:55 IST" duration-ms="1994" status="PASS">
          <reporter-output>
          </reporter-output>
        </test-method> <!-- tc_cogmento_dealspage_031 -->
        <test-method is-config="true" signature="tearDown()[pri:0, instance:com.crm.qa.cogmento.testcases.DealPageTest@2d2ffcb7]" started-at="2023-10-09T14:44:55 IST" name="tearDown" finished-at="2023-10-09T14:44:55 IST" duration-ms="249" status="PASS">
          <reporter-output>
          </reporter-output>
        </test-method> <!-- tearDown -->
        <test-method is-config="true" signature="setUp()[pri:0, instance:com.crm.qa.cogmento.testcases.DealPageTest@2d2ffcb7]" started-at="2023-10-09T14:44:55 IST" name="setUp" finished-at="2023-10-09T14:45:00 IST" duration-ms="5095" status="PASS">
          <reporter-output>
          </reporter-output>
        </test-method> <!-- setUp -->
        <test-method signature="tc_cogmento_dealspage_032()[pri:0, instance:com.crm.qa.cogmento.testcases.DealPageTest@2d2ffcb7]" started-at="2023-10-09T14:45:00 IST" name="tc_cogmento_dealspage_032" description="Verify deals page has navigated verify Headers contains Pipeline, Dropdown, Board, Manage Targets, Showfilters, Export, Create this all Headers should be enabled and displayed" finished-at="2023-10-09T14:45:02 IST" duration-ms="2403" status="PASS">
          <reporter-output>
          </reporter-output>
        </test-method> <!-- tc_cogmento_dealspage_032 -->
        <test-method is-config="true" signature="tearDown()[pri:0, instance:com.crm.qa.cogmento.testcases.DealPageTest@2d2ffcb7]" started-at="2023-10-09T14:45:02 IST" name="tearDown" finished-at="2023-10-09T14:45:03 IST" duration-ms="254" status="PASS">
          <reporter-output>
          </reporter-output>
        </test-method> <!-- tearDown -->
        <test-method is-config="true" signature="setUp()[pri:0, instance:com.crm.qa.cogmento.testcases.DealPageTest@2d2ffcb7]" started-at="2023-10-09T14:45:03 IST" name="setUp" finished-at="2023-10-09T14:45:08 IST" duration-ms="5300" status="PASS">
          <reporter-output>
          </reporter-output>
        </test-method> <!-- setUp -->
        <test-method signature="tc_cogmento_dealspage_033()[pri:0, instance:com.crm.qa.cogmento.testcases.DealPageTest@2d2ffcb7]" started-at="2023-10-09T14:45:08 IST" name="tc_cogmento_dealspage_033" description="Verify deals page has navigated verify Headers contains Pipeline, Dropdown, Board, Manage Targets,showfilter, Export, Create this all Headers should enabled and displayed" finished-at="2023-10-09T14:45:10 IST" duration-ms="2683" status="PASS">
          <reporter-output>
          </reporter-output>
        </test-method> <!-- tc_cogmento_dealspage_033 -->
        <test-method is-config="true" signature="tearDown()[pri:0, instance:com.crm.qa.cogmento.testcases.DealPageTest@2d2ffcb7]" started-at="2023-10-09T14:45:10 IST" name="tearDown" finished-at="2023-10-09T14:45:11 IST" duration-ms="222" status="PASS">
          <reporter-output>
          </reporter-output>
        </test-method> <!-- tearDown -->
        <test-method is-config="true" signature="setUp()[pri:0, instance:com.crm.qa.cogmento.testcases.DealPageTest@2d2ffcb7]" started-at="2023-10-09T14:45:11 IST" name="setUp" finished-at="2023-10-09T14:45:17 IST" duration-ms="5792" status="PASS">
          <reporter-output>
          </reporter-output>
        </test-method> <!-- setUp -->
        <test-method signature="tc_cogmento_dealspage_034()[pri:0, instance:com.crm.qa.cogmento.testcases.DealPageTest@2d2ffcb7]" started-at="2023-10-09T14:45:17 IST" name="tc_cogmento_dealspage_034" description="Verify deals page had table and verify table headers and verify number of columns available, data in rows of table" finished-at="2023-10-09T14:45:41 IST" duration-ms="24025" status="FAIL">
          <exception class="org.openqa.selenium.StaleElementReferenceException">
            <message>
              <![CDATA[stale element reference: stale element not found
  (Session info: chrome=117.0.5938.149)
For documentation on this error, please visit: https://www.selenium.dev/documentation/webdriver/troubleshooting/errors#stale-element-reference-exception
Build info: version: '4.11.0', revision: '040bc5406b'
System info: os.name: 'Windows 11', os.arch: 'amd64', os.version: '10.0', java.version: '20.0.2'
Driver info: org.openqa.selenium.chrome.ChromeDriver
Command: [d74d4a0fd3a665dd67608016e058c11a, getElementAttribute {id=1AE835E21A509BA0F96CAE5C1A382D15_element_92, name=innerText}]
Capabilities {acceptInsecureCerts: false, browserName: chrome, browserVersion: 117.0.5938.149, chrome: {chromedriverVersion: 117.0.5938.149 (e3344ddefa1..., userDataDir: C:\Users\HP\AppData\Local\T...}, fedcm:accounts: true, goog:chromeOptions: {debuggerAddress: localhost:51264}, networkConnectionEnabled: false, pageLoadStrategy: normal, platformName: windows, proxy: Proxy(), se:cdp: ws://localhost:51264/devtoo..., se:cdpVersion: 117.0.5938.149, setWindowRect: true, strictFileInteractability: false, timeouts: {implicit: 0, pageLoad: 300000, script: 30000}, unhandledPromptBehavior: dismiss and notify, webauthn:extension:credBlob: true, webauthn:extension:largeBlob: true, webauthn:extension:minPinLength: true, webauthn:extension:prf: true, webauthn:virtualAuthenticators: true}
Element: [[ChromeDriver: chrome on windows (d74d4a0fd3a665dd67608016e058c11a)] -> xpath: //button[contains(@class,'linkedin button') and normalize-space()='Show Filters']]
Session ID: d74d4a0fd3a665dd67608016e058c11a]]>
            </message>
            <full-stacktrace>
              <![CDATA[org.openqa.selenium.StaleElementReferenceException: stale element reference: stale element not found
  (Session info: chrome=117.0.5938.149)
For documentation on this error, please visit: https://www.selenium.dev/documentation/webdriver/troubleshooting/errors#stale-element-reference-exception
Build info: version: '4.11.0', revision: '040bc5406b'
System info: os.name: 'Windows 11', os.arch: 'amd64', os.version: '10.0', java.version: '20.0.2'
Driver info: org.openqa.selenium.chrome.ChromeDriver
Command: [d74d4a0fd3a665dd67608016e058c11a, getElementAttribute {id=1AE835E21A509BA0F96CAE5C1A382D15_element_92, name=innerText}]
Capabilities {acceptInsecureCerts: false, browserName: chrome, browserVersion: 117.0.5938.149, chrome: {chromedriverVersion: 117.0.5938.149 (e3344ddefa1..., userDataDir: C:\Users\HP\AppData\Local\T...}, fedcm:accounts: true, goog:chromeOptions: {debuggerAddress: localhost:51264}, networkConnectionEnabled: false, pageLoadStrategy: normal, platformName: windows, proxy: Proxy(), se:cdp: ws://localhost:51264/devtoo..., se:cdpVersion: 117.0.5938.149, setWindowRect: true, strictFileInteractability: false, timeouts: {implicit: 0, pageLoad: 300000, script: 30000}, unhandledPromptBehavior: dismiss and notify, webauthn:extension:credBlob: true, webauthn:extension:largeBlob: true, webauthn:extension:minPinLength: true, webauthn:extension:prf: true, webauthn:virtualAuthenticators: true}
Element: [[ChromeDriver: chrome on windows (d74d4a0fd3a665dd67608016e058c11a)] -> xpath: //button[contains(@class,'linkedin button') and normalize-space()='Show Filters']]
Session ID: d74d4a0fd3a665dd67608016e058c11a
at java.base/jdk.internal.reflect.DirectConstructorHandleAccessor.newInstance(DirectConstructorHandleAccessor.java:67)
at java.base/java.lang.reflect.Constructor.newInstanceWithCaller(Constructor.java:500)
at java.base/java.lang.reflect.Constructor.newInstance(Constructor.java:484)
at org.openqa.selenium.remote.codec.w3c.W3CHttpResponseCodec.createException(W3CHttpResponseCodec.java:200)
at org.openqa.selenium.remote.codec.w3c.W3CHttpResponseCodec.decode(W3CHttpResponseCodec.java:133)
at org.openqa.selenium.remote.codec.w3c.W3CHttpResponseCodec.decode(W3CHttpResponseCodec.java:52)
at org.openqa.selenium.remote.HttpCommandExecutor.execute(HttpCommandExecutor.java:191)
at org.openqa.selenium.remote.service.DriverCommandExecutor.invokeExecute(DriverCommandExecutor.java:196)
at org.openqa.selenium.remote.service.DriverCommandExecutor.execute(DriverCommandExecutor.java:171)
at org.openqa.selenium.remote.RemoteWebDriver.execute(RemoteWebDriver.java:518)
at org.openqa.selenium.remote.RemoteWebElement.execute(RemoteWebElement.java:224)
at org.openqa.selenium.remote.RemoteWebElement.getAttribute(RemoteWebElement.java:150)
at com.crm.dev.utility.TableOperator.applyFiltersToColumns(TableOperator.java:168)
at com.crm.qa.cogmento.testcases.DealPageTest.tc_cogmento_dealspage_034(DealPageTest.java:89)
at java.base/jdk.internal.reflect.DirectMethodHandleAccessor.invoke(DirectMethodHandleAccessor.java:104)
at java.base/java.lang.reflect.Method.invoke(Method.java:578)
at org.testng.internal.invokers.MethodInvocationHelper.invokeMethod(MethodInvocationHelper.java:139)
at org.testng.internal.invokers.TestInvoker.invokeMethod(TestInvoker.java:664)
at org.testng.internal.invokers.TestInvoker.invokeTestMethod(TestInvoker.java:227)
at org.testng.internal.invokers.MethodRunner.runInSequence(MethodRunner.java:50)
at org.testng.internal.invokers.TestInvoker$MethodInvocationAgent.invoke(TestInvoker.java:957)
at org.testng.internal.invokers.TestInvoker.invokeTestMethods(TestInvoker.java:200)
at org.testng.internal.invokers.TestMethodWorker.invokeTestMethods(TestMethodWorker.java:148)
at org.testng.internal.invokers.TestMethodWorker.run(TestMethodWorker.java:128)
at java.base/java.util.ArrayList.forEach(ArrayList.java:1511)
at org.testng.TestRunner.privateRun(TestRunner.java:848)
at org.testng.TestRunner.run(TestRunner.java:621)
at org.testng.SuiteRunner.runTest(SuiteRunner.java:443)
at org.testng.SuiteRunner.runSequentially(SuiteRunner.java:437)
at org.testng.SuiteRunner.privateRun(SuiteRunner.java:397)
at org.testng.SuiteRunner.run(SuiteRunner.java:336)
at org.testng.SuiteRunnerWorker.runSuite(SuiteRunnerWorker.java:52)
at org.testng.SuiteRunnerWorker.run(SuiteRunnerWorker.java:95)
at org.testng.TestNG.runSuitesSequentially(TestNG.java:1280)
at org.testng.TestNG.runSuitesLocally(TestNG.java:1200)
at org.testng.TestNG.runSuites(TestNG.java:1114)
at org.testng.TestNG.run(TestNG.java:1082)
at org.testng.remote.AbstractRemoteTestNG.run(AbstractRemoteTestNG.java:115)
at org.testng.remote.RemoteTestNG.initAndRun(RemoteTestNG.java:251)
at org.testng.remote.RemoteTestNG.main(RemoteTestNG.java:77)
]]>
            </full-stacktrace>
          </exception> <!-- org.openqa.selenium.StaleElementReferenceException -->
          <reporter-output>
          </reporter-output>
        </test-method> <!-- tc_cogmento_dealspage_034 -->
        <test-method is-config="true" signature="tearDown()[pri:0, instance:com.crm.qa.cogmento.testcases.DealPageTest@2d2ffcb7]" started-at="2023-10-09T14:45:41 IST" name="tearDown" finished-at="2023-10-09T14:45:41 IST" duration-ms="329" status="PASS">
          <reporter-output>
          </reporter-output>
        </test-method> <!-- tearDown -->
        <test-method is-config="true" signature="setUp()[pri:0, instance:com.crm.qa.cogmento.testcases.DealPageTest@2d2ffcb7]" started-at="2023-10-09T14:45:41 IST" name="setUp" finished-at="2023-10-09T14:45:46 IST" duration-ms="5000" status="PASS">
          <reporter-output>
          </reporter-output>
        </test-method> <!-- setUp -->
        <test-method signature="tc_cogmento_dealspage_035()[pri:0, instance:com.crm.qa.cogmento.testcases.DealPageTest@2d2ffcb7]" started-at="2023-10-09T14:45:46 IST" name="tc_cogmento_dealspage_035" description="Verify deals page has navigated once deals feature Is clicked Validate deal page Title should be Deals" finished-at="2023-10-09T14:45:48 IST" duration-ms="2378" status="FAIL">
          <exception class="java.lang.AssertionError">
            <message>
              <![CDATA[expected [Deals] but found [null]]]>
            </message>
            <full-stacktrace>
              <![CDATA[java.lang.AssertionError: expected [Deals] but found [null]
at org.testng.Assert.fail(Assert.java:111)
at org.testng.Assert.failNotEquals(Assert.java:1578)
at org.testng.Assert.assertEqualsImpl(Assert.java:150)
at org.testng.Assert.assertEquals(Assert.java:132)
at org.testng.Assert.assertEquals(Assert.java:656)
at org.testng.Assert.assertEquals(Assert.java:666)
at com.crm.qa.cogmento.testcases.DealPageTest.tc_cogmento_dealspage_035(DealPageTest.java:266)
at java.base/jdk.internal.reflect.DirectMethodHandleAccessor.invoke(DirectMethodHandleAccessor.java:104)
at java.base/java.lang.reflect.Method.invoke(Method.java:578)
at org.testng.internal.invokers.MethodInvocationHelper.invokeMethod(MethodInvocationHelper.java:139)
at org.testng.internal.invokers.TestInvoker.invokeMethod(TestInvoker.java:664)
at org.testng.internal.invokers.TestInvoker.invokeTestMethod(TestInvoker.java:227)
at org.testng.internal.invokers.MethodRunner.runInSequence(MethodRunner.java:50)
at org.testng.internal.invokers.TestInvoker$MethodInvocationAgent.invoke(TestInvoker.java:957)
at org.testng.internal.invokers.TestInvoker.invokeTestMethods(TestInvoker.java:200)
at org.testng.internal.invokers.TestMethodWorker.invokeTestMethods(TestMethodWorker.java:148)
at org.testng.internal.invokers.TestMethodWorker.run(TestMethodWorker.java:128)
at java.base/java.util.ArrayList.forEach(ArrayList.java:1511)
at org.testng.TestRunner.privateRun(TestRunner.java:848)
at org.testng.TestRunner.run(TestRunner.java:621)
at org.testng.SuiteRunner.runTest(SuiteRunner.java:443)
at org.testng.SuiteRunner.runSequentially(SuiteRunner.java:437)
at org.testng.SuiteRunner.privateRun(SuiteRunner.java:397)
at org.testng.SuiteRunner.run(SuiteRunner.java:336)
at org.testng.SuiteRunnerWorker.runSuite(SuiteRunnerWorker.java:52)
at org.testng.SuiteRunnerWorker.run(SuiteRunnerWorker.java:95)
at org.testng.TestNG.runSuitesSequentially(TestNG.java:1280)
at org.testng.TestNG.runSuitesLocally(TestNG.java:1200)
at org.testng.TestNG.runSuites(TestNG.java:1114)
at org.testng.TestNG.run(TestNG.java:1082)
at org.testng.remote.AbstractRemoteTestNG.run(AbstractRemoteTestNG.java:115)
at org.testng.remote.RemoteTestNG.initAndRun(RemoteTestNG.java:251)
at org.testng.remote.RemoteTestNG.main(RemoteTestNG.java:77)
]]>
            </full-stacktrace>
          </exception> <!-- java.lang.AssertionError -->
          <reporter-output>
          </reporter-output>
        </test-method> <!-- tc_cogmento_dealspage_035 -->
        <test-method is-config="true" signature="tearDown()[pri:0, instance:com.crm.qa.cogmento.testcases.DealPageTest@2d2ffcb7]" started-at="2023-10-09T14:45:48 IST" name="tearDown" finished-at="2023-10-09T14:45:48 IST" duration-ms="250" status="PASS">
          <reporter-output>
          </reporter-output>
        </test-method> <!-- tearDown -->
        <test-method is-config="true" signature="setUp()[pri:0, instance:com.crm.qa.cogmento.testcases.DealPageTest@2d2ffcb7]" started-at="2023-10-09T14:45:48 IST" name="setUp" finished-at="2023-10-09T14:45:54 IST" duration-ms="5095" status="PASS">
          <reporter-output>
          </reporter-output>
        </test-method> <!-- setUp -->
        <test-method signature="tc_cogmento_dealspage_036()[pri:0, instance:com.crm.qa.cogmento.testcases.DealPageTest@2d2ffcb7]" started-at="2023-10-09T14:45:54 IST" name="tc_cogmento_dealspage_036" description="Verify deals page contains dropdown button click on it, it should contain default view in the dropdown" finished-at="2023-10-09T14:45:57 IST" duration-ms="3365" status="PASS">
          <reporter-output>
          </reporter-output>
        </test-method> <!-- tc_cogmento_dealspage_036 -->
        <test-method is-config="true" signature="tearDown()[pri:0, instance:com.crm.qa.cogmento.testcases.DealPageTest@2d2ffcb7]" started-at="2023-10-09T14:45:57 IST" name="tearDown" finished-at="2023-10-09T14:45:57 IST" duration-ms="355" status="PASS">
          <reporter-output>
          </reporter-output>
        </test-method> <!-- tearDown -->
        <test-method is-config="true" signature="setUp()[pri:0, instance:com.crm.qa.cogmento.testcases.DealPageTest@2d2ffcb7]" started-at="2023-10-09T14:45:57 IST" name="setUp" finished-at="2023-10-09T14:46:03 IST" duration-ms="5927" status="PASS">
          <reporter-output>
          </reporter-output>
        </test-method> <!-- setUp -->
        <test-method signature="tc_cogmento_dealspage_037and35()[pri:0, instance:com.crm.qa.cogmento.testcases.DealPageTest@2d2ffcb7]" started-at="2023-10-09T14:46:03 IST" name="tc_cogmento_dealspage_037and35" description="Verify and Validate Showfilters Feature in the deals page" finished-at="2023-10-09T14:46:06 IST" duration-ms="2774" status="PASS">
          <reporter-output>
          </reporter-output>
        </test-method> <!-- tc_cogmento_dealspage_037and35 -->
        <test-method is-config="true" signature="tearDown()[pri:0, instance:com.crm.qa.cogmento.testcases.DealPageTest@2d2ffcb7]" started-at="2023-10-09T14:46:06 IST" name="tearDown" finished-at="2023-10-09T14:46:06 IST" duration-ms="367" status="PASS">
          <reporter-output>
          </reporter-output>
        </test-method> <!-- tearDown -->
        <test-method is-config="true" signature="setUp()[pri:0, instance:com.crm.qa.cogmento.testcases.DealPageTest@2d2ffcb7]" started-at="2023-10-09T14:46:06 IST" name="setUp" finished-at="2023-10-09T14:46:12 IST" duration-ms="5463" status="PASS">
          <reporter-output>
          </reporter-output>
        </test-method> <!-- setUp -->
        <test-method signature="tc_cogmento_dealspage_038()[pri:0, instance:com.crm.qa.cogmento.testcases.DealPageTest@2d2ffcb7]" started-at="2023-10-09T14:46:12 IST" name="tc_cogmento_dealspage_038" description="Verify and Validate Create feature in the deals page and how many ways to create deals feature" finished-at="2023-10-09T14:46:15 IST" duration-ms="3047" status="PASS">
          <reporter-output>
          </reporter-output>
        </test-method> <!-- tc_cogmento_dealspage_038 -->
        <test-method is-config="true" signature="tearDown()[pri:0, instance:com.crm.qa.cogmento.testcases.DealPageTest@2d2ffcb7]" started-at="2023-10-09T14:46:15 IST" name="tearDown" finished-at="2023-10-09T14:46:15 IST" duration-ms="222" status="PASS">
          <reporter-output>
          </reporter-output>
        </test-method> <!-- tearDown -->
        <test-method is-config="true" signature="setUp()[pri:0, instance:com.crm.qa.cogmento.testcases.DealPageTest@2d2ffcb7]" started-at="2023-10-09T14:46:15 IST" name="setUp" finished-at="2023-10-09T14:46:20 IST" duration-ms="5117" status="PASS">
          <reporter-output>
          </reporter-output>
        </test-method> <!-- setUp -->
        <test-method signature="tc_cogmento_dealspage_039()[pri:0, instance:com.crm.qa.cogmento.testcases.DealPageTest@2d2ffcb7]" started-at="2023-10-09T14:46:20 IST" name="tc_cogmento_dealspage_039" description="Verify and Validate Create New deal form page fill the form without some mandatory field" finished-at="2023-10-09T14:46:43 IST" duration-ms="22708" status="PASS">
          <reporter-output>
          </reporter-output>
        </test-method> <!-- tc_cogmento_dealspage_039 -->
        <test-method is-config="true" signature="tearDown()[pri:0, instance:com.crm.qa.cogmento.testcases.DealPageTest@2d2ffcb7]" started-at="2023-10-09T14:46:43 IST" name="tearDown" finished-at="2023-10-09T14:46:43 IST" duration-ms="225" status="PASS">
          <reporter-output>
          </reporter-output>
        </test-method> <!-- tearDown -->
        <test-method is-config="true" signature="setUp()[pri:0, instance:com.crm.qa.cogmento.testcases.DealPageTest@2d2ffcb7]" started-at="2023-10-09T14:46:43 IST" name="setUp" finished-at="2023-10-09T14:46:48 IST" duration-ms="5188" status="PASS">
          <reporter-output>
          </reporter-output>
        </test-method> <!-- setUp -->
        <test-method signature="tc_cogmento_dealspage_041()[pri:0, instance:com.crm.qa.cogmento.testcases.DealPageTest@2d2ffcb7]" started-at="2023-10-09T14:46:48 IST" name="tc_cogmento_dealspage_041" description="Verify and Validate Export Feature in the deals page" finished-at="2023-10-09T14:46:51 IST" duration-ms="2440" status="FAIL">
          <exception class="org.openqa.selenium.NoAlertPresentException">
            <message>
              <![CDATA[no such alert
  (Session info: chrome=117.0.5938.149)
Build info: version: '4.11.0', revision: '040bc5406b'
System info: os.name: 'Windows 11', os.arch: 'amd64', os.version: '10.0', java.version: '20.0.2'
Driver info: org.openqa.selenium.chrome.ChromeDriver
Command: [f85696b4655651d0ecd1c31846852f69, getAlertText {}]
Capabilities {acceptInsecureCerts: false, browserName: chrome, browserVersion: 117.0.5938.149, chrome: {chromedriverVersion: 117.0.5938.149 (e3344ddefa1..., userDataDir: C:\Users\HP\AppData\Local\T...}, fedcm:accounts: true, goog:chromeOptions: {debuggerAddress: localhost:51553}, networkConnectionEnabled: false, pageLoadStrategy: normal, platformName: windows, proxy: Proxy(), se:cdp: ws://localhost:51553/devtoo..., se:cdpVersion: 117.0.5938.149, setWindowRect: true, strictFileInteractability: false, timeouts: {implicit: 0, pageLoad: 300000, script: 30000}, unhandledPromptBehavior: dismiss and notify, webauthn:extension:credBlob: true, webauthn:extension:largeBlob: true, webauthn:extension:minPinLength: true, webauthn:extension:prf: true, webauthn:virtualAuthenticators: true}
Session ID: f85696b4655651d0ecd1c31846852f69]]>
            </message>
            <full-stacktrace>
              <![CDATA[org.openqa.selenium.NoAlertPresentException: no such alert
  (Session info: chrome=117.0.5938.149)
Build info: version: '4.11.0', revision: '040bc5406b'
System info: os.name: 'Windows 11', os.arch: 'amd64', os.version: '10.0', java.version: '20.0.2'
Driver info: org.openqa.selenium.chrome.ChromeDriver
Command: [f85696b4655651d0ecd1c31846852f69, getAlertText {}]
Capabilities {acceptInsecureCerts: false, browserName: chrome, browserVersion: 117.0.5938.149, chrome: {chromedriverVersion: 117.0.5938.149 (e3344ddefa1..., userDataDir: C:\Users\HP\AppData\Local\T...}, fedcm:accounts: true, goog:chromeOptions: {debuggerAddress: localhost:51553}, networkConnectionEnabled: false, pageLoadStrategy: normal, platformName: windows, proxy: Proxy(), se:cdp: ws://localhost:51553/devtoo..., se:cdpVersion: 117.0.5938.149, setWindowRect: true, strictFileInteractability: false, timeouts: {implicit: 0, pageLoad: 300000, script: 30000}, unhandledPromptBehavior: dismiss and notify, webauthn:extension:credBlob: true, webauthn:extension:largeBlob: true, webauthn:extension:minPinLength: true, webauthn:extension:prf: true, webauthn:virtualAuthenticators: true}
Session ID: f85696b4655651d0ecd1c31846852f69
at java.base/jdk.internal.reflect.DirectConstructorHandleAccessor.newInstance(DirectConstructorHandleAccessor.java:67)
at java.base/java.lang.reflect.Constructor.newInstanceWithCaller(Constructor.java:500)
at java.base/java.lang.reflect.Constructor.newInstance(Constructor.java:484)
at org.openqa.selenium.remote.codec.w3c.W3CHttpResponseCodec.createException(W3CHttpResponseCodec.java:200)
at org.openqa.selenium.remote.codec.w3c.W3CHttpResponseCodec.decode(W3CHttpResponseCodec.java:133)
at org.openqa.selenium.remote.codec.w3c.W3CHttpResponseCodec.decode(W3CHttpResponseCodec.java:52)
at org.openqa.selenium.remote.HttpCommandExecutor.execute(HttpCommandExecutor.java:191)
at org.openqa.selenium.remote.service.DriverCommandExecutor.invokeExecute(DriverCommandExecutor.java:196)
at org.openqa.selenium.remote.service.DriverCommandExecutor.execute(DriverCommandExecutor.java:171)
at org.openqa.selenium.remote.RemoteWebDriver.execute(RemoteWebDriver.java:518)
at org.openqa.selenium.remote.RemoteWebDriver.execute(RemoteWebDriver.java:591)
at org.openqa.selenium.remote.RemoteWebDriver.execute(RemoteWebDriver.java:595)
at org.openqa.selenium.remote.RemoteWebDriver$RemoteTargetLocator.alert(RemoteWebDriver.java:1107)
at com.crm.qa.cogmento.testcases.DealPageTest.tc_cogmento_dealspage_041(DealPageTest.java:204)
at java.base/jdk.internal.reflect.DirectMethodHandleAccessor.invoke(DirectMethodHandleAccessor.java:104)
at java.base/java.lang.reflect.Method.invoke(Method.java:578)
at org.testng.internal.invokers.MethodInvocationHelper.invokeMethod(MethodInvocationHelper.java:139)
at org.testng.internal.invokers.TestInvoker.invokeMethod(TestInvoker.java:664)
at org.testng.internal.invokers.TestInvoker.invokeTestMethod(TestInvoker.java:227)
at org.testng.internal.invokers.MethodRunner.runInSequence(MethodRunner.java:50)
at org.testng.internal.invokers.TestInvoker$MethodInvocationAgent.invoke(TestInvoker.java:957)
at org.testng.internal.invokers.TestInvoker.invokeTestMethods(TestInvoker.java:200)
at org.testng.internal.invokers.TestMethodWorker.invokeTestMethods(TestMethodWorker.java:148)
at org.testng.internal.invokers.TestMethodWorker.run(TestMethodWorker.java:128)
at java.base/java.util.ArrayList.forEach(ArrayList.java:1511)
at org.testng.TestRunner.privateRun(TestRunner.java:848)
at org.testng.TestRunner.run(TestRunner.java:621)
at org.testng.SuiteRunner.runTest(SuiteRunner.java:443)
at org.testng.SuiteRunner.runSequentially(SuiteRunner.java:437)
at org.testng.SuiteRunner.privateRun(SuiteRunner.java:397)
at org.testng.SuiteRunner.run(SuiteRunner.java:336)
at org.testng.SuiteRunnerWorker.runSuite(SuiteRunnerWorker.java:52)
at org.testng.SuiteRunnerWorker.run(SuiteRunnerWorker.java:95)
at org.testng.TestNG.runSuitesSequentially(TestNG.java:1280)
at org.testng.TestNG.runSuitesLocally(TestNG.java:1200)
at org.testng.TestNG.runSuites(TestNG.java:1114)
at org.testng.TestNG.run(TestNG.java:1082)
at org.testng.remote.AbstractRemoteTestNG.run(AbstractRemoteTestNG.java:115)
at org.testng.remote.RemoteTestNG.initAndRun(RemoteTestNG.java:251)
at org.testng.remote.RemoteTestNG.main(RemoteTestNG.java:77)
]]>
            </full-stacktrace>
          </exception> <!-- org.openqa.selenium.NoAlertPresentException -->
          <reporter-output>
          </reporter-output>
        </test-method> <!-- tc_cogmento_dealspage_041 -->
        <test-method is-config="true" signature="tearDown()[pri:0, instance:com.crm.qa.cogmento.testcases.DealPageTest@2d2ffcb7]" started-at="2023-10-09T14:46:51 IST" name="tearDown" finished-at="2023-10-09T14:46:51 IST" duration-ms="308" status="PASS">
          <reporter-output>
          </reporter-output>
        </test-method> <!-- tearDown -->
        <test-method is-config="true" signature="setUp()[pri:0, instance:com.crm.qa.cogmento.testcases.DealPageTest@2d2ffcb7]" started-at="2023-10-09T14:46:51 IST" name="setUp" finished-at="2023-10-09T14:46:56 IST" duration-ms="4972" status="PASS">
          <reporter-output>
          </reporter-output>
        </test-method> <!-- setUp -->
        <test-method signature="tc_cogmento_dealspage_042()[pri:0, instance:com.crm.qa.cogmento.testcases.DealPageTest@2d2ffcb7]" started-at="2023-10-09T14:46:56 IST" name="tc_cogmento_dealspage_042" description="Verify and Validate Manage Targets Feature in the deals page" finished-at="2023-10-09T14:46:59 IST" duration-ms="2533" status="PASS">
          <reporter-output>
          </reporter-output>
        </test-method> <!-- tc_cogmento_dealspage_042 -->
        <test-method is-config="true" signature="tearDown()[pri:0, instance:com.crm.qa.cogmento.testcases.DealPageTest@2d2ffcb7]" started-at="2023-10-09T14:46:59 IST" name="tearDown" finished-at="2023-10-09T14:46:59 IST" duration-ms="233" status="PASS">
          <reporter-output>
          </reporter-output>
        </test-method> <!-- tearDown -->
        <test-method is-config="true" signature="setUp()[pri:0, instance:com.crm.qa.cogmento.testcases.DealPageTest@2d2ffcb7]" started-at="2023-10-09T14:46:59 IST" name="setUp" finished-at="2023-10-09T14:47:04 IST" duration-ms="5621" status="PASS">
          <reporter-output>
          </reporter-output>
        </test-method> <!-- setUp -->
        <test-method signature="tc_cogmento_dealspage_043()[pri:0, instance:com.crm.qa.cogmento.testcases.DealPageTest@2d2ffcb7]" started-at="2023-10-09T14:47:04 IST" name="tc_cogmento_dealspage_043" description="Verify and Validate PipeLine Feature in the deals page" finished-at="2023-10-09T14:47:07 IST" duration-ms="2372" status="PASS">
          <reporter-output>
          </reporter-output>
        </test-method> <!-- tc_cogmento_dealspage_043 -->
        <test-method is-config="true" signature="tearDown()[pri:0, instance:com.crm.qa.cogmento.testcases.DealPageTest@2d2ffcb7]" started-at="2023-10-09T14:47:07 IST" name="tearDown" finished-at="2023-10-09T14:47:07 IST" duration-ms="306" status="PASS">
          <reporter-output>
          </reporter-output>
        </test-method> <!-- tearDown -->
        <test-method is-config="true" signature="setUp()[pri:0, instance:com.crm.qa.cogmento.testcases.DealPageTest@2d2ffcb7]" started-at="2023-10-09T14:47:07 IST" name="setUp" finished-at="2023-10-09T14:47:12 IST" duration-ms="5212" status="PASS">
          <reporter-output>
          </reporter-output>
        </test-method> <!-- setUp -->
        <test-method signature="tc_cogmento_dealspage_044()[pri:0, instance:com.crm.qa.cogmento.testcases.DealPageTest@2d2ffcb7]" started-at="2023-10-09T14:47:12 IST" name="tc_cogmento_dealspage_044" description="Verify and Validate Board Feature in the deals page" finished-at="2023-10-09T14:47:15 IST" duration-ms="2390" status="PASS">
          <reporter-output>
          </reporter-output>
        </test-method> <!-- tc_cogmento_dealspage_044 -->
        <test-method is-config="true" signature="tearDown()[pri:0, instance:com.crm.qa.cogmento.testcases.DealPageTest@2d2ffcb7]" started-at="2023-10-09T14:47:15 IST" name="tearDown" finished-at="2023-10-09T14:47:15 IST" duration-ms="238" status="PASS">
          <reporter-output>
          </reporter-output>
        </test-method> <!-- tearDown -->
      </class> <!-- com.crm.qa.cogmento.testcases.DealPageTest -->
      <class name="com.crm.qa.cogmento.testcases.DocumentsPageTest">
        <test-method is-config="true" signature="setUp()[pri:0, instance:com.crm.qa.cogmento.testcases.DocumentsPageTest@38e79ae3]" started-at="2023-10-09T14:38:31 IST" name="setUp" finished-at="2023-10-09T14:38:36 IST" duration-ms="5019" status="PASS">
          <reporter-output>
          </reporter-output>
        </test-method> <!-- setUp -->
        <test-method signature="tc_cogmento_documentspage_078()[pri:0, instance:com.crm.qa.cogmento.testcases.DocumentsPageTest@38e79ae3]" started-at="2023-10-09T14:38:36 IST" name="tc_cogmento_documentspage_078" description="Verify and Validate Documents feature in Menu Tab" finished-at="2023-10-09T14:38:39 IST" duration-ms="2360" status="PASS">
          <reporter-output>
          </reporter-output>
        </test-method> <!-- tc_cogmento_documentspage_078 -->
        <test-method is-config="true" signature="tearDown()[pri:0, instance:com.crm.qa.cogmento.testcases.DocumentsPageTest@38e79ae3]" started-at="2023-10-09T14:38:39 IST" name="tearDown" finished-at="2023-10-09T14:38:39 IST" duration-ms="287" status="PASS">
          <reporter-output>
          </reporter-output>
        </test-method> <!-- tearDown -->
        <test-method is-config="true" signature="setUp()[pri:0, instance:com.crm.qa.cogmento.testcases.DocumentsPageTest@38e79ae3]" started-at="2023-10-09T14:38:39 IST" name="setUp" finished-at="2023-10-09T14:38:44 IST" duration-ms="5280" status="PASS">
          <reporter-output>
          </reporter-output>
        </test-method> <!-- setUp -->
        <test-method signature="tc_cogmento_documentspage_079()[pri:0, instance:com.crm.qa.cogmento.testcases.DocumentsPageTest@38e79ae3]" started-at="2023-10-09T14:38:44 IST" name="tc_cogmento_documentspage_079" description="Verify and Validate New Folder button in Documents feature" finished-at="2023-10-09T14:38:47 IST" duration-ms="2655" status="PASS">
          <reporter-output>
          </reporter-output>
        </test-method> <!-- tc_cogmento_documentspage_079 -->
        <test-method is-config="true" signature="tearDown()[pri:0, instance:com.crm.qa.cogmento.testcases.DocumentsPageTest@38e79ae3]" started-at="2023-10-09T14:38:47 IST" name="tearDown" finished-at="2023-10-09T14:38:47 IST" duration-ms="258" status="PASS">
          <reporter-output>
          </reporter-output>
        </test-method> <!-- tearDown -->
        <test-method is-config="true" signature="setUp()[pri:0, instance:com.crm.qa.cogmento.testcases.DocumentsPageTest@38e79ae3]" started-at="2023-10-09T14:38:47 IST" name="setUp" finished-at="2023-10-09T14:38:52 IST" duration-ms="5313" status="PASS">
          <reporter-output>
          </reporter-output>
        </test-method> <!-- setUp -->
        <test-method signature="tc_cogmento_documentspage_080()[pri:0, instance:com.crm.qa.cogmento.testcases.DocumentsPageTest@38e79ae3]" started-at="2023-10-09T14:38:52 IST" name="tc_cogmento_documentspage_080" description="Verify and Validate Create button in Documents feature" finished-at="2023-10-09T14:38:55 IST" duration-ms="2571" status="PASS">
          <reporter-output>
          </reporter-output>
        </test-method> <!-- tc_cogmento_documentspage_080 -->
        <test-method is-config="true" signature="tearDown()[pri:0, instance:com.crm.qa.cogmento.testcases.DocumentsPageTest@38e79ae3]" started-at="2023-10-09T14:38:55 IST" name="tearDown" finished-at="2023-10-09T14:38:55 IST" duration-ms="281" status="PASS">
          <reporter-output>
          </reporter-output>
        </test-method> <!-- tearDown -->
      </class> <!-- com.crm.qa.cogmento.testcases.DocumentsPageTest -->
      <class name="com.crm.qa.cogmento.testcases.CompaniesPageTest">
        <test-method is-config="true" signature="setUp()[pri:0, instance:com.crm.qa.cogmento.testcases.CompaniesPageTest@424e1977]" started-at="2023-10-09T14:50:56 IST" name="setUp" finished-at="2023-10-09T14:51:01 IST" duration-ms="5090" status="PASS">
          <reporter-output>
          </reporter-output>
        </test-method> <!-- setUp -->
        <test-method signature="tc_cogmento_companiespage_021()[pri:0, instance:com.crm.qa.cogmento.testcases.CompaniesPageTest@424e1977]" started-at="2023-10-09T14:51:01 IST" name="tc_cogmento_companiespage_021" description="Verify companies page is displayed and Enabled when concure is moved to Menu tab" finished-at="2023-10-09T14:51:03 IST" duration-ms="1976" status="PASS">
          <reporter-output>
          </reporter-output>
        </test-method> <!-- tc_cogmento_companiespage_021 -->
        <test-method is-config="true" signature="tearDown()[pri:0, instance:com.crm.qa.cogmento.testcases.CompaniesPageTest@424e1977]" started-at="2023-10-09T14:51:03 IST" name="tearDown" finished-at="2023-10-09T14:51:04 IST" duration-ms="209" status="PASS">
          <reporter-output>
          </reporter-output>
        </test-method> <!-- tearDown -->
        <test-method is-config="true" signature="setUp()[pri:0, instance:com.crm.qa.cogmento.testcases.CompaniesPageTest@424e1977]" started-at="2023-10-09T14:51:04 IST" name="setUp" finished-at="2023-10-09T14:51:09 IST" duration-ms="5457" status="PASS">
          <reporter-output>
          </reporter-output>
        </test-method> <!-- setUp -->
        <test-method signature="tc_cogmento_companiespage_022()[pri:0, instance:com.crm.qa.cogmento.testcases.CompaniesPageTest@424e1977]" started-at="2023-10-09T14:51:09 IST" name="tc_cogmento_companiespage_022" description="Verify Companies page has navigated once Companies feature Is clicked Validate Companies page Title should be Companies" finished-at="2023-10-09T14:51:11 IST" duration-ms="2240" status="PASS">
          <reporter-output>
          </reporter-output>
        </test-method> <!-- tc_cogmento_companiespage_022 -->
        <test-method is-config="true" signature="tearDown()[pri:0, instance:com.crm.qa.cogmento.testcases.CompaniesPageTest@424e1977]" started-at="2023-10-09T14:51:11 IST" name="tearDown" finished-at="2023-10-09T14:51:11 IST" duration-ms="219" status="PASS">
          <reporter-output>
          </reporter-output>
        </test-method> <!-- tearDown -->
        <test-method is-config="true" signature="setUp()[pri:0, instance:com.crm.qa.cogmento.testcases.CompaniesPageTest@424e1977]" started-at="2023-10-09T14:51:11 IST" name="setUp" finished-at="2023-10-09T14:51:17 IST" duration-ms="5324" status="PASS">
          <reporter-output>
          </reporter-output>
        </test-method> <!-- setUp -->
        <test-method signature="tc_cogmento_companiespage_023()[pri:0, instance:com.crm.qa.cogmento.testcases.CompaniesPageTest@424e1977]" started-at="2023-10-09T14:51:17 IST" name="tc_cogmento_companiespage_023" description="Verify companies page has navigated verify Headers contains dropdown,showfilter, Export, Create this all Headers should enabled and displayed" finished-at="2023-10-09T14:51:19 IST" duration-ms="2374" status="PASS">
          <reporter-output>
          </reporter-output>
        </test-method> <!-- tc_cogmento_companiespage_023 -->
        <test-method is-config="true" signature="tearDown()[pri:0, instance:com.crm.qa.cogmento.testcases.CompaniesPageTest@424e1977]" started-at="2023-10-09T14:51:19 IST" name="tearDown" finished-at="2023-10-09T14:51:19 IST" duration-ms="219" status="PASS">
          <reporter-output>
          </reporter-output>
        </test-method> <!-- tearDown -->
        <test-method is-config="true" signature="setUp()[pri:0, instance:com.crm.qa.cogmento.testcases.CompaniesPageTest@424e1977]" started-at="2023-10-09T14:51:19 IST" name="setUp" finished-at="2023-10-09T14:51:25 IST" duration-ms="5692" status="PASS">
          <reporter-output>
          </reporter-output>
        </test-method> <!-- setUp -->
        <test-method signature="tc_cogmento_companiespage_024()[pri:0, instance:com.crm.qa.cogmento.testcases.CompaniesPageTest@424e1977]" started-at="2023-10-09T14:51:25 IST" name="tc_cogmento_companiespage_024" description="Verify Create button of Companies feature and create new Event and Validate form data with saved company data" finished-at="2023-10-09T14:52:10 IST" duration-ms="45212" status="FAIL">
          <exception class="org.openqa.selenium.NoSuchElementException">
            <message>
              <![CDATA[no such element: No node with given id found
  (Session info: chrome=117.0.5938.149)
For documentation on this error, please visit: https://www.selenium.dev/documentation/webdriver/troubleshooting/errors#no-such-element-exception
Build info: version: '4.11.0', revision: '040bc5406b'
System info: os.name: 'Windows 11', os.arch: 'amd64', os.version: '10.0', java.version: '20.0.2'
Driver info: org.openqa.selenium.chrome.ChromeDriver
Command: [35d7542982fd7f1f02aa7c3ad8e7401f, getElementAttribute {id=0BF93F09EA9392C48882643A6BFC3866_element_115, name=innerText}]
Capabilities {acceptInsecureCerts: false, browserName: chrome, browserVersion: 117.0.5938.149, chrome: {chromedriverVersion: 117.0.5938.149 (e3344ddefa1..., userDataDir: C:\Users\HP\AppData\Local\T...}, fedcm:accounts: true, goog:chromeOptions: {debuggerAddress: localhost:52773}, networkConnectionEnabled: false, pageLoadStrategy: normal, platformName: windows, proxy: Proxy(), se:cdp: ws://localhost:52773/devtoo..., se:cdpVersion: 117.0.5938.149, setWindowRect: true, strictFileInteractability: false, timeouts: {implicit: 0, pageLoad: 300000, script: 30000}, unhandledPromptBehavior: dismiss and notify, webauthn:extension:credBlob: true, webauthn:extension:largeBlob: true, webauthn:extension:minPinLength: true, webauthn:extension:prf: true, webauthn:virtualAuthenticators: true}
Element: [[ChromeDriver: chrome on windows (35d7542982fd7f1f02aa7c3ad8e7401f)] -> xpath: //button[contains(@class,'linkedin button') and normalize-space()='Show Filters']]
Session ID: 35d7542982fd7f1f02aa7c3ad8e7401f]]>
            </message>
            <full-stacktrace>
              <![CDATA[org.openqa.selenium.NoSuchElementException: no such element: No node with given id found
  (Session info: chrome=117.0.5938.149)
For documentation on this error, please visit: https://www.selenium.dev/documentation/webdriver/troubleshooting/errors#no-such-element-exception
Build info: version: '4.11.0', revision: '040bc5406b'
System info: os.name: 'Windows 11', os.arch: 'amd64', os.version: '10.0', java.version: '20.0.2'
Driver info: org.openqa.selenium.chrome.ChromeDriver
Command: [35d7542982fd7f1f02aa7c3ad8e7401f, getElementAttribute {id=0BF93F09EA9392C48882643A6BFC3866_element_115, name=innerText}]
Capabilities {acceptInsecureCerts: false, browserName: chrome, browserVersion: 117.0.5938.149, chrome: {chromedriverVersion: 117.0.5938.149 (e3344ddefa1..., userDataDir: C:\Users\HP\AppData\Local\T...}, fedcm:accounts: true, goog:chromeOptions: {debuggerAddress: localhost:52773}, networkConnectionEnabled: false, pageLoadStrategy: normal, platformName: windows, proxy: Proxy(), se:cdp: ws://localhost:52773/devtoo..., se:cdpVersion: 117.0.5938.149, setWindowRect: true, strictFileInteractability: false, timeouts: {implicit: 0, pageLoad: 300000, script: 30000}, unhandledPromptBehavior: dismiss and notify, webauthn:extension:credBlob: true, webauthn:extension:largeBlob: true, webauthn:extension:minPinLength: true, webauthn:extension:prf: true, webauthn:virtualAuthenticators: true}
Element: [[ChromeDriver: chrome on windows (35d7542982fd7f1f02aa7c3ad8e7401f)] -> xpath: //button[contains(@class,'linkedin button') and normalize-space()='Show Filters']]
Session ID: 35d7542982fd7f1f02aa7c3ad8e7401f
at java.base/jdk.internal.reflect.DirectConstructorHandleAccessor.newInstance(DirectConstructorHandleAccessor.java:67)
at java.base/java.lang.reflect.Constructor.newInstanceWithCaller(Constructor.java:500)
at java.base/java.lang.reflect.Constructor.newInstance(Constructor.java:484)
at org.openqa.selenium.remote.codec.w3c.W3CHttpResponseCodec.createException(W3CHttpResponseCodec.java:200)
at org.openqa.selenium.remote.codec.w3c.W3CHttpResponseCodec.decode(W3CHttpResponseCodec.java:133)
at org.openqa.selenium.remote.codec.w3c.W3CHttpResponseCodec.decode(W3CHttpResponseCodec.java:52)
at org.openqa.selenium.remote.HttpCommandExecutor.execute(HttpCommandExecutor.java:191)
at org.openqa.selenium.remote.service.DriverCommandExecutor.invokeExecute(DriverCommandExecutor.java:196)
at org.openqa.selenium.remote.service.DriverCommandExecutor.execute(DriverCommandExecutor.java:171)
at org.openqa.selenium.remote.RemoteWebDriver.execute(RemoteWebDriver.java:518)
at org.openqa.selenium.remote.RemoteWebElement.execute(RemoteWebElement.java:224)
at org.openqa.selenium.remote.RemoteWebElement.getAttribute(RemoteWebElement.java:150)
at com.crm.dev.utility.TableOperator.applyFiltersToColumns(TableOperator.java:168)
at com.crm.qa.cogmento.testcases.CompaniesPageTest.tc_cogmento_companiespage_024(CompaniesPageTest.java:178)
at java.base/jdk.internal.reflect.DirectMethodHandleAccessor.invoke(DirectMethodHandleAccessor.java:104)
at java.base/java.lang.reflect.Method.invoke(Method.java:578)
at org.testng.internal.invokers.MethodInvocationHelper.invokeMethod(MethodInvocationHelper.java:139)
at org.testng.internal.invokers.TestInvoker.invokeMethod(TestInvoker.java:664)
at org.testng.internal.invokers.TestInvoker.invokeTestMethod(TestInvoker.java:227)
at org.testng.internal.invokers.MethodRunner.runInSequence(MethodRunner.java:50)
at org.testng.internal.invokers.TestInvoker$MethodInvocationAgent.invoke(TestInvoker.java:957)
at org.testng.internal.invokers.TestInvoker.invokeTestMethods(TestInvoker.java:200)
at org.testng.internal.invokers.TestMethodWorker.invokeTestMethods(TestMethodWorker.java:148)
at org.testng.internal.invokers.TestMethodWorker.run(TestMethodWorker.java:128)
at java.base/java.util.ArrayList.forEach(ArrayList.java:1511)
at org.testng.TestRunner.privateRun(TestRunner.java:848)
at org.testng.TestRunner.run(TestRunner.java:621)
at org.testng.SuiteRunner.runTest(SuiteRunner.java:443)
at org.testng.SuiteRunner.runSequentially(SuiteRunner.java:437)
at org.testng.SuiteRunner.privateRun(SuiteRunner.java:397)
at org.testng.SuiteRunner.run(SuiteRunner.java:336)
at org.testng.SuiteRunnerWorker.runSuite(SuiteRunnerWorker.java:52)
at org.testng.SuiteRunnerWorker.run(SuiteRunnerWorker.java:95)
at org.testng.TestNG.runSuitesSequentially(TestNG.java:1280)
at org.testng.TestNG.runSuitesLocally(TestNG.java:1200)
at org.testng.TestNG.runSuites(TestNG.java:1114)
at org.testng.TestNG.run(TestNG.java:1082)
at org.testng.remote.AbstractRemoteTestNG.run(AbstractRemoteTestNG.java:115)
at org.testng.remote.RemoteTestNG.initAndRun(RemoteTestNG.java:251)
at org.testng.remote.RemoteTestNG.main(RemoteTestNG.java:77)
]]>
            </full-stacktrace>
          </exception> <!-- org.openqa.selenium.NoSuchElementException -->
          <reporter-output>
          </reporter-output>
        </test-method> <!-- tc_cogmento_companiespage_024 -->
        <test-method is-config="true" signature="tearDown()[pri:0, instance:com.crm.qa.cogmento.testcases.CompaniesPageTest@424e1977]" started-at="2023-10-09T14:52:10 IST" name="tearDown" finished-at="2023-10-09T14:52:10 IST" duration-ms="203" status="PASS">
          <reporter-output>
          </reporter-output>
        </test-method> <!-- tearDown -->
        <test-method is-config="true" signature="setUp()[pri:0, instance:com.crm.qa.cogmento.testcases.CompaniesPageTest@424e1977]" started-at="2023-10-09T14:52:10 IST" name="setUp" finished-at="2023-10-09T14:52:15 IST" duration-ms="4911" status="PASS">
          <reporter-output>
          </reporter-output>
        </test-method> <!-- setUp -->
        <test-method signature="tc_cogmento_companiespage_025()[pri:0, instance:com.crm.qa.cogmento.testcases.CompaniesPageTest@424e1977]" started-at="2023-10-09T14:52:15 IST" name="tc_cogmento_companiespage_025" description="Verify companies page contains Showfilters feature on the header validate it by clicking on it and once clicked visiable text should change to Hidefilters" finished-at="2023-10-09T14:52:18 IST" duration-ms="2633" status="PASS">
          <reporter-output>
          </reporter-output>
        </test-method> <!-- tc_cogmento_companiespage_025 -->
        <test-method is-config="true" signature="tearDown()[pri:0, instance:com.crm.qa.cogmento.testcases.CompaniesPageTest@424e1977]" started-at="2023-10-09T14:52:18 IST" name="tearDown" finished-at="2023-10-09T14:52:18 IST" duration-ms="264" status="PASS">
          <reporter-output>
          </reporter-output>
        </test-method> <!-- tearDown -->
        <test-method is-config="true" signature="setUp()[pri:0, instance:com.crm.qa.cogmento.testcases.CompaniesPageTest@424e1977]" started-at="2023-10-09T14:52:18 IST" name="setUp" finished-at="2023-10-09T14:52:23 IST" duration-ms="5030" status="PASS">
          <reporter-output>
          </reporter-output>
        </test-method> <!-- setUp -->
        <test-method signature="tc_cogmento_companiespage_026()[pri:0, instance:com.crm.qa.cogmento.testcases.CompaniesPageTest@424e1977]" started-at="2023-10-09T14:52:23 IST" name="tc_cogmento_companiespage_026" description="Verify contacts page contains dropdown button click on it, it should contain default view in the dropdown" finished-at="2023-10-09T14:52:26 IST" duration-ms="3050" status="PASS">
          <reporter-output>
          </reporter-output>
        </test-method> <!-- tc_cogmento_companiespage_026 -->
        <test-method is-config="true" signature="tearDown()[pri:0, instance:com.crm.qa.cogmento.testcases.CompaniesPageTest@424e1977]" started-at="2023-10-09T14:52:26 IST" name="tearDown" finished-at="2023-10-09T14:52:27 IST" duration-ms="224" status="PASS">
          <reporter-output>
          </reporter-output>
        </test-method> <!-- tearDown -->
        <test-method is-config="true" signature="setUp()[pri:0, instance:com.crm.qa.cogmento.testcases.CompaniesPageTest@424e1977]" started-at="2023-10-09T14:52:27 IST" name="setUp" finished-at="2023-10-09T14:52:32 IST" duration-ms="5034" status="PASS">
          <reporter-output>
          </reporter-output>
        </test-method> <!-- setUp -->
        <test-method signature="tc_cogmento_companiespage_027()[pri:0, instance:com.crm.qa.cogmento.testcases.CompaniesPageTest@424e1977]" started-at="2023-10-09T14:52:32 IST" name="tc_cogmento_companiespage_027" description="Verify and Validate Export Feature in the companies page" finished-at="2023-10-09T14:52:34 IST" duration-ms="2599" status="PASS">
          <reporter-output>
          </reporter-output>
        </test-method> <!-- tc_cogmento_companiespage_027 -->
        <test-method is-config="true" signature="tearDown()[pri:0, instance:com.crm.qa.cogmento.testcases.CompaniesPageTest@424e1977]" started-at="2023-10-09T14:52:34 IST" name="tearDown" finished-at="2023-10-09T14:52:34 IST" duration-ms="217" status="PASS">
          <reporter-output>
          </reporter-output>
        </test-method> <!-- tearDown -->
        <test-method is-config="true" signature="setUp()[pri:0, instance:com.crm.qa.cogmento.testcases.CompaniesPageTest@424e1977]" started-at="2023-10-09T14:52:34 IST" name="setUp" finished-at="2023-10-09T14:52:39 IST" duration-ms="4975" status="PASS">
          <reporter-output>
          </reporter-output>
        </test-method> <!-- setUp -->
        <test-method signature="tc_cogmento_companiespage_028()[pri:0, instance:com.crm.qa.cogmento.testcases.CompaniesPageTest@424e1977]" started-at="2023-10-09T14:52:39 IST" name="tc_cogmento_companiespage_028" description="Verify and Validate Create feature in the companies page and how many ways to create companies feature" finished-at="2023-10-09T14:52:42 IST" duration-ms="2607" status="PASS">
          <reporter-output>
          </reporter-output>
        </test-method> <!-- tc_cogmento_companiespage_028 -->
        <test-method is-config="true" signature="tearDown()[pri:0, instance:com.crm.qa.cogmento.testcases.CompaniesPageTest@424e1977]" started-at="2023-10-09T14:52:42 IST" name="tearDown" finished-at="2023-10-09T14:52:42 IST" duration-ms="289" status="PASS">
          <reporter-output>
          </reporter-output>
        </test-method> <!-- tearDown -->
        <test-method is-config="true" signature="setUp()[pri:0, instance:com.crm.qa.cogmento.testcases.CompaniesPageTest@424e1977]" started-at="2023-10-09T14:52:42 IST" name="setUp" finished-at="2023-10-09T14:52:47 IST" duration-ms="5055" status="PASS">
          <reporter-output>
          </reporter-output>
        </test-method> <!-- setUp -->
        <test-method signature="tc_cogmento_companiespage_082()[pri:0, instance:com.crm.qa.cogmento.testcases.CompaniesPageTest@424e1977]" started-at="2023-10-09T14:52:47 IST" name="tc_cogmento_companiespage_082" description="Verify and Validate showFilter Feature in the companies page" finished-at="2023-10-09T14:52:50 IST" duration-ms="2601" status="PASS">
          <reporter-output>
          </reporter-output>
        </test-method> <!-- tc_cogmento_companiespage_082 -->
        <test-method is-config="true" signature="tearDown()[pri:0, instance:com.crm.qa.cogmento.testcases.CompaniesPageTest@424e1977]" started-at="2023-10-09T14:52:50 IST" name="tearDown" finished-at="2023-10-09T14:52:50 IST" duration-ms="248" status="PASS">
          <reporter-output>
          </reporter-output>
        </test-method> <!-- tearDown -->
      </class> <!-- com.crm.qa.cogmento.testcases.CompaniesPageTest -->
      <class name="com.crm.qa.cogmento.testcases.CasesPageTest">
        <test-method is-config="true" signature="setUp()[pri:0, instance:com.crm.qa.cogmento.testcases.CasesPageTest@31f9b85e]" started-at="2023-10-09T14:49:22 IST" name="setUp" finished-at="2023-10-09T14:49:27 IST" duration-ms="5075" status="PASS">
          <reporter-output>
          </reporter-output>
        </test-method> <!-- setUp -->
        <test-method signature="tc_cogmento_casespage_058()[pri:0, instance:com.crm.qa.cogmento.testcases.CasesPageTest@31f9b85e]" started-at="2023-10-09T14:49:27 IST" name="tc_cogmento_casespage_058" description="Verify Cases page is displayed and Enabled should be clickable when concure is moved to Menu tab" finished-at="2023-10-09T14:49:30 IST" duration-ms="2357" status="PASS">
          <reporter-output>
          </reporter-output>
        </test-method> <!-- tc_cogmento_casespage_058 -->
        <test-method is-config="true" signature="tearDown()[pri:0, instance:com.crm.qa.cogmento.testcases.CasesPageTest@31f9b85e]" started-at="2023-10-09T14:49:30 IST" name="tearDown" finished-at="2023-10-09T14:49:30 IST" duration-ms="211" status="PASS">
          <reporter-output>
          </reporter-output>
        </test-method> <!-- tearDown -->
        <test-method is-config="true" signature="setUp()[pri:0, instance:com.crm.qa.cogmento.testcases.CasesPageTest@31f9b85e]" started-at="2023-10-09T14:49:30 IST" name="setUp" finished-at="2023-10-09T14:49:35 IST" duration-ms="5252" status="PASS">
          <reporter-output>
          </reporter-output>
        </test-method> <!-- setUp -->
        <test-method signature="tc_cogmento_casespage_059()[pri:0, instance:com.crm.qa.cogmento.testcases.CasesPageTest@31f9b85e]" started-at="2023-10-09T14:49:35 IST" name="tc_cogmento_casespage_059" description="Verify Cases page has navigated once Cases feature Is clicked and Verify All header are visiable" finished-at="2023-10-09T14:49:37 IST" duration-ms="2406" status="PASS">
          <reporter-output>
          </reporter-output>
        </test-method> <!-- tc_cogmento_casespage_059 -->
        <test-method is-config="true" signature="tearDown()[pri:0, instance:com.crm.qa.cogmento.testcases.CasesPageTest@31f9b85e]" started-at="2023-10-09T14:49:37 IST" name="tearDown" finished-at="2023-10-09T14:49:38 IST" duration-ms="218" status="PASS">
          <reporter-output>
          </reporter-output>
        </test-method> <!-- tearDown -->
        <test-method is-config="true" signature="setUp()[pri:0, instance:com.crm.qa.cogmento.testcases.CasesPageTest@31f9b85e]" started-at="2023-10-09T14:49:38 IST" name="setUp" finished-at="2023-10-09T14:49:43 IST" duration-ms="5197" status="PASS">
          <reporter-output>
          </reporter-output>
        </test-method> <!-- setUp -->
        <test-method signature="tc_cogmento_casespage_060()[pri:0, instance:com.crm.qa.cogmento.testcases.CasesPageTest@31f9b85e]" started-at="2023-10-09T14:49:43 IST" name="tc_cogmento_casespage_060" description="Verify Cases page has navigated verify Headers contains dropdwon,showfilter, Export, Create this all Headers should enabled and displayed" finished-at="2023-10-09T14:49:46 IST" duration-ms="3489" status="PASS">
          <reporter-output>
          </reporter-output>
        </test-method> <!-- tc_cogmento_casespage_060 -->
        <test-method is-config="true" signature="tearDown()[pri:0, instance:com.crm.qa.cogmento.testcases.CasesPageTest@31f9b85e]" started-at="2023-10-09T14:49:46 IST" name="tearDown" finished-at="2023-10-09T14:49:47 IST" duration-ms="215" status="PASS">
          <reporter-output>
          </reporter-output>
        </test-method> <!-- tearDown -->
        <test-method is-config="true" signature="setUp()[pri:0, instance:com.crm.qa.cogmento.testcases.CasesPageTest@31f9b85e]" started-at="2023-10-09T14:49:47 IST" name="setUp" finished-at="2023-10-09T14:49:52 IST" duration-ms="5235" status="PASS">
          <reporter-output>
          </reporter-output>
        </test-method> <!-- setUp -->
        <test-method signature="tc_cogmento_casespage_061()[pri:0, instance:com.crm.qa.cogmento.testcases.CasesPageTest@31f9b85e]" started-at="2023-10-09T14:49:52 IST" name="tc_cogmento_casespage_061" description="Verify Cases page had table and verify table headers and verify number of columns available and Validate table data" finished-at="2023-10-09T14:50:14 IST" duration-ms="22570" status="FAIL">
          <exception class="org.openqa.selenium.NoSuchElementException">
            <message>
              <![CDATA[no such element: Unable to locate element: {"method":"xpath","selector":"//div//label[contains(text(),'Company')]//following::div[@name='company']//i[contains(@class,'dropdown')]"}
  (Session info: chrome=117.0.5938.149)
For documentation on this error, please visit: https://www.selenium.dev/documentation/webdriver/troubleshooting/errors#no-such-element-exception
Build info: version: '4.11.0', revision: '040bc5406b'
System info: os.name: 'Windows 11', os.arch: 'amd64', os.version: '10.0', java.version: '20.0.2'
Driver info: org.openqa.selenium.chrome.ChromeDriver
Command: [3060695db8955cd36cce5449a49a690b, findElement {using=xpath, value=//div//label[contains(text(),'Company')]//following::div[@name='company']//i[contains(@class,'dropdown')]}]
Capabilities {acceptInsecureCerts: false, browserName: chrome, browserVersion: 117.0.5938.149, chrome: {chromedriverVersion: 117.0.5938.149 (e3344ddefa1..., userDataDir: C:\Users\HP\AppData\Local\T...}, fedcm:accounts: true, goog:chromeOptions: {debuggerAddress: localhost:52397}, networkConnectionEnabled: false, pageLoadStrategy: normal, platformName: windows, proxy: Proxy(), se:cdp: ws://localhost:52397/devtoo..., se:cdpVersion: 117.0.5938.149, setWindowRect: true, strictFileInteractability: false, timeouts: {implicit: 0, pageLoad: 300000, script: 30000}, unhandledPromptBehavior: dismiss and notify, webauthn:extension:credBlob: true, webauthn:extension:largeBlob: true, webauthn:extension:minPinLength: true, webauthn:extension:prf: true, webauthn:virtualAuthenticators: true}
Session ID: 3060695db8955cd36cce5449a49a690b]]>
            </message>
            <full-stacktrace>
              <![CDATA[org.openqa.selenium.NoSuchElementException: no such element: Unable to locate element: {"method":"xpath","selector":"//div//label[contains(text(),'Company')]//following::div[@name='company']//i[contains(@class,'dropdown')]"}
  (Session info: chrome=117.0.5938.149)
For documentation on this error, please visit: https://www.selenium.dev/documentation/webdriver/troubleshooting/errors#no-such-element-exception
Build info: version: '4.11.0', revision: '040bc5406b'
System info: os.name: 'Windows 11', os.arch: 'amd64', os.version: '10.0', java.version: '20.0.2'
Driver info: org.openqa.selenium.chrome.ChromeDriver
Command: [3060695db8955cd36cce5449a49a690b, findElement {using=xpath, value=//div//label[contains(text(),'Company')]//following::div[@name='company']//i[contains(@class,'dropdown')]}]
Capabilities {acceptInsecureCerts: false, browserName: chrome, browserVersion: 117.0.5938.149, chrome: {chromedriverVersion: 117.0.5938.149 (e3344ddefa1..., userDataDir: C:\Users\HP\AppData\Local\T...}, fedcm:accounts: true, goog:chromeOptions: {debuggerAddress: localhost:52397}, networkConnectionEnabled: false, pageLoadStrategy: normal, platformName: windows, proxy: Proxy(), se:cdp: ws://localhost:52397/devtoo..., se:cdpVersion: 117.0.5938.149, setWindowRect: true, strictFileInteractability: false, timeouts: {implicit: 0, pageLoad: 300000, script: 30000}, unhandledPromptBehavior: dismiss and notify, webauthn:extension:credBlob: true, webauthn:extension:largeBlob: true, webauthn:extension:minPinLength: true, webauthn:extension:prf: true, webauthn:virtualAuthenticators: true}
Session ID: 3060695db8955cd36cce5449a49a690b
at java.base/jdk.internal.reflect.DirectConstructorHandleAccessor.newInstance(DirectConstructorHandleAccessor.java:67)
at java.base/java.lang.reflect.Constructor.newInstanceWithCaller(Constructor.java:500)
at java.base/java.lang.reflect.Constructor.newInstance(Constructor.java:484)
at org.openqa.selenium.remote.codec.w3c.W3CHttpResponseCodec.createException(W3CHttpResponseCodec.java:200)
at org.openqa.selenium.remote.codec.w3c.W3CHttpResponseCodec.decode(W3CHttpResponseCodec.java:133)
at org.openqa.selenium.remote.codec.w3c.W3CHttpResponseCodec.decode(W3CHttpResponseCodec.java:52)
at org.openqa.selenium.remote.HttpCommandExecutor.execute(HttpCommandExecutor.java:191)
at org.openqa.selenium.remote.service.DriverCommandExecutor.invokeExecute(DriverCommandExecutor.java:196)
at org.openqa.selenium.remote.service.DriverCommandExecutor.execute(DriverCommandExecutor.java:171)
at org.openqa.selenium.remote.RemoteWebDriver.execute(RemoteWebDriver.java:518)
at org.openqa.selenium.remote.ElementLocation$ElementFinder$2.findElement(ElementLocation.java:165)
at org.openqa.selenium.remote.ElementLocation.findElement(ElementLocation.java:59)
at org.openqa.selenium.remote.RemoteWebDriver.findElement(RemoteWebDriver.java:355)
at org.openqa.selenium.remote.RemoteWebDriver.findElement(RemoteWebDriver.java:349)
at org.openqa.selenium.support.pagefactory.DefaultElementLocator.findElement(DefaultElementLocator.java:68)
at org.openqa.selenium.support.pagefactory.internal.LocatingElementHandler.invoke(LocatingElementHandler.java:38)
at jdk.proxy2/jdk.proxy2.$Proxy32.click(Unknown Source)
at com.crm.dev.DriverManager.BasePage.getRandomDeal(BasePage.java:197)
at com.crm.qa.cogmento.testcases.CasesPageTest.tc_cogmento_casespage_061(CasesPageTest.java:79)
at java.base/jdk.internal.reflect.DirectMethodHandleAccessor.invoke(DirectMethodHandleAccessor.java:104)
at java.base/java.lang.reflect.Method.invoke(Method.java:578)
at org.testng.internal.invokers.MethodInvocationHelper.invokeMethod(MethodInvocationHelper.java:139)
at org.testng.internal.invokers.TestInvoker.invokeMethod(TestInvoker.java:664)
at org.testng.internal.invokers.TestInvoker.invokeTestMethod(TestInvoker.java:227)
at org.testng.internal.invokers.MethodRunner.runInSequence(MethodRunner.java:50)
at org.testng.internal.invokers.TestInvoker$MethodInvocationAgent.invoke(TestInvoker.java:957)
at org.testng.internal.invokers.TestInvoker.invokeTestMethods(TestInvoker.java:200)
at org.testng.internal.invokers.TestMethodWorker.invokeTestMethods(TestMethodWorker.java:148)
at org.testng.internal.invokers.TestMethodWorker.run(TestMethodWorker.java:128)
at java.base/java.util.ArrayList.forEach(ArrayList.java:1511)
at org.testng.TestRunner.privateRun(TestRunner.java:848)
at org.testng.TestRunner.run(TestRunner.java:621)
at org.testng.SuiteRunner.runTest(SuiteRunner.java:443)
at org.testng.SuiteRunner.runSequentially(SuiteRunner.java:437)
at org.testng.SuiteRunner.privateRun(SuiteRunner.java:397)
at org.testng.SuiteRunner.run(SuiteRunner.java:336)
at org.testng.SuiteRunnerWorker.runSuite(SuiteRunnerWorker.java:52)
at org.testng.SuiteRunnerWorker.run(SuiteRunnerWorker.java:95)
at org.testng.TestNG.runSuitesSequentially(TestNG.java:1280)
at org.testng.TestNG.runSuitesLocally(TestNG.java:1200)
at org.testng.TestNG.runSuites(TestNG.java:1114)
at org.testng.TestNG.run(TestNG.java:1082)
at org.testng.remote.AbstractRemoteTestNG.run(AbstractRemoteTestNG.java:115)
at org.testng.remote.RemoteTestNG.initAndRun(RemoteTestNG.java:251)
at org.testng.remote.RemoteTestNG.main(RemoteTestNG.java:77)
]]>
            </full-stacktrace>
          </exception> <!-- org.openqa.selenium.NoSuchElementException -->
          <reporter-output>
          </reporter-output>
        </test-method> <!-- tc_cogmento_casespage_061 -->
        <test-method is-config="true" signature="tearDown()[pri:0, instance:com.crm.qa.cogmento.testcases.CasesPageTest@31f9b85e]" started-at="2023-10-09T14:50:14 IST" name="tearDown" finished-at="2023-10-09T14:50:15 IST" duration-ms="219" status="PASS">
          <reporter-output>
          </reporter-output>
        </test-method> <!-- tearDown -->
        <test-method is-config="true" signature="setUp()[pri:0, instance:com.crm.qa.cogmento.testcases.CasesPageTest@31f9b85e]" started-at="2023-10-09T14:50:15 IST" name="setUp" finished-at="2023-10-09T14:50:20 IST" duration-ms="5283" status="PASS">
          <reporter-output>
          </reporter-output>
        </test-method> <!-- setUp -->
        <test-method signature="tc_cogmento_casespage_062()[pri:0, instance:com.crm.qa.cogmento.testcases.CasesPageTest@31f9b85e]" started-at="2023-10-09T14:50:20 IST" name="tc_cogmento_casespage_062" description="Verify and Validate Show filter Feature in the Cases page" finished-at="2023-10-09T14:50:23 IST" duration-ms="2749" status="PASS">
          <reporter-output>
          </reporter-output>
        </test-method> <!-- tc_cogmento_casespage_062 -->
        <test-method is-config="true" signature="tearDown()[pri:0, instance:com.crm.qa.cogmento.testcases.CasesPageTest@31f9b85e]" started-at="2023-10-09T14:50:23 IST" name="tearDown" finished-at="2023-10-09T14:50:23 IST" duration-ms="198" status="PASS">
          <reporter-output>
          </reporter-output>
        </test-method> <!-- tearDown -->
        <test-method is-config="true" signature="setUp()[pri:0, instance:com.crm.qa.cogmento.testcases.CasesPageTest@31f9b85e]" started-at="2023-10-09T14:50:23 IST" name="setUp" finished-at="2023-10-09T14:50:28 IST" duration-ms="5542" status="PASS">
          <reporter-output>
          </reporter-output>
        </test-method> <!-- setUp -->
        <test-method signature="tc_cogmento_casespage_063()[pri:0, instance:com.crm.qa.cogmento.testcases.CasesPageTest@31f9b85e]" started-at="2023-10-09T14:50:28 IST" name="tc_cogmento_casespage_063" description="Verify Cases page contains dropdown button click on it, it should contain default view in the dropdown" finished-at="2023-10-09T14:50:32 IST" duration-ms="3137" status="PASS">
          <reporter-output>
          </reporter-output>
        </test-method> <!-- tc_cogmento_casespage_063 -->
        <test-method is-config="true" signature="tearDown()[pri:0, instance:com.crm.qa.cogmento.testcases.CasesPageTest@31f9b85e]" started-at="2023-10-09T14:50:32 IST" name="tearDown" finished-at="2023-10-09T14:50:32 IST" duration-ms="217" status="PASS">
          <reporter-output>
          </reporter-output>
        </test-method> <!-- tearDown -->
        <test-method is-config="true" signature="setUp()[pri:0, instance:com.crm.qa.cogmento.testcases.CasesPageTest@31f9b85e]" started-at="2023-10-09T14:50:32 IST" name="setUp" finished-at="2023-10-09T14:50:37 IST" duration-ms="5225" status="PASS">
          <reporter-output>
          </reporter-output>
        </test-method> <!-- setUp -->
        <test-method signature="tc_cogmento_casespage_064()[pri:0, instance:com.crm.qa.cogmento.testcases.CasesPageTest@31f9b85e]" started-at="2023-10-09T14:50:37 IST" name="tc_cogmento_casespage_064" description="Verify and Validate Export Feature in the Cases page" finished-at="2023-10-09T14:50:39 IST" duration-ms="2535" status="PASS">
          <reporter-output>
          </reporter-output>
        </test-method> <!-- tc_cogmento_casespage_064 -->
        <test-method is-config="true" signature="tearDown()[pri:0, instance:com.crm.qa.cogmento.testcases.CasesPageTest@31f9b85e]" started-at="2023-10-09T14:50:39 IST" name="tearDown" finished-at="2023-10-09T14:50:40 IST" duration-ms="327" status="PASS">
          <reporter-output>
          </reporter-output>
        </test-method> <!-- tearDown -->
        <test-method is-config="true" signature="setUp()[pri:0, instance:com.crm.qa.cogmento.testcases.CasesPageTest@31f9b85e]" started-at="2023-10-09T14:50:40 IST" name="setUp" finished-at="2023-10-09T14:50:45 IST" duration-ms="5176" status="PASS">
          <reporter-output>
          </reporter-output>
        </test-method> <!-- setUp -->
        <test-method signature="tc_cogmento_casespage_065()[pri:0, instance:com.crm.qa.cogmento.testcases.CasesPageTest@31f9b85e]" started-at="2023-10-09T14:50:45 IST" name="tc_cogmento_casespage_065" description="Verify and Validate Create feature in the Cases page and how many ways to create case feature" finished-at="2023-10-09T14:50:48 IST" duration-ms="3367" status="PASS">
          <reporter-output>
          </reporter-output>
        </test-method> <!-- tc_cogmento_casespage_065 -->
        <test-method is-config="true" signature="tearDown()[pri:0, instance:com.crm.qa.cogmento.testcases.CasesPageTest@31f9b85e]" started-at="2023-10-09T14:50:48 IST" name="tearDown" finished-at="2023-10-09T14:50:49 IST" duration-ms="227" status="PASS">
          <reporter-output>
          </reporter-output>
        </test-method> <!-- tearDown -->
        <test-method is-config="true" signature="setUp()[pri:0, instance:com.crm.qa.cogmento.testcases.CasesPageTest@31f9b85e]" started-at="2023-10-09T14:50:49 IST" name="setUp" finished-at="2023-10-09T14:50:54 IST" duration-ms="5026" status="PASS">
          <reporter-output>
          </reporter-output>
        </test-method> <!-- setUp -->
        <test-method signature="tc_cogmento_casespage_066()[pri:0, instance:com.crm.qa.cogmento.testcases.CasesPageTest@31f9b85e]" started-at="2023-10-09T14:50:54 IST" name="tc_cogmento_casespage_066" description="Verify and Validate Create New Case form page fill the form with some mandatory field " finished-at="2023-10-09T14:50:56 IST" duration-ms="2415" status="FAIL">
          <exception class="java.lang.IllegalArgumentException">
            <message>
              <![CDATA[Keys to send should be a not null CharSequence]]>
            </message>
            <full-stacktrace>
              <![CDATA[java.lang.IllegalArgumentException: Keys to send should be a not null CharSequence
at org.openqa.selenium.remote.RemoteWebElement.sendKeys(RemoteWebElement.java:97)
at java.base/jdk.internal.reflect.DirectMethodHandleAccessor.invoke(DirectMethodHandleAccessor.java:104)
at java.base/java.lang.reflect.Method.invoke(Method.java:578)
at org.openqa.selenium.support.pagefactory.internal.LocatingElementHandler.invoke(LocatingElementHandler.java:51)
at jdk.proxy2/jdk.proxy2.$Proxy32.sendKeys(Unknown Source)
at com.crm.dev.PageObjects.CasesPage.createCase(CasesPage.java:132)
at com.crm.qa.cogmento.testcases.CasesPageTest.tc_cogmento_casespage_066(CasesPageTest.java:192)
at java.base/jdk.internal.reflect.DirectMethodHandleAccessor.invoke(DirectMethodHandleAccessor.java:104)
at java.base/java.lang.reflect.Method.invoke(Method.java:578)
at org.testng.internal.invokers.MethodInvocationHelper.invokeMethod(MethodInvocationHelper.java:139)
at org.testng.internal.invokers.TestInvoker.invokeMethod(TestInvoker.java:664)
at org.testng.internal.invokers.TestInvoker.invokeTestMethod(TestInvoker.java:227)
at org.testng.internal.invokers.MethodRunner.runInSequence(MethodRunner.java:50)
at org.testng.internal.invokers.TestInvoker$MethodInvocationAgent.invoke(TestInvoker.java:957)
at org.testng.internal.invokers.TestInvoker.invokeTestMethods(TestInvoker.java:200)
at org.testng.internal.invokers.TestMethodWorker.invokeTestMethods(TestMethodWorker.java:148)
at org.testng.internal.invokers.TestMethodWorker.run(TestMethodWorker.java:128)
at java.base/java.util.ArrayList.forEach(ArrayList.java:1511)
at org.testng.TestRunner.privateRun(TestRunner.java:848)
at org.testng.TestRunner.run(TestRunner.java:621)
at org.testng.SuiteRunner.runTest(SuiteRunner.java:443)
at org.testng.SuiteRunner.runSequentially(SuiteRunner.java:437)
at org.testng.SuiteRunner.privateRun(SuiteRunner.java:397)
at org.testng.SuiteRunner.run(SuiteRunner.java:336)
at org.testng.SuiteRunnerWorker.runSuite(SuiteRunnerWorker.java:52)
at org.testng.SuiteRunnerWorker.run(SuiteRunnerWorker.java:95)
at org.testng.TestNG.runSuitesSequentially(TestNG.java:1280)
at org.testng.TestNG.runSuitesLocally(TestNG.java:1200)
at org.testng.TestNG.runSuites(TestNG.java:1114)
at org.testng.TestNG.run(TestNG.java:1082)
at org.testng.remote.AbstractRemoteTestNG.run(AbstractRemoteTestNG.java:115)
at org.testng.remote.RemoteTestNG.initAndRun(RemoteTestNG.java:251)
at org.testng.remote.RemoteTestNG.main(RemoteTestNG.java:77)
]]>
            </full-stacktrace>
          </exception> <!-- java.lang.IllegalArgumentException -->
          <reporter-output>
          </reporter-output>
        </test-method> <!-- tc_cogmento_casespage_066 -->
        <test-method is-config="true" signature="tearDown()[pri:0, instance:com.crm.qa.cogmento.testcases.CasesPageTest@31f9b85e]" started-at="2023-10-09T14:50:56 IST" name="tearDown" finished-at="2023-10-09T14:50:56 IST" duration-ms="215" status="PASS">
          <reporter-output>
          </reporter-output>
        </test-method> <!-- tearDown -->
      </class> <!-- com.crm.qa.cogmento.testcases.CasesPageTest -->
      <class name="com.crm.qa.cogmento.testcases.TasksPageTest">
        <test-method is-config="true" signature="setUp()[pri:0, instance:com.crm.qa.cogmento.testcases.TasksPageTest@762ef0ea]" started-at="2023-10-09T14:47:15 IST" name="setUp" finished-at="2023-10-09T14:47:21 IST" duration-ms="5540" status="PASS">
          <reporter-output>
          </reporter-output>
        </test-method> <!-- setUp -->
        <test-method signature="tc_cogmento_taskspage_045()[pri:0, instance:com.crm.qa.cogmento.testcases.TasksPageTest@762ef0ea]" started-at="2023-10-09T14:47:21 IST" name="tc_cogmento_taskspage_045" description="Verify Tasks page is displayed and Enabled should be clickable when concure is moved to Menu tab" finished-at="2023-10-09T14:47:23 IST" duration-ms="2244" status="PASS">
          <reporter-output>
          </reporter-output>
        </test-method> <!-- tc_cogmento_taskspage_045 -->
        <test-method is-config="true" signature="tearDown()[pri:0, instance:com.crm.qa.cogmento.testcases.TasksPageTest@762ef0ea]" started-at="2023-10-09T14:47:23 IST" name="tearDown" finished-at="2023-10-09T14:47:23 IST" duration-ms="204" status="PASS">
          <reporter-output>
          </reporter-output>
        </test-method> <!-- tearDown -->
        <test-method is-config="true" signature="setUp()[pri:0, instance:com.crm.qa.cogmento.testcases.TasksPageTest@762ef0ea]" started-at="2023-10-09T14:47:23 IST" name="setUp" finished-at="2023-10-09T14:47:28 IST" duration-ms="5107" status="PASS">
          <reporter-output>
          </reporter-output>
        </test-method> <!-- setUp -->
        <test-method signature="tc_cogmento_taskspage_046()[pri:0, instance:com.crm.qa.cogmento.testcases.TasksPageTest@762ef0ea]" started-at="2023-10-09T14:47:28 IST" name="tc_cogmento_taskspage_046" description="Verify Tasks page has navigated once Tasks feature Is clicked and Verify All header are visiable" finished-at="2023-10-09T14:47:30 IST" duration-ms="2420" status="PASS">
          <reporter-output>
          </reporter-output>
        </test-method> <!-- tc_cogmento_taskspage_046 -->
        <test-method is-config="true" signature="tearDown()[pri:0, instance:com.crm.qa.cogmento.testcases.TasksPageTest@762ef0ea]" started-at="2023-10-09T14:47:30 IST" name="tearDown" finished-at="2023-10-09T14:47:31 IST" duration-ms="293" status="PASS">
          <reporter-output>
          </reporter-output>
        </test-method> <!-- tearDown -->
        <test-method is-config="true" signature="setUp()[pri:0, instance:com.crm.qa.cogmento.testcases.TasksPageTest@762ef0ea]" started-at="2023-10-09T14:47:31 IST" name="setUp" finished-at="2023-10-09T14:47:36 IST" duration-ms="5173" status="PASS">
          <reporter-output>
          </reporter-output>
        </test-method> <!-- setUp -->
        <test-method signature="tc_cogmento_taskspage_047()[pri:0, instance:com.crm.qa.cogmento.testcases.TasksPageTest@762ef0ea]" started-at="2023-10-09T14:47:36 IST" name="tc_cogmento_taskspage_047" description="Verify Tasks page has navigated verify Headers contains Dropdown, Board, Showfilter, Export, Create this all Headers should enabled and displayed" finished-at="2023-10-09T14:47:40 IST" duration-ms="3577" status="PASS">
          <reporter-output>
          </reporter-output>
        </test-method> <!-- tc_cogmento_taskspage_047 -->
        <test-method is-config="true" signature="tearDown()[pri:0, instance:com.crm.qa.cogmento.testcases.TasksPageTest@762ef0ea]" started-at="2023-10-09T14:47:40 IST" name="tearDown" finished-at="2023-10-09T14:47:40 IST" duration-ms="236" status="PASS">
          <reporter-output>
          </reporter-output>
        </test-method> <!-- tearDown -->
        <test-method is-config="true" signature="setUp()[pri:0, instance:com.crm.qa.cogmento.testcases.TasksPageTest@762ef0ea]" started-at="2023-10-09T14:47:40 IST" name="setUp" finished-at="2023-10-09T14:47:45 IST" duration-ms="5274" status="PASS">
          <reporter-output>
          </reporter-output>
        </test-method> <!-- setUp -->
        <test-method signature="tc_cogmento_taskspage_048()[pri:0, instance:com.crm.qa.cogmento.testcases.TasksPageTest@762ef0ea]" started-at="2023-10-09T14:47:45 IST" name="tc_cogmento_taskspage_048" description="Verify Tasks page had table and verify table headers and verify number of columns available" finished-at="2023-10-09T14:47:48 IST" duration-ms="2623" status="PASS">
          <reporter-output>
          </reporter-output>
        </test-method> <!-- tc_cogmento_taskspage_048 -->
        <test-method is-config="true" signature="tearDown()[pri:0, instance:com.crm.qa.cogmento.testcases.TasksPageTest@762ef0ea]" started-at="2023-10-09T14:47:48 IST" name="tearDown" finished-at="2023-10-09T14:47:48 IST" duration-ms="289" status="PASS">
          <reporter-output>
          </reporter-output>
        </test-method> <!-- tearDown -->
        <test-method is-config="true" signature="setUp()[pri:0, instance:com.crm.qa.cogmento.testcases.TasksPageTest@762ef0ea]" started-at="2023-10-09T14:47:48 IST" name="setUp" finished-at="2023-10-09T14:47:54 IST" duration-ms="5755" status="PASS">
          <reporter-output>
          </reporter-output>
        </test-method> <!-- setUp -->
        <test-method signature="tc_cogmento_taskspage_049()[pri:0, instance:com.crm.qa.cogmento.testcases.TasksPageTest@762ef0ea]" started-at="2023-10-09T14:47:54 IST" name="tc_cogmento_taskspage_049" description="Verify Tasks page contains Showfilters feature on the header validate it by clicking on it and once clicked visiable text should change to Hidefilters" finished-at="2023-10-09T14:47:56 IST" duration-ms="2437" status="PASS">
          <reporter-output>
          </reporter-output>
        </test-method> <!-- tc_cogmento_taskspage_049 -->
        <test-method is-config="true" signature="tearDown()[pri:0, instance:com.crm.qa.cogmento.testcases.TasksPageTest@762ef0ea]" started-at="2023-10-09T14:47:56 IST" name="tearDown" finished-at="2023-10-09T14:47:56 IST" duration-ms="312" status="PASS">
          <reporter-output>
          </reporter-output>
        </test-method> <!-- tearDown -->
        <test-method is-config="true" signature="setUp()[pri:0, instance:com.crm.qa.cogmento.testcases.TasksPageTest@762ef0ea]" started-at="2023-10-09T14:47:56 IST" name="setUp" finished-at="2023-10-09T14:48:02 IST" duration-ms="5385" status="PASS">
          <reporter-output>
          </reporter-output>
        </test-method> <!-- setUp -->
        <test-method signature="tc_cogmento_taskspage_050()[pri:0, instance:com.crm.qa.cogmento.testcases.TasksPageTest@762ef0ea]" started-at="2023-10-09T14:48:02 IST" name="tc_cogmento_taskspage_050" description="Verify and Validate Show filter Feature in the Tasks page" finished-at="2023-10-09T14:48:05 IST" duration-ms="2824" status="PASS">
          <reporter-output>
          </reporter-output>
        </test-method> <!-- tc_cogmento_taskspage_050 -->
        <test-method is-config="true" signature="tearDown()[pri:0, instance:com.crm.qa.cogmento.testcases.TasksPageTest@762ef0ea]" started-at="2023-10-09T14:48:05 IST" name="tearDown" finished-at="2023-10-09T14:48:05 IST" duration-ms="214" status="PASS">
          <reporter-output>
          </reporter-output>
        </test-method> <!-- tearDown -->
        <test-method is-config="true" signature="setUp()[pri:0, instance:com.crm.qa.cogmento.testcases.TasksPageTest@762ef0ea]" started-at="2023-10-09T14:48:05 IST" name="setUp" finished-at="2023-10-09T14:48:10 IST" duration-ms="5399" status="PASS">
          <reporter-output>
          </reporter-output>
        </test-method> <!-- setUp -->
        <test-method signature="tc_cogmento_taskspage_051()[pri:0, instance:com.crm.qa.cogmento.testcases.TasksPageTest@762ef0ea]" started-at="2023-10-09T14:48:10 IST" name="tc_cogmento_taskspage_051" description="Verify and Validate Export Feature in the Tasks page" finished-at="2023-10-09T14:48:13 IST" duration-ms="2459" status="PASS">
          <reporter-output>
          </reporter-output>
        </test-method> <!-- tc_cogmento_taskspage_051 -->
        <test-method is-config="true" signature="tearDown()[pri:0, instance:com.crm.qa.cogmento.testcases.TasksPageTest@762ef0ea]" started-at="2023-10-09T14:48:13 IST" name="tearDown" finished-at="2023-10-09T14:48:13 IST" duration-ms="256" status="PASS">
          <reporter-output>
          </reporter-output>
        </test-method> <!-- tearDown -->
        <test-method is-config="true" signature="setUp()[pri:0, instance:com.crm.qa.cogmento.testcases.TasksPageTest@762ef0ea]" started-at="2023-10-09T14:48:13 IST" name="setUp" finished-at="2023-10-09T14:48:18 IST" duration-ms="4990" status="PASS">
          <reporter-output>
          </reporter-output>
        </test-method> <!-- setUp -->
        <test-method signature="tc_cogmento_taskspage_052()[pri:0, instance:com.crm.qa.cogmento.testcases.TasksPageTest@762ef0ea]" started-at="2023-10-09T14:48:18 IST" name="tc_cogmento_taskspage_052" description="Verify and Validate Create feature in the Tasks page and how many ways to Create New Tasks feature" finished-at="2023-10-09T14:48:21 IST" duration-ms="2907" status="PASS">
          <reporter-output>
          </reporter-output>
        </test-method> <!-- tc_cogmento_taskspage_052 -->
        <test-method is-config="true" signature="tearDown()[pri:0, instance:com.crm.qa.cogmento.testcases.TasksPageTest@762ef0ea]" started-at="2023-10-09T14:48:21 IST" name="tearDown" finished-at="2023-10-09T14:48:21 IST" duration-ms="209" status="PASS">
          <reporter-output>
          </reporter-output>
        </test-method> <!-- tearDown -->
        <test-method is-config="true" signature="setUp()[pri:0, instance:com.crm.qa.cogmento.testcases.TasksPageTest@762ef0ea]" started-at="2023-10-09T14:48:21 IST" name="setUp" finished-at="2023-10-09T14:48:26 IST" duration-ms="5187" status="PASS">
          <reporter-output>
          </reporter-output>
        </test-method> <!-- setUp -->
        <test-method signature="tc_cogmento_taskspage_053()[pri:0, instance:com.crm.qa.cogmento.testcases.TasksPageTest@762ef0ea]" started-at="2023-10-09T14:48:26 IST" name="tc_cogmento_taskspage_053" description="Verify and Validate Create New Tasks form page fill the form with some mandatory field " finished-at="2023-10-09T14:48:29 IST" duration-ms="2603" status="FAIL">
          <exception class="org.openqa.selenium.ElementNotInteractableException">
            <message>
              <![CDATA[element not interactable
  (Session info: chrome=117.0.5938.149)
Build info: version: '4.11.0', revision: '040bc5406b'
System info: os.name: 'Windows 11', os.arch: 'amd64', os.version: '10.0', java.version: '20.0.2'
Driver info: org.openqa.selenium.chrome.ChromeDriver
Command: [67525b601de196825034a454bb5ed68f, sendKeysToElement {id=C73031F321C642BAC88BE26A3A27411F_element_77, value=[Ljava.lang.CharSequence;@5b86ab5f}]
Capabilities {acceptInsecureCerts: false, browserName: chrome, browserVersion: 117.0.5938.149, chrome: {chromedriverVersion: 117.0.5938.149 (e3344ddefa1..., userDataDir: C:\Users\HP\AppData\Local\T...}, fedcm:accounts: true, goog:chromeOptions: {debuggerAddress: localhost:52058}, networkConnectionEnabled: false, pageLoadStrategy: normal, platformName: windows, proxy: Proxy(), se:cdp: ws://localhost:52058/devtoo..., se:cdpVersion: 117.0.5938.149, setWindowRect: true, strictFileInteractability: false, timeouts: {implicit: 0, pageLoad: 300000, script: 30000}, unhandledPromptBehavior: dismiss and notify, webauthn:extension:credBlob: true, webauthn:extension:largeBlob: true, webauthn:extension:minPinLength: true, webauthn:extension:prf: true, webauthn:virtualAuthenticators: true}
Element: [[ChromeDriver: chrome on windows (67525b601de196825034a454bb5ed68f)] -> xpath: //div//label[contains(text(),'Company')]//following::div[@name='company']]
Session ID: 67525b601de196825034a454bb5ed68f]]>
            </message>
            <full-stacktrace>
              <![CDATA[org.openqa.selenium.ElementNotInteractableException: element not interactable
  (Session info: chrome=117.0.5938.149)
Build info: version: '4.11.0', revision: '040bc5406b'
System info: os.name: 'Windows 11', os.arch: 'amd64', os.version: '10.0', java.version: '20.0.2'
Driver info: org.openqa.selenium.chrome.ChromeDriver
Command: [67525b601de196825034a454bb5ed68f, sendKeysToElement {id=C73031F321C642BAC88BE26A3A27411F_element_77, value=[Ljava.lang.CharSequence;@5b86ab5f}]
Capabilities {acceptInsecureCerts: false, browserName: chrome, browserVersion: 117.0.5938.149, chrome: {chromedriverVersion: 117.0.5938.149 (e3344ddefa1..., userDataDir: C:\Users\HP\AppData\Local\T...}, fedcm:accounts: true, goog:chromeOptions: {debuggerAddress: localhost:52058}, networkConnectionEnabled: false, pageLoadStrategy: normal, platformName: windows, proxy: Proxy(), se:cdp: ws://localhost:52058/devtoo..., se:cdpVersion: 117.0.5938.149, setWindowRect: true, strictFileInteractability: false, timeouts: {implicit: 0, pageLoad: 300000, script: 30000}, unhandledPromptBehavior: dismiss and notify, webauthn:extension:credBlob: true, webauthn:extension:largeBlob: true, webauthn:extension:minPinLength: true, webauthn:extension:prf: true, webauthn:virtualAuthenticators: true}
Element: [[ChromeDriver: chrome on windows (67525b601de196825034a454bb5ed68f)] -> xpath: //div//label[contains(text(),'Company')]//following::div[@name='company']]
Session ID: 67525b601de196825034a454bb5ed68f
at java.base/jdk.internal.reflect.DirectConstructorHandleAccessor.newInstance(DirectConstructorHandleAccessor.java:67)
at java.base/java.lang.reflect.Constructor.newInstanceWithCaller(Constructor.java:500)
at java.base/java.lang.reflect.Constructor.newInstance(Constructor.java:484)
at org.openqa.selenium.remote.codec.w3c.W3CHttpResponseCodec.createException(W3CHttpResponseCodec.java:200)
at org.openqa.selenium.remote.codec.w3c.W3CHttpResponseCodec.decode(W3CHttpResponseCodec.java:133)
at org.openqa.selenium.remote.codec.w3c.W3CHttpResponseCodec.decode(W3CHttpResponseCodec.java:52)
at org.openqa.selenium.remote.HttpCommandExecutor.execute(HttpCommandExecutor.java:191)
at org.openqa.selenium.remote.service.DriverCommandExecutor.invokeExecute(DriverCommandExecutor.java:196)
at org.openqa.selenium.remote.service.DriverCommandExecutor.execute(DriverCommandExecutor.java:171)
at org.openqa.selenium.remote.RemoteWebDriver.execute(RemoteWebDriver.java:518)
at org.openqa.selenium.remote.RemoteWebElement.execute(RemoteWebElement.java:224)
at org.openqa.selenium.remote.RemoteWebElement.sendKeys(RemoteWebElement.java:111)
at java.base/jdk.internal.reflect.DirectMethodHandleAccessor.invoke(DirectMethodHandleAccessor.java:104)
at java.base/java.lang.reflect.Method.invoke(Method.java:578)
at org.openqa.selenium.support.pagefactory.internal.LocatingElementHandler.invoke(LocatingElementHandler.java:51)
at jdk.proxy2/jdk.proxy2.$Proxy32.sendKeys(Unknown Source)
at com.crm.dev.DriverManager.BasePage.getRandomCompanyName(BasePage.java:178)
at com.crm.qa.cogmento.testcases.TasksPageTest.tc_cogmento_taskspage_053(TasksPageTest.java:252)
at java.base/jdk.internal.reflect.DirectMethodHandleAccessor.invoke(DirectMethodHandleAccessor.java:104)
at java.base/java.lang.reflect.Method.invoke(Method.java:578)
at org.testng.internal.invokers.MethodInvocationHelper.invokeMethod(MethodInvocationHelper.java:139)
at org.testng.internal.invokers.TestInvoker.invokeMethod(TestInvoker.java:664)
at org.testng.internal.invokers.TestInvoker.invokeTestMethod(TestInvoker.java:227)
at org.testng.internal.invokers.MethodRunner.runInSequence(MethodRunner.java:50)
at org.testng.internal.invokers.TestInvoker$MethodInvocationAgent.invoke(TestInvoker.java:957)
at org.testng.internal.invokers.TestInvoker.invokeTestMethods(TestInvoker.java:200)
at org.testng.internal.invokers.TestMethodWorker.invokeTestMethods(TestMethodWorker.java:148)
at org.testng.internal.invokers.TestMethodWorker.run(TestMethodWorker.java:128)
at java.base/java.util.ArrayList.forEach(ArrayList.java:1511)
at org.testng.TestRunner.privateRun(TestRunner.java:848)
at org.testng.TestRunner.run(TestRunner.java:621)
at org.testng.SuiteRunner.runTest(SuiteRunner.java:443)
at org.testng.SuiteRunner.runSequentially(SuiteRunner.java:437)
at org.testng.SuiteRunner.privateRun(SuiteRunner.java:397)
at org.testng.SuiteRunner.run(SuiteRunner.java:336)
at org.testng.SuiteRunnerWorker.runSuite(SuiteRunnerWorker.java:52)
at org.testng.SuiteRunnerWorker.run(SuiteRunnerWorker.java:95)
at org.testng.TestNG.runSuitesSequentially(TestNG.java:1280)
at org.testng.TestNG.runSuitesLocally(TestNG.java:1200)
at org.testng.TestNG.runSuites(TestNG.java:1114)
at org.testng.TestNG.run(TestNG.java:1082)
at org.testng.remote.AbstractRemoteTestNG.run(AbstractRemoteTestNG.java:115)
at org.testng.remote.RemoteTestNG.initAndRun(RemoteTestNG.java:251)
at org.testng.remote.RemoteTestNG.main(RemoteTestNG.java:77)
]]>
            </full-stacktrace>
          </exception> <!-- org.openqa.selenium.ElementNotInteractableException -->
          <reporter-output>
          </reporter-output>
        </test-method> <!-- tc_cogmento_taskspage_053 -->
        <test-method is-config="true" signature="tearDown()[pri:0, instance:com.crm.qa.cogmento.testcases.TasksPageTest@762ef0ea]" started-at="2023-10-09T14:48:29 IST" name="tearDown" finished-at="2023-10-09T14:48:29 IST" duration-ms="219" status="PASS">
          <reporter-output>
          </reporter-output>
        </test-method> <!-- tearDown -->
        <test-method is-config="true" signature="setUp()[pri:0, instance:com.crm.qa.cogmento.testcases.TasksPageTest@762ef0ea]" started-at="2023-10-09T14:48:29 IST" name="setUp" finished-at="2023-10-09T14:48:34 IST" duration-ms="5064" status="PASS">
          <reporter-output>
          </reporter-output>
        </test-method> <!-- setUp -->
        <test-method signature="tc_cogmento_taskspage_054()[pri:0, instance:com.crm.qa.cogmento.testcases.TasksPageTest@762ef0ea]" started-at="2023-10-09T14:48:34 IST" name="tc_cogmento_taskspage_054" description="Verify and Validate Create New Task form page contains Status dropdown select value click on save button" finished-at="2023-10-09T14:48:57 IST" duration-ms="22478" status="FAIL">
          <exception class="java.lang.IllegalArgumentException">
            <message>
              <![CDATA[bound must be positive]]>
            </message>
            <full-stacktrace>
              <![CDATA[java.lang.IllegalArgumentException: bound must be positive
at java.base/java.util.Random.nextInt(Random.java:557)
at com.crm.dev.DriverManager.BasePage.selectRandomDropDownValue(BasePage.java:156)
at com.crm.qa.cogmento.testcases.TasksPageTest.tc_cogmento_taskspage_054(TasksPageTest.java:282)
at java.base/jdk.internal.reflect.DirectMethodHandleAccessor.invoke(DirectMethodHandleAccessor.java:104)
at java.base/java.lang.reflect.Method.invoke(Method.java:578)
at org.testng.internal.invokers.MethodInvocationHelper.invokeMethod(MethodInvocationHelper.java:139)
at org.testng.internal.invokers.TestInvoker.invokeMethod(TestInvoker.java:664)
at org.testng.internal.invokers.TestInvoker.invokeTestMethod(TestInvoker.java:227)
at org.testng.internal.invokers.MethodRunner.runInSequence(MethodRunner.java:50)
at org.testng.internal.invokers.TestInvoker$MethodInvocationAgent.invoke(TestInvoker.java:957)
at org.testng.internal.invokers.TestInvoker.invokeTestMethods(TestInvoker.java:200)
at org.testng.internal.invokers.TestMethodWorker.invokeTestMethods(TestMethodWorker.java:148)
at org.testng.internal.invokers.TestMethodWorker.run(TestMethodWorker.java:128)
at java.base/java.util.ArrayList.forEach(ArrayList.java:1511)
at org.testng.TestRunner.privateRun(TestRunner.java:848)
at org.testng.TestRunner.run(TestRunner.java:621)
at org.testng.SuiteRunner.runTest(SuiteRunner.java:443)
at org.testng.SuiteRunner.runSequentially(SuiteRunner.java:437)
at org.testng.SuiteRunner.privateRun(SuiteRunner.java:397)
at org.testng.SuiteRunner.run(SuiteRunner.java:336)
at org.testng.SuiteRunnerWorker.runSuite(SuiteRunnerWorker.java:52)
at org.testng.SuiteRunnerWorker.run(SuiteRunnerWorker.java:95)
at org.testng.TestNG.runSuitesSequentially(TestNG.java:1280)
at org.testng.TestNG.runSuitesLocally(TestNG.java:1200)
at org.testng.TestNG.runSuites(TestNG.java:1114)
at org.testng.TestNG.run(TestNG.java:1082)
at org.testng.remote.AbstractRemoteTestNG.run(AbstractRemoteTestNG.java:115)
at org.testng.remote.RemoteTestNG.initAndRun(RemoteTestNG.java:251)
at org.testng.remote.RemoteTestNG.main(RemoteTestNG.java:77)
]]>
            </full-stacktrace>
          </exception> <!-- java.lang.IllegalArgumentException -->
          <reporter-output>
          </reporter-output>
        </test-method> <!-- tc_cogmento_taskspage_054 -->
        <test-method is-config="true" signature="tearDown()[pri:0, instance:com.crm.qa.cogmento.testcases.TasksPageTest@762ef0ea]" started-at="2023-10-09T14:48:57 IST" name="tearDown" finished-at="2023-10-09T14:48:57 IST" duration-ms="219" status="PASS">
          <reporter-output>
          </reporter-output>
        </test-method> <!-- tearDown -->
        <test-method is-config="true" signature="setUp()[pri:0, instance:com.crm.qa.cogmento.testcases.TasksPageTest@762ef0ea]" started-at="2023-10-09T14:48:57 IST" name="setUp" finished-at="2023-10-09T14:49:03 IST" duration-ms="5712" status="PASS">
          <reporter-output>
          </reporter-output>
        </test-method> <!-- setUp -->
        <test-method signature="tc_cogmento_taskspage_055()[pri:0, instance:com.crm.qa.cogmento.testcases.TasksPageTest@762ef0ea]" started-at="2023-10-09T14:49:03 IST" name="tc_cogmento_taskspage_055" description="Verify and Validate ShowFilters feature in Tasks page if is displayed and enabled click ShowFilters button" finished-at="2023-10-09T14:49:05 IST" duration-ms="2650" status="PASS">
          <reporter-output>
          </reporter-output>
        </test-method> <!-- tc_cogmento_taskspage_055 -->
        <test-method is-config="true" signature="tearDown()[pri:0, instance:com.crm.qa.cogmento.testcases.TasksPageTest@762ef0ea]" started-at="2023-10-09T14:49:05 IST" name="tearDown" finished-at="2023-10-09T14:49:05 IST" duration-ms="220" status="PASS">
          <reporter-output>
          </reporter-output>
        </test-method> <!-- tearDown -->
        <test-method is-config="true" signature="setUp()[pri:0, instance:com.crm.qa.cogmento.testcases.TasksPageTest@762ef0ea]" started-at="2023-10-09T14:49:05 IST" name="setUp" finished-at="2023-10-09T14:49:12 IST" duration-ms="6062" status="PASS">
          <reporter-output>
          </reporter-output>
        </test-method> <!-- setUp -->
        <test-method signature="tc_cogmento_taskspage_056()[pri:0, instance:com.crm.qa.cogmento.testcases.TasksPageTest@762ef0ea]" started-at="2023-10-09T14:49:12 IST" name="tc_cogmento_taskspage_056" description="Verify and Validate Board feature in Tasks page Board feature is clickable" finished-at="2023-10-09T14:49:14 IST" duration-ms="2461" status="PASS">
          <reporter-output>
          </reporter-output>
        </test-method> <!-- tc_cogmento_taskspage_056 -->
        <test-method is-config="true" signature="tearDown()[pri:0, instance:com.crm.qa.cogmento.testcases.TasksPageTest@762ef0ea]" started-at="2023-10-09T14:49:14 IST" name="tearDown" finished-at="2023-10-09T14:49:14 IST" duration-ms="185" status="PASS">
          <reporter-output>
          </reporter-output>
        </test-method> <!-- tearDown -->
        <test-method is-config="true" signature="setUp()[pri:0, instance:com.crm.qa.cogmento.testcases.TasksPageTest@762ef0ea]" started-at="2023-10-09T14:49:14 IST" name="setUp" finished-at="2023-10-09T14:49:20 IST" duration-ms="5368" status="PASS">
          <reporter-output>
          </reporter-output>
        </test-method> <!-- setUp -->
        <test-method signature="tc_cogmento_taskspage_057()[pri:0, instance:com.crm.qa.cogmento.testcases.TasksPageTest@762ef0ea]" started-at="2023-10-09T14:49:20 IST" name="tc_cogmento_taskspage_057" description="Verify Tasks page contains dropdown button click on it, it should contain default view in the dropdown and validate table  Header list" finished-at="2023-10-09T14:49:22 IST" duration-ms="2408" status="FAIL">
          <exception class="java.lang.AssertionError">
            <message>
              <![CDATA[lists don't have the same size expected [4] but found [5]]]>
            </message>
            <full-stacktrace>
              <![CDATA[java.lang.AssertionError: lists don't have the same size expected [4] but found [5]
at org.testng.Assert.fail(Assert.java:111)
at org.testng.Assert.failNotEquals(Assert.java:1578)
at org.testng.Assert.assertEqualsImpl(Assert.java:150)
at org.testng.Assert.assertEquals(Assert.java:132)
at org.testng.Assert.assertEquals(Assert.java:1419)
at org.testng.Assert.assertEquals(Assert.java:1383)
at org.testng.Assert.assertEquals(Assert.java:1630)
at org.testng.Assert.assertEquals(Assert.java:1606)
at com.crm.qa.cogmento.testcases.TasksPageTest.tc_cogmento_taskspage_057(TasksPageTest.java:236)
at java.base/jdk.internal.reflect.DirectMethodHandleAccessor.invoke(DirectMethodHandleAccessor.java:104)
at java.base/java.lang.reflect.Method.invoke(Method.java:578)
at org.testng.internal.invokers.MethodInvocationHelper.invokeMethod(MethodInvocationHelper.java:139)
at org.testng.internal.invokers.TestInvoker.invokeMethod(TestInvoker.java:664)
at org.testng.internal.invokers.TestInvoker.invokeTestMethod(TestInvoker.java:227)
at org.testng.internal.invokers.MethodRunner.runInSequence(MethodRunner.java:50)
at org.testng.internal.invokers.TestInvoker$MethodInvocationAgent.invoke(TestInvoker.java:957)
at org.testng.internal.invokers.TestInvoker.invokeTestMethods(TestInvoker.java:200)
at org.testng.internal.invokers.TestMethodWorker.invokeTestMethods(TestMethodWorker.java:148)
at org.testng.internal.invokers.TestMethodWorker.run(TestMethodWorker.java:128)
at java.base/java.util.ArrayList.forEach(ArrayList.java:1511)
at org.testng.TestRunner.privateRun(TestRunner.java:848)
at org.testng.TestRunner.run(TestRunner.java:621)
at org.testng.SuiteRunner.runTest(SuiteRunner.java:443)
at org.testng.SuiteRunner.runSequentially(SuiteRunner.java:437)
at org.testng.SuiteRunner.privateRun(SuiteRunner.java:397)
at org.testng.SuiteRunner.run(SuiteRunner.java:336)
at org.testng.SuiteRunnerWorker.runSuite(SuiteRunnerWorker.java:52)
at org.testng.SuiteRunnerWorker.run(SuiteRunnerWorker.java:95)
at org.testng.TestNG.runSuitesSequentially(TestNG.java:1280)
at org.testng.TestNG.runSuitesLocally(TestNG.java:1200)
at org.testng.TestNG.runSuites(TestNG.java:1114)
at org.testng.TestNG.run(TestNG.java:1082)
at org.testng.remote.AbstractRemoteTestNG.run(AbstractRemoteTestNG.java:115)
at org.testng.remote.RemoteTestNG.initAndRun(RemoteTestNG.java:251)
at org.testng.remote.RemoteTestNG.main(RemoteTestNG.java:77)
]]>
            </full-stacktrace>
          </exception> <!-- java.lang.AssertionError -->
          <reporter-output>
          </reporter-output>
        </test-method> <!-- tc_cogmento_taskspage_057 -->
        <test-method is-config="true" signature="tearDown()[pri:0, instance:com.crm.qa.cogmento.testcases.TasksPageTest@762ef0ea]" started-at="2023-10-09T14:49:22 IST" name="tearDown" finished-at="2023-10-09T14:49:22 IST" duration-ms="222" status="PASS">
          <reporter-output>
          </reporter-output>
        </test-method> <!-- tearDown -->
      </class> <!-- com.crm.qa.cogmento.testcases.TasksPageTest -->
      <class name="com.crm.qa.cogmento.testcases.CallsPageTest">
        <test-method is-config="true" signature="setUp()[pri:0, instance:com.crm.qa.cogmento.testcases.CallsPageTest@63070bab]" started-at="2023-10-09T14:38:55 IST" name="setUp" finished-at="2023-10-09T14:39:00 IST" duration-ms="5002" status="PASS">
          <reporter-output>
          </reporter-output>
        </test-method> <!-- setUp -->
        <test-method signature="tc_cogmento_callspage_068()[pri:0, instance:com.crm.qa.cogmento.testcases.CallsPageTest@63070bab]" started-at="2023-10-09T14:39:00 IST" name="tc_cogmento_callspage_068" description="Verify Calls page is displayed and Enabled should be clickable when concure is moved to Menu tab" finished-at="2023-10-09T14:39:03 IST" duration-ms="2366" status="PASS">
          <reporter-output>
          </reporter-output>
        </test-method> <!-- tc_cogmento_callspage_068 -->
        <test-method is-config="true" signature="tearDown()[pri:0, instance:com.crm.qa.cogmento.testcases.CallsPageTest@63070bab]" started-at="2023-10-09T14:39:03 IST" name="tearDown" finished-at="2023-10-09T14:39:03 IST" duration-ms="309" status="PASS">
          <reporter-output>
          </reporter-output>
        </test-method> <!-- tearDown -->
        <test-method is-config="true" signature="setUp()[pri:0, instance:com.crm.qa.cogmento.testcases.CallsPageTest@63070bab]" started-at="2023-10-09T14:39:03 IST" name="setUp" finished-at="2023-10-09T14:39:08 IST" duration-ms="5289" status="PASS">
          <reporter-output>
          </reporter-output>
        </test-method> <!-- setUp -->
        <test-method signature="tc_cogmento_callspage_069()[pri:0, instance:com.crm.qa.cogmento.testcases.CallsPageTest@63070bab]" started-at="2023-10-09T14:39:08 IST" name="tc_cogmento_callspage_069" description="Verify Calls page has navigated once Cases feature Is clicked and Verify All header are visiable" finished-at="2023-10-09T14:39:11 IST" duration-ms="2379" status="PASS">
          <reporter-output>
          </reporter-output>
        </test-method> <!-- tc_cogmento_callspage_069 -->
        <test-method is-config="true" signature="tearDown()[pri:0, instance:com.crm.qa.cogmento.testcases.CallsPageTest@63070bab]" started-at="2023-10-09T14:39:11 IST" name="tearDown" finished-at="2023-10-09T14:39:11 IST" duration-ms="239" status="PASS">
          <reporter-output>
          </reporter-output>
        </test-method> <!-- tearDown -->
        <test-method is-config="true" signature="setUp()[pri:0, instance:com.crm.qa.cogmento.testcases.CallsPageTest@63070bab]" started-at="2023-10-09T14:39:11 IST" name="setUp" finished-at="2023-10-09T14:39:16 IST" duration-ms="5439" status="PASS">
          <reporter-output>
          </reporter-output>
        </test-method> <!-- setUp -->
        <test-method signature="tc_cogmento_callspage_070()[pri:0, instance:com.crm.qa.cogmento.testcases.CallsPageTest@63070bab]" started-at="2023-10-09T14:39:16 IST" name="tc_cogmento_callspage_070" description="Verify Calls page has navigated verify Headers contains dropdwon,showfilter, Export, Create this all Headers should enabled and displayed" finished-at="2023-10-09T14:39:20 IST" duration-ms="3492" status="PASS">
          <reporter-output>
          </reporter-output>
        </test-method> <!-- tc_cogmento_callspage_070 -->
        <test-method is-config="true" signature="tearDown()[pri:0, instance:com.crm.qa.cogmento.testcases.CallsPageTest@63070bab]" started-at="2023-10-09T14:39:20 IST" name="tearDown" finished-at="2023-10-09T14:39:20 IST" duration-ms="296" status="PASS">
          <reporter-output>
          </reporter-output>
        </test-method> <!-- tearDown -->
        <test-method is-config="true" signature="setUp()[pri:0, instance:com.crm.qa.cogmento.testcases.CallsPageTest@63070bab]" started-at="2023-10-09T14:39:20 IST" name="setUp" finished-at="2023-10-09T14:39:25 IST" duration-ms="4932" status="PASS">
          <reporter-output>
          </reporter-output>
        </test-method> <!-- setUp -->
        <test-method signature="tc_cogmento_callspage_072()[pri:0, instance:com.crm.qa.cogmento.testcases.CallsPageTest@63070bab]" started-at="2023-10-09T14:39:25 IST" name="tc_cogmento_callspage_072" description="Verify and Validate Show filter Feature in the Calls page" finished-at="2023-10-09T14:39:28 IST" duration-ms="2826" status="PASS">
          <reporter-output>
          </reporter-output>
        </test-method> <!-- tc_cogmento_callspage_072 -->
        <test-method is-config="true" signature="tearDown()[pri:0, instance:com.crm.qa.cogmento.testcases.CallsPageTest@63070bab]" started-at="2023-10-09T14:39:28 IST" name="tearDown" finished-at="2023-10-09T14:39:28 IST" duration-ms="282" status="PASS">
          <reporter-output>
          </reporter-output>
        </test-method> <!-- tearDown -->
        <test-method is-config="true" signature="setUp()[pri:0, instance:com.crm.qa.cogmento.testcases.CallsPageTest@63070bab]" started-at="2023-10-09T14:39:28 IST" name="setUp" finished-at="2023-10-09T14:39:33 IST" duration-ms="5079" status="PASS">
          <reporter-output>
          </reporter-output>
        </test-method> <!-- setUp -->
        <test-method signature="tc_cogmento_callspage_073()[pri:0, instance:com.crm.qa.cogmento.testcases.CallsPageTest@63070bab]" started-at="2023-10-09T14:39:33 IST" name="tc_cogmento_callspage_073" description="Verify Calls page contains dropdown button click on it, it should contain default view in the dropdown" finished-at="2023-10-09T14:39:36 IST" duration-ms="3042" status="PASS">
          <reporter-output>
          </reporter-output>
        </test-method> <!-- tc_cogmento_callspage_073 -->
        <test-method is-config="true" signature="tearDown()[pri:0, instance:com.crm.qa.cogmento.testcases.CallsPageTest@63070bab]" started-at="2023-10-09T14:39:36 IST" name="tearDown" finished-at="2023-10-09T14:39:37 IST" duration-ms="257" status="PASS">
          <reporter-output>
          </reporter-output>
        </test-method> <!-- tearDown -->
        <test-method is-config="true" signature="setUp()[pri:0, instance:com.crm.qa.cogmento.testcases.CallsPageTest@63070bab]" started-at="2023-10-09T14:39:37 IST" name="setUp" finished-at="2023-10-09T14:39:42 IST" duration-ms="5104" status="PASS">
          <reporter-output>
          </reporter-output>
        </test-method> <!-- setUp -->
        <test-method signature="tc_cogmento_callspage_074()[pri:0, instance:com.crm.qa.cogmento.testcases.CallsPageTest@63070bab]" started-at="2023-10-09T14:39:42 IST" name="tc_cogmento_callspage_074" description="Verify and Validate Export Feature in the Calls page" finished-at="2023-10-09T14:39:44 IST" duration-ms="2526" status="PASS">
          <reporter-output>
          </reporter-output>
        </test-method> <!-- tc_cogmento_callspage_074 -->
        <test-method is-config="true" signature="tearDown()[pri:0, instance:com.crm.qa.cogmento.testcases.CallsPageTest@63070bab]" started-at="2023-10-09T14:39:44 IST" name="tearDown" finished-at="2023-10-09T14:39:45 IST" duration-ms="335" status="PASS">
          <reporter-output>
          </reporter-output>
        </test-method> <!-- tearDown -->
        <test-method is-config="true" signature="setUp()[pri:0, instance:com.crm.qa.cogmento.testcases.CallsPageTest@63070bab]" started-at="2023-10-09T14:39:45 IST" name="setUp" finished-at="2023-10-09T14:39:50 IST" duration-ms="5042" status="PASS">
          <reporter-output>
          </reporter-output>
        </test-method> <!-- setUp -->
        <test-method signature="tc_cogmento_callspage_075()[pri:0, instance:com.crm.qa.cogmento.testcases.CallsPageTest@63070bab]" started-at="2023-10-09T14:39:50 IST" name="tc_cogmento_callspage_075" description="Verify and Validate Create feature in the Calls page and how many ways to create Call feature" finished-at="2023-10-09T14:39:53 IST" duration-ms="3455" status="PASS">
          <reporter-output>
          </reporter-output>
        </test-method> <!-- tc_cogmento_callspage_075 -->
        <test-method is-config="true" signature="tearDown()[pri:0, instance:com.crm.qa.cogmento.testcases.CallsPageTest@63070bab]" started-at="2023-10-09T14:39:53 IST" name="tearDown" finished-at="2023-10-09T14:39:53 IST" duration-ms="230" status="PASS">
          <reporter-output>
          </reporter-output>
        </test-method> <!-- tearDown -->
        <test-method is-config="true" signature="setUp()[pri:0, instance:com.crm.qa.cogmento.testcases.CallsPageTest@63070bab]" started-at="2023-10-09T14:39:53 IST" name="setUp" finished-at="2023-10-09T14:39:58 IST" duration-ms="5049" status="PASS">
          <reporter-output>
          </reporter-output>
        </test-method> <!-- setUp -->
        <test-method signature="tc_cogmento_callspage_077()[pri:0, instance:com.crm.qa.cogmento.testcases.CallsPageTest@63070bab]" started-at="2023-10-09T14:39:58 IST" name="tc_cogmento_callspage_077" description="Verify and Validate Create New Calls form page contains Type dropdown select value click on save button " finished-at="2023-10-09T14:40:41 IST" duration-ms="42733" status="FAIL">
          <exception class="org.openqa.selenium.NoSuchElementException">
            <message>
              <![CDATA[no such element: Unable to locate element: {"method":"xpath","selector":"//div//label[contains(text(),'Participants')]//following::div[contains(@class,'ui active')]"}
  (Session info: chrome=117.0.5938.149)
For documentation on this error, please visit: https://www.selenium.dev/documentation/webdriver/troubleshooting/errors#no-such-element-exception
Build info: version: '4.11.0', revision: '040bc5406b'
System info: os.name: 'Windows 11', os.arch: 'amd64', os.version: '10.0', java.version: '20.0.2'
Driver info: org.openqa.selenium.chrome.ChromeDriver
Command: [ebf6c8eded94a69dc2c703821da58dd1, findElement {using=xpath, value=//div//label[contains(text(),'Participants')]//following::div[contains(@class,'ui active')]}]
Capabilities {acceptInsecureCerts: false, browserName: chrome, browserVersion: 117.0.5938.149, chrome: {chromedriverVersion: 117.0.5938.149 (e3344ddefa1..., userDataDir: C:\Users\HP\AppData\Local\T...}, fedcm:accounts: true, goog:chromeOptions: {debuggerAddress: localhost:50449}, networkConnectionEnabled: false, pageLoadStrategy: normal, platformName: windows, proxy: Proxy(), se:cdp: ws://localhost:50449/devtoo..., se:cdpVersion: 117.0.5938.149, setWindowRect: true, strictFileInteractability: false, timeouts: {implicit: 0, pageLoad: 300000, script: 30000}, unhandledPromptBehavior: dismiss and notify, webauthn:extension:credBlob: true, webauthn:extension:largeBlob: true, webauthn:extension:minPinLength: true, webauthn:extension:prf: true, webauthn:virtualAuthenticators: true}
Session ID: ebf6c8eded94a69dc2c703821da58dd1]]>
            </message>
            <full-stacktrace>
              <![CDATA[org.openqa.selenium.NoSuchElementException: no such element: Unable to locate element: {"method":"xpath","selector":"//div//label[contains(text(),'Participants')]//following::div[contains(@class,'ui active')]"}
  (Session info: chrome=117.0.5938.149)
For documentation on this error, please visit: https://www.selenium.dev/documentation/webdriver/troubleshooting/errors#no-such-element-exception
Build info: version: '4.11.0', revision: '040bc5406b'
System info: os.name: 'Windows 11', os.arch: 'amd64', os.version: '10.0', java.version: '20.0.2'
Driver info: org.openqa.selenium.chrome.ChromeDriver
Command: [ebf6c8eded94a69dc2c703821da58dd1, findElement {using=xpath, value=//div//label[contains(text(),'Participants')]//following::div[contains(@class,'ui active')]}]
Capabilities {acceptInsecureCerts: false, browserName: chrome, browserVersion: 117.0.5938.149, chrome: {chromedriverVersion: 117.0.5938.149 (e3344ddefa1..., userDataDir: C:\Users\HP\AppData\Local\T...}, fedcm:accounts: true, goog:chromeOptions: {debuggerAddress: localhost:50449}, networkConnectionEnabled: false, pageLoadStrategy: normal, platformName: windows, proxy: Proxy(), se:cdp: ws://localhost:50449/devtoo..., se:cdpVersion: 117.0.5938.149, setWindowRect: true, strictFileInteractability: false, timeouts: {implicit: 0, pageLoad: 300000, script: 30000}, unhandledPromptBehavior: dismiss and notify, webauthn:extension:credBlob: true, webauthn:extension:largeBlob: true, webauthn:extension:minPinLength: true, webauthn:extension:prf: true, webauthn:virtualAuthenticators: true}
Session ID: ebf6c8eded94a69dc2c703821da58dd1
at java.base/jdk.internal.reflect.DirectConstructorHandleAccessor.newInstance(DirectConstructorHandleAccessor.java:67)
at java.base/java.lang.reflect.Constructor.newInstanceWithCaller(Constructor.java:500)
at java.base/java.lang.reflect.Constructor.newInstance(Constructor.java:484)
at org.openqa.selenium.remote.codec.w3c.W3CHttpResponseCodec.createException(W3CHttpResponseCodec.java:200)
at org.openqa.selenium.remote.codec.w3c.W3CHttpResponseCodec.decode(W3CHttpResponseCodec.java:133)
at org.openqa.selenium.remote.codec.w3c.W3CHttpResponseCodec.decode(W3CHttpResponseCodec.java:52)
at org.openqa.selenium.remote.HttpCommandExecutor.execute(HttpCommandExecutor.java:191)
at org.openqa.selenium.remote.service.DriverCommandExecutor.invokeExecute(DriverCommandExecutor.java:196)
at org.openqa.selenium.remote.service.DriverCommandExecutor.execute(DriverCommandExecutor.java:171)
at org.openqa.selenium.remote.RemoteWebDriver.execute(RemoteWebDriver.java:518)
at org.openqa.selenium.remote.ElementLocation$ElementFinder$2.findElement(ElementLocation.java:165)
at org.openqa.selenium.remote.ElementLocation.findElement(ElementLocation.java:59)
at org.openqa.selenium.remote.RemoteWebDriver.findElement(RemoteWebDriver.java:355)
at org.openqa.selenium.remote.RemoteWebDriver.findElement(RemoteWebDriver.java:349)
at org.openqa.selenium.support.pagefactory.DefaultElementLocator.findElement(DefaultElementLocator.java:68)
at org.openqa.selenium.support.pagefactory.internal.LocatingElementHandler.invoke(LocatingElementHandler.java:38)
at jdk.proxy2/jdk.proxy2.$Proxy32.click(Unknown Source)
at com.crm.dev.PageObjects.CallsPage.getRandomParticipants(CallsPage.java:185)
at com.crm.qa.cogmento.testcases.CallsPageTest.tc_cogmento_callspage_077(CallsPageTest.java:161)
at java.base/jdk.internal.reflect.DirectMethodHandleAccessor.invoke(DirectMethodHandleAccessor.java:104)
at java.base/java.lang.reflect.Method.invoke(Method.java:578)
at org.testng.internal.invokers.MethodInvocationHelper.invokeMethod(MethodInvocationHelper.java:139)
at org.testng.internal.invokers.TestInvoker.invokeMethod(TestInvoker.java:664)
at org.testng.internal.invokers.TestInvoker.invokeTestMethod(TestInvoker.java:227)
at org.testng.internal.invokers.MethodRunner.runInSequence(MethodRunner.java:50)
at org.testng.internal.invokers.TestInvoker$MethodInvocationAgent.invoke(TestInvoker.java:957)
at org.testng.internal.invokers.TestInvoker.invokeTestMethods(TestInvoker.java:200)
at org.testng.internal.invokers.TestMethodWorker.invokeTestMethods(TestMethodWorker.java:148)
at org.testng.internal.invokers.TestMethodWorker.run(TestMethodWorker.java:128)
at java.base/java.util.ArrayList.forEach(ArrayList.java:1511)
at org.testng.TestRunner.privateRun(TestRunner.java:848)
at org.testng.TestRunner.run(TestRunner.java:621)
at org.testng.SuiteRunner.runTest(SuiteRunner.java:443)
at org.testng.SuiteRunner.runSequentially(SuiteRunner.java:437)
at org.testng.SuiteRunner.privateRun(SuiteRunner.java:397)
at org.testng.SuiteRunner.run(SuiteRunner.java:336)
at org.testng.SuiteRunnerWorker.runSuite(SuiteRunnerWorker.java:52)
at org.testng.SuiteRunnerWorker.run(SuiteRunnerWorker.java:95)
at org.testng.TestNG.runSuitesSequentially(TestNG.java:1280)
at org.testng.TestNG.runSuitesLocally(TestNG.java:1200)
at org.testng.TestNG.runSuites(TestNG.java:1114)
at org.testng.TestNG.run(TestNG.java:1082)
at org.testng.remote.AbstractRemoteTestNG.run(AbstractRemoteTestNG.java:115)
at org.testng.remote.RemoteTestNG.initAndRun(RemoteTestNG.java:251)
at org.testng.remote.RemoteTestNG.main(RemoteTestNG.java:77)
]]>
            </full-stacktrace>
          </exception> <!-- org.openqa.selenium.NoSuchElementException -->
          <reporter-output>
          </reporter-output>
        </test-method> <!-- tc_cogmento_callspage_077 -->
        <test-method is-config="true" signature="tearDown()[pri:0, instance:com.crm.qa.cogmento.testcases.CallsPageTest@63070bab]" started-at="2023-10-09T14:40:41 IST" name="tearDown" finished-at="2023-10-09T14:40:41 IST" duration-ms="297" status="PASS">
          <reporter-output>
          </reporter-output>
        </test-method> <!-- tearDown -->
      </class> <!-- com.crm.qa.cogmento.testcases.CallsPageTest -->
      <class name="com.crm.qa.cogmento.testcases.HomePageTest">
        <test-method is-config="true" signature="setUp()[pri:0, instance:com.crm.qa.cogmento.testcases.HomePageTest@305b7c14]" started-at="2023-10-09T14:37:55 IST" name="setUp" finished-at="2023-10-09T14:38:07 IST" duration-ms="11757" status="PASS">
          <reporter-output>
          </reporter-output>
        </test-method> <!-- setUp -->
        <test-method signature="tc_cogmento_homepage_001()[pri:0, instance:com.crm.qa.cogmento.testcases.HomePageTest@305b7c14]" started-at="2023-10-09T14:38:07 IST" name="tc_cogmento_homepage_001" description="Verify Home Page Is Displayed Once User is Logged In with valid credentials" finished-at="2023-10-09T14:38:07 IST" duration-ms="17" status="PASS">
          <reporter-output>
          </reporter-output>
        </test-method> <!-- tc_cogmento_homepage_001 -->
        <test-method is-config="true" signature="tearDown()[pri:0, instance:com.crm.qa.cogmento.testcases.HomePageTest@305b7c14]" started-at="2023-10-09T14:38:07 IST" name="tearDown" finished-at="2023-10-09T14:38:07 IST" duration-ms="518" status="PASS">
          <reporter-output>
          </reporter-output>
        </test-method> <!-- tearDown -->
        <test-method is-config="true" signature="setUp()[pri:0, instance:com.crm.qa.cogmento.testcases.HomePageTest@305b7c14]" started-at="2023-10-09T14:38:07 IST" name="setUp" finished-at="2023-10-09T14:38:12 IST" duration-ms="5205" status="PASS">
          <reporter-output>
          </reporter-output>
        </test-method> <!-- setUp -->
        <test-method signature="tc_cogmento_homepage_002()[pri:0, instance:com.crm.qa.cogmento.testcases.HomePageTest@305b7c14]" started-at="2023-10-09T14:38:12 IST" name="tc_cogmento_homepage_002" description="Verify All Fields in HomePage" finished-at="2023-10-09T14:38:15 IST" duration-ms="2717" status="PASS">
          <reporter-output>
          </reporter-output>
        </test-method> <!-- tc_cogmento_homepage_002 -->
        <test-method is-config="true" signature="tearDown()[pri:0, instance:com.crm.qa.cogmento.testcases.HomePageTest@305b7c14]" started-at="2023-10-09T14:38:15 IST" name="tearDown" finished-at="2023-10-09T14:38:15 IST" duration-ms="333" status="PASS">
          <reporter-output>
          </reporter-output>
        </test-method> <!-- tearDown -->
        <test-method is-config="true" signature="setUp()[pri:0, instance:com.crm.qa.cogmento.testcases.HomePageTest@305b7c14]" started-at="2023-10-09T14:38:15 IST" name="setUp" finished-at="2023-10-09T14:38:21 IST" duration-ms="5153" status="PASS">
          <reporter-output>
          </reporter-output>
        </test-method> <!-- setUp -->
        <test-method signature="tc_cogmento_homepage_003()[pri:0, instance:com.crm.qa.cogmento.testcases.HomePageTest@305b7c14]" started-at="2023-10-09T14:38:21 IST" name="tc_cogmento_homepage_003" description="Verify and get all settings feature options available after click on to the setting button" finished-at="2023-10-09T14:38:24 IST" duration-ms="2977" status="PASS">
          <reporter-output>
          </reporter-output>
        </test-method> <!-- tc_cogmento_homepage_003 -->
        <test-method is-config="true" signature="tearDown()[pri:0, instance:com.crm.qa.cogmento.testcases.HomePageTest@305b7c14]" started-at="2023-10-09T14:38:24 IST" name="tearDown" finished-at="2023-10-09T14:38:24 IST" duration-ms="273" status="PASS">
          <reporter-output>
          </reporter-output>
        </test-method> <!-- tearDown -->
        <test-method is-config="true" signature="setUp()[pri:0, instance:com.crm.qa.cogmento.testcases.HomePageTest@305b7c14]" started-at="2023-10-09T14:38:24 IST" name="setUp" finished-at="2023-10-09T14:38:29 IST" duration-ms="4935" status="PASS">
          <reporter-output>
          </reporter-output>
        </test-method> <!-- setUp -->
        <test-method signature="tc_cogmento_homepage_004()[pri:0, instance:com.crm.qa.cogmento.testcases.HomePageTest@305b7c14]" started-at="2023-10-09T14:38:29 IST" name="tc_cogmento_homepage_004" description="Verify and get all settings feature options available after click on to the setting button" finished-at="2023-10-09T14:38:31 IST" duration-ms="2177" status="PASS">
          <reporter-output>
          </reporter-output>
        </test-method> <!-- tc_cogmento_homepage_004 -->
        <test-method is-config="true" signature="tearDown()[pri:0, instance:com.crm.qa.cogmento.testcases.HomePageTest@305b7c14]" started-at="2023-10-09T14:38:31 IST" name="tearDown" finished-at="2023-10-09T14:38:31 IST" duration-ms="309" status="PASS">
          <reporter-output>
          </reporter-output>
        </test-method> <!-- tearDown -->
      </class> <!-- com.crm.qa.cogmento.testcases.HomePageTest -->
    </test> <!-- Cogmento Test Automation Test -->
  </suite> <!-- Cogmento Test Automation Suite -->
</testng-results>
