<?xml version="1.0" encoding="UTF-8"?>
<!-- Generated by org.testng.reporters.JUnitXMLReporter -->
<testsuite ignored="2" hostname="DigVijay" failures="18" tests="75" name="Cogmento Test Automation Test" time="895.338" errors="0" timestamp="2023-10-09T14:52:50 IST">
  <testcase classname="com.crm.qa.cogmento.testcases.HomePageTest" name="tc_cogmento_homepage_001" time="0.017"/>
  <testcase classname="com.crm.qa.cogmento.testcases.HomePageTest" name="tc_cogmento_homepage_002" time="2.717"/>
  <testcase classname="com.crm.qa.cogmento.testcases.HomePageTest" name="tc_cogmento_homepage_003" time="2.977"/>
  <testcase classname="com.crm.qa.cogmento.testcases.HomePageTest" name="tc_cogmento_homepage_004" time="2.177"/>
  <testcase classname="com.crm.qa.cogmento.testcases.DocumentsPageTest" name="tc_cogmento_documentspage_078" time="2.36"/>
  <testcase classname="com.crm.qa.cogmento.testcases.DocumentsPageTest" name="tc_cogmento_documentspage_079" time="2.655"/>
  <testcase classname="com.crm.qa.cogmento.testcases.DocumentsPageTest" name="tc_cogmento_documentspage_080" time="2.571"/>
  <testcase classname="com.crm.qa.cogmento.testcases.CallsPageTest" name="tc_cogmento_callspage_068" time="2.366"/>
  <testcase classname="com.crm.qa.cogmento.testcases.CallsPageTest" name="tc_cogmento_callspage_069" time="2.379"/>
  <testcase classname="com.crm.qa.cogmento.testcases.CallsPageTest" name="tc_cogmento_callspage_070" time="3.492"/>
  <testcase classname="com.crm.qa.cogmento.testcases.CallsPageTest" name="tc_cogmento_callspage_072" time="2.826"/>
  <testcase classname="com.crm.qa.cogmento.testcases.CallsPageTest" name="tc_cogmento_callspage_073" time="3.042"/>
  <testcase classname="com.crm.qa.cogmento.testcases.CallsPageTest" name="tc_cogmento_callspage_074" time="2.526"/>
  <testcase classname="com.crm.qa.cogmento.testcases.CallsPageTest" name="tc_cogmento_callspage_075" time="3.455"/>
  <testcase classname="com.crm.qa.cogmento.testcases.CallsPageTest" name="tc_cogmento_callspage_077" time="42.733">
    <failure type="org.openqa.selenium.NoSuchElementException" message="no such element: Unable to locate element: {&amp;quot;method&amp;quot;:&amp;quot;xpath&amp;quot;,&amp;quot;selector&amp;quot;:&amp;quot;//div//label[contains(text(),&amp;apos;Participants&amp;apos;)]//following::div[contains(@class,&amp;apos;ui active&amp;apos;)]&amp;quot;}
  (Session info: chrome=117.0.5938.149)
For documentation on this error, please visit: https://www.selenium.dev/documentation/webdriver/troubleshooting/errors#no-such-element-exception
Build info: version: &amp;apos;4.11.0&amp;apos;, revision: &amp;apos;040bc5406b&amp;apos;
System info: os.name: &amp;apos;Windows 11&amp;apos;, os.arch: &amp;apos;amd64&amp;apos;, os.version: &amp;apos;10.0&amp;apos;, java.version: &amp;apos;20.0.2&amp;apos;
Driver info: org.openqa.selenium.chrome.ChromeDriver
Command: [ebf6c8eded94a69dc2c703821da58dd1, findElement {using=xpath, value=//div//label[contains(text(),&amp;apos;Participants&amp;apos;)]//following::div[contains(@class,&amp;apos;ui active&amp;apos;)]}]
Capabilities {acceptInsecureCerts: false, browserName: chrome, browserVersion: 117.0.5938.149, chrome: {chromedriverVersion: 117.0.5938.149 (e3344ddefa1..., userDataDir: C:\Users\HP\AppData\Local\T...}, fedcm:accounts: true, goog:chromeOptions: {debuggerAddress: localhost:50449}, networkConnectionEnabled: false, pageLoadStrategy: normal, platformName: windows, proxy: Proxy(), se:cdp: ws://localhost:50449/devtoo..., se:cdpVersion: 117.0.5938.149, setWindowRect: true, strictFileInteractability: false, timeouts: {implicit: 0, pageLoad: 300000, script: 30000}, unhandledPromptBehavior: dismiss and notify, webauthn:extension:credBlob: true, webauthn:extension:largeBlob: true, webauthn:extension:minPinLength: true, webauthn:extension:prf: true, webauthn:virtualAuthenticators: true}
Session ID: ebf6c8eded94a69dc2c703821da58dd1">
      <![CDATA[org.openqa.selenium.NoSuchElementException: no such element: Unable to locate element: {"method":"xpath","selector":"//div//label[contains(text(),'Participants')]//following::div[contains(@class,'ui active')]"}
  (Session info: chrome=117.0.5938.149)
For documentation on this error, please visit: https://www.selenium.dev/documentation/webdriver/troubleshooting/errors#no-such-element-exception
Build info: version: '4.11.0', revision: '040bc5406b'
System info: os.name: 'Windows 11', os.arch: 'amd64', os.version: '10.0', java.version: '20.0.2'
Driver info: org.openqa.selenium.chrome.ChromeDriver
Command: [ebf6c8eded94a69dc2c703821da58dd1, findElement {using=xpath, value=//div//label[contains(text(),'Participants')]//following::div[contains(@class,'ui active')]}]
Capabilities {acceptInsecureCerts: false, browserName: chrome, browserVersion: 117.0.5938.149, chrome: {chromedriverVersion: 117.0.5938.149 (e3344ddefa1..., userDataDir: C:\Users\HP\AppData\Local\T...}, fedcm:accounts: true, goog:chromeOptions: {debuggerAddress: localhost:50449}, networkConnectionEnabled: false, pageLoadStrategy: normal, platformName: windows, proxy: Proxy(), se:cdp: ws://localhost:50449/devtoo..., se:cdpVersion: 117.0.5938.149, setWindowRect: true, strictFileInteractability: false, timeouts: {implicit: 0, pageLoad: 300000, script: 30000}, unhandledPromptBehavior: dismiss and notify, webauthn:extension:credBlob: true, webauthn:extension:largeBlob: true, webauthn:extension:minPinLength: true, webauthn:extension:prf: true, webauthn:virtualAuthenticators: true}
Session ID: ebf6c8eded94a69dc2c703821da58dd1
at org.openqa.selenium.remote.codec.w3c.W3CHttpResponseCodec.createException(W3CHttpResponseCodec.java:200)
at org.openqa.selenium.remote.codec.w3c.W3CHttpResponseCodec.decode(W3CHttpResponseCodec.java:133)
at org.openqa.selenium.remote.codec.w3c.W3CHttpResponseCodec.decode(W3CHttpResponseCodec.java:52)
at org.openqa.selenium.remote.HttpCommandExecutor.execute(HttpCommandExecutor.java:191)
at org.openqa.selenium.remote.service.DriverCommandExecutor.invokeExecute(DriverCommandExecutor.java:196)
at org.openqa.selenium.remote.service.DriverCommandExecutor.execute(DriverCommandExecutor.java:171)
at org.openqa.selenium.remote.RemoteWebDriver.execute(RemoteWebDriver.java:518)
at org.openqa.selenium.remote.ElementLocation$ElementFinder$2.findElement(ElementLocation.java:165)
at org.openqa.selenium.remote.ElementLocation.findElement(ElementLocation.java:59)
at org.openqa.selenium.remote.RemoteWebDriver.findElement(RemoteWebDriver.java:355)
at org.openqa.selenium.remote.RemoteWebDriver.findElement(RemoteWebDriver.java:349)
at org.openqa.selenium.support.pagefactory.DefaultElementLocator.findElement(DefaultElementLocator.java:68)
at org.openqa.selenium.support.pagefactory.internal.LocatingElementHandler.invoke(LocatingElementHandler.java:38)
at jdk.proxy2/jdk.proxy2.$Proxy32.click(Unknown Source)
at com.crm.dev.PageObjects.CallsPage.getRandomParticipants(CallsPage.java:185)
at com.crm.qa.cogmento.testcases.CallsPageTest.tc_cogmento_callspage_077(CallsPageTest.java:161)
at java.base/java.util.ArrayList.forEach(ArrayList.java:1511)
... Removed 28 stack frames]]>
    </failure>
  </testcase> <!-- tc_cogmento_callspage_077 -->
  <testcase classname="com.crm.qa.cogmento.testcases.CalendarPageTest" name="tc_cogmento_calendarpage_005" time="2.396"/>
  <testcase classname="com.crm.qa.cogmento.testcases.CalendarPageTest" name="tc_cogmento_calendarpage_006" time="2.497"/>
  <testcase classname="com.crm.qa.cogmento.testcases.CalendarPageTest" name="tc_cogmento_calendarpage_007" time="28.105"/>
  <testcase classname="com.crm.qa.cogmento.testcases.CalendarPageTest" name="tc_cogmento_calendarpage_008" time="22.352">
    <failure type="org.openqa.selenium.NoSuchElementException" message="no such element: Unable to locate element: {&amp;quot;method&amp;quot;:&amp;quot;xpath&amp;quot;,&amp;quot;selector&amp;quot;:&amp;quot;//div[@class=&amp;apos;rbc-event&amp;apos;]//div[contains(text(),&amp;apos;MostView&amp;apos;)]&amp;quot;}
  (Session info: chrome=117.0.5938.149)
For documentation on this error, please visit: https://www.selenium.dev/documentation/webdriver/troubleshooting/errors#no-such-element-exception
Build info: version: &amp;apos;4.11.0&amp;apos;, revision: &amp;apos;040bc5406b&amp;apos;
System info: os.name: &amp;apos;Windows 11&amp;apos;, os.arch: &amp;apos;amd64&amp;apos;, os.version: &amp;apos;10.0&amp;apos;, java.version: &amp;apos;20.0.2&amp;apos;
Driver info: org.openqa.selenium.chrome.ChromeDriver
Command: [77965f8c26ab35260ae983b0042c2531, findElement {using=xpath, value=//div[@class=&amp;apos;rbc-event&amp;apos;]//div[contains(text(),&amp;apos;MostView&amp;apos;)]}]
Capabilities {acceptInsecureCerts: false, browserName: chrome, browserVersion: 117.0.5938.149, chrome: {chromedriverVersion: 117.0.5938.149 (e3344ddefa1..., userDataDir: C:\Users\HP\AppData\Local\T...}, fedcm:accounts: true, goog:chromeOptions: {debuggerAddress: localhost:50610}, networkConnectionEnabled: false, pageLoadStrategy: normal, platformName: windows, proxy: Proxy(), se:cdp: ws://localhost:50610/devtoo..., se:cdpVersion: 117.0.5938.149, setWindowRect: true, strictFileInteractability: false, timeouts: {implicit: 0, pageLoad: 300000, script: 30000}, unhandledPromptBehavior: dismiss and notify, webauthn:extension:credBlob: true, webauthn:extension:largeBlob: true, webauthn:extension:minPinLength: true, webauthn:extension:prf: true, webauthn:virtualAuthenticators: true}
Session ID: 77965f8c26ab35260ae983b0042c2531">
      <![CDATA[org.openqa.selenium.NoSuchElementException: no such element: Unable to locate element: {"method":"xpath","selector":"//div[@class='rbc-event']//div[contains(text(),'MostView')]"}
  (Session info: chrome=117.0.5938.149)
For documentation on this error, please visit: https://www.selenium.dev/documentation/webdriver/troubleshooting/errors#no-such-element-exception
Build info: version: '4.11.0', revision: '040bc5406b'
System info: os.name: 'Windows 11', os.arch: 'amd64', os.version: '10.0', java.version: '20.0.2'
Driver info: org.openqa.selenium.chrome.ChromeDriver
Command: [77965f8c26ab35260ae983b0042c2531, findElement {using=xpath, value=//div[@class='rbc-event']//div[contains(text(),'MostView')]}]
Capabilities {acceptInsecureCerts: false, browserName: chrome, browserVersion: 117.0.5938.149, chrome: {chromedriverVersion: 117.0.5938.149 (e3344ddefa1..., userDataDir: C:\Users\HP\AppData\Local\T...}, fedcm:accounts: true, goog:chromeOptions: {debuggerAddress: localhost:50610}, networkConnectionEnabled: false, pageLoadStrategy: normal, platformName: windows, proxy: Proxy(), se:cdp: ws://localhost:50610/devtoo..., se:cdpVersion: 117.0.5938.149, setWindowRect: true, strictFileInteractability: false, timeouts: {implicit: 0, pageLoad: 300000, script: 30000}, unhandledPromptBehavior: dismiss and notify, webauthn:extension:credBlob: true, webauthn:extension:largeBlob: true, webauthn:extension:minPinLength: true, webauthn:extension:prf: true, webauthn:virtualAuthenticators: true}
Session ID: 77965f8c26ab35260ae983b0042c2531
at org.openqa.selenium.remote.codec.w3c.W3CHttpResponseCodec.createException(W3CHttpResponseCodec.java:200)
at org.openqa.selenium.remote.codec.w3c.W3CHttpResponseCodec.decode(W3CHttpResponseCodec.java:133)
at org.openqa.selenium.remote.codec.w3c.W3CHttpResponseCodec.decode(W3CHttpResponseCodec.java:52)
at org.openqa.selenium.remote.HttpCommandExecutor.execute(HttpCommandExecutor.java:191)
at org.openqa.selenium.remote.service.DriverCommandExecutor.invokeExecute(DriverCommandExecutor.java:196)
at org.openqa.selenium.remote.service.DriverCommandExecutor.execute(DriverCommandExecutor.java:171)
at org.openqa.selenium.remote.RemoteWebDriver.execute(RemoteWebDriver.java:518)
at org.openqa.selenium.remote.ElementLocation$ElementFinder$2.findElement(ElementLocation.java:165)
at org.openqa.selenium.remote.ElementLocation.findElement(ElementLocation.java:59)
at org.openqa.selenium.remote.RemoteWebDriver.findElement(RemoteWebDriver.java:355)
at org.openqa.selenium.remote.RemoteWebDriver.findElement(RemoteWebDriver.java:349)
at org.openqa.selenium.support.pagefactory.DefaultElementLocator.findElement(DefaultElementLocator.java:68)
at org.openqa.selenium.support.pagefactory.internal.LocatingElementHandler.invoke(LocatingElementHandler.java:38)
at jdk.proxy2/jdk.proxy2.$Proxy32.isDisplayed(Unknown Source)
at com.crm.qa.cogmento.testcases.CalendarPageTest.tc_cogmento_calendarpage_008(CalendarPageTest.java:76)
at java.base/java.util.ArrayList.forEach(ArrayList.java:1511)
... Removed 28 stack frames]]>
    </failure>
  </testcase> <!-- tc_cogmento_calendarpage_008 -->
  <testcase classname="com.crm.qa.cogmento.testcases.CalendarPageTest" name="tc_cogmento_calendarpage_009" time="16.878">
    <failure type="java.lang.AssertionError" message="lists don&amp;apos;t have the same size expected [0] but found [9]">
      <![CDATA[java.lang.AssertionError: lists don't have the same size expected [0] but found [9]
at com.crm.qa.cogmento.testcases.CalendarPageTest.tc_cogmento_calendarpage_009(CalendarPageTest.java:116)
at java.base/java.util.ArrayList.forEach(ArrayList.java:1511)
... Removed 33 stack frames]]>
    </failure>
  </testcase> <!-- tc_cogmento_calendarpage_009 -->
  <testcase classname="com.crm.qa.cogmento.testcases.ContactsPageTest" name="tc_cogmento_contactspage_011" time="2.185"/>
  <testcase classname="com.crm.qa.cogmento.testcases.ContactsPageTest" name="tc_cogmento_contactspage_012" time="2.41">
    <failure type="java.lang.AssertionError" message="expected [Contacts] but found [ Contacts]">
      <![CDATA[java.lang.AssertionError: expected [Contacts] but found [ Contacts]
at com.crm.qa.cogmento.testcases.ContactsPageTest.tc_cogmento_contactspage_012(ContactsPageTest.java:38)
at java.base/java.util.ArrayList.forEach(ArrayList.java:1511)
... Removed 31 stack frames]]>
    </failure>
  </testcase> <!-- tc_cogmento_contactspage_012 -->
  <testcase classname="com.crm.qa.cogmento.testcases.ContactsPageTest" name="tc_cogmento_contactspage_013" time="2.291">
    <failure type="java.lang.NullPointerException" message="Cannot invoke &amp;quot;String.isBlank()&amp;quot; because the return value of &amp;quot;org.openqa.selenium.WebElement.getAttribute(String)&amp;quot; is null">
      <![CDATA[java.lang.NullPointerException: Cannot invoke "String.isBlank()" because the return value of "org.openqa.selenium.WebElement.getAttribute(String)" is null
at com.crm.dev.DriverManager.BasePage.getElementValue(BasePage.java:45)
at com.crm.qa.cogmento.testcases.ContactsPageTest.tc_cogmento_contactspage_013(ContactsPageTest.java:52)
at java.base/java.util.ArrayList.forEach(ArrayList.java:1511)
... Removed 25 stack frames]]>
    </failure>
  </testcase> <!-- tc_cogmento_contactspage_013 -->
  <testcase classname="com.crm.qa.cogmento.testcases.ContactsPageTest" name="tc_cogmento_contactspage_016" time="2.993"/>
  <testcase classname="com.crm.qa.cogmento.testcases.ContactsPageTest" name="tc_cogmento_contactspage_017" time="2.374">
    <failure type="org.openqa.selenium.NoAlertPresentException" message="no such alert
  (Session info: chrome=117.0.5938.149)
Build info: version: &amp;apos;4.11.0&amp;apos;, revision: &amp;apos;040bc5406b&amp;apos;
System info: os.name: &amp;apos;Windows 11&amp;apos;, os.arch: &amp;apos;amd64&amp;apos;, os.version: &amp;apos;10.0&amp;apos;, java.version: &amp;apos;20.0.2&amp;apos;
Driver info: org.openqa.selenium.chrome.ChromeDriver
Command: [b5bc8f629a7e9bb8d08f10e92eccc10e, getAlertText {}]
Capabilities {acceptInsecureCerts: false, browserName: chrome, browserVersion: 117.0.5938.149, chrome: {chromedriverVersion: 117.0.5938.149 (e3344ddefa1..., userDataDir: C:\Users\HP\AppData\Local\T...}, fedcm:accounts: true, goog:chromeOptions: {debuggerAddress: localhost:50865}, networkConnectionEnabled: false, pageLoadStrategy: normal, platformName: windows, proxy: Proxy(), se:cdp: ws://localhost:50865/devtoo..., se:cdpVersion: 117.0.5938.149, setWindowRect: true, strictFileInteractability: false, timeouts: {implicit: 0, pageLoad: 300000, script: 30000}, unhandledPromptBehavior: dismiss and notify, webauthn:extension:credBlob: true, webauthn:extension:largeBlob: true, webauthn:extension:minPinLength: true, webauthn:extension:prf: true, webauthn:virtualAuthenticators: true}
Session ID: b5bc8f629a7e9bb8d08f10e92eccc10e">
      <![CDATA[org.openqa.selenium.NoAlertPresentException: no such alert
  (Session info: chrome=117.0.5938.149)
Build info: version: '4.11.0', revision: '040bc5406b'
System info: os.name: 'Windows 11', os.arch: 'amd64', os.version: '10.0', java.version: '20.0.2'
Driver info: org.openqa.selenium.chrome.ChromeDriver
Command: [b5bc8f629a7e9bb8d08f10e92eccc10e, getAlertText {}]
Capabilities {acceptInsecureCerts: false, browserName: chrome, browserVersion: 117.0.5938.149, chrome: {chromedriverVersion: 117.0.5938.149 (e3344ddefa1..., userDataDir: C:\Users\HP\AppData\Local\T...}, fedcm:accounts: true, goog:chromeOptions: {debuggerAddress: localhost:50865}, networkConnectionEnabled: false, pageLoadStrategy: normal, platformName: windows, proxy: Proxy(), se:cdp: ws://localhost:50865/devtoo..., se:cdpVersion: 117.0.5938.149, setWindowRect: true, strictFileInteractability: false, timeouts: {implicit: 0, pageLoad: 300000, script: 30000}, unhandledPromptBehavior: dismiss and notify, webauthn:extension:credBlob: true, webauthn:extension:largeBlob: true, webauthn:extension:minPinLength: true, webauthn:extension:prf: true, webauthn:virtualAuthenticators: true}
Session ID: b5bc8f629a7e9bb8d08f10e92eccc10e
at org.openqa.selenium.remote.codec.w3c.W3CHttpResponseCodec.createException(W3CHttpResponseCodec.java:200)
at org.openqa.selenium.remote.codec.w3c.W3CHttpResponseCodec.decode(W3CHttpResponseCodec.java:133)
at org.openqa.selenium.remote.codec.w3c.W3CHttpResponseCodec.decode(W3CHttpResponseCodec.java:52)
at org.openqa.selenium.remote.HttpCommandExecutor.execute(HttpCommandExecutor.java:191)
at org.openqa.selenium.remote.service.DriverCommandExecutor.invokeExecute(DriverCommandExecutor.java:196)
at org.openqa.selenium.remote.service.DriverCommandExecutor.execute(DriverCommandExecutor.java:171)
at org.openqa.selenium.remote.RemoteWebDriver.execute(RemoteWebDriver.java:518)
at org.openqa.selenium.remote.RemoteWebDriver.execute(RemoteWebDriver.java:591)
at org.openqa.selenium.remote.RemoteWebDriver.execute(RemoteWebDriver.java:595)
at org.openqa.selenium.remote.RemoteWebDriver$RemoteTargetLocator.alert(RemoteWebDriver.java:1107)
at com.crm.qa.cogmento.testcases.ContactsPageTest.tc_cogmento_contactspage_017(ContactsPageTest.java:98)
at java.base/java.util.ArrayList.forEach(ArrayList.java:1511)
... Removed 28 stack frames]]>
    </failure>
  </testcase> <!-- tc_cogmento_contactspage_017 -->
  <testcase classname="com.crm.qa.cogmento.testcases.ContactsPageTest" name="tc_cogmento_contactspage_018" time="2.559"/>
  <testcase classname="com.crm.qa.cogmento.testcases.ContactsPageTest" name="tc_cogmento_contactspage_019" time="22.821"/>
  <testcase classname="com.crm.qa.cogmento.testcases.ContactsPageTest" name="tc_cogmento_contactspage_020" time="2.607">
    <failure type="java.lang.IllegalArgumentException" message="Keys to send should be a not null CharSequence">
      <![CDATA[java.lang.IllegalArgumentException: Keys to send should be a not null CharSequence
at org.openqa.selenium.remote.RemoteWebElement.sendKeys(RemoteWebElement.java:97)
at org.openqa.selenium.support.pagefactory.internal.LocatingElementHandler.invoke(LocatingElementHandler.java:51)
at jdk.proxy2/jdk.proxy2.$Proxy32.sendKeys(Unknown Source)
at com.crm.dev.PageObjects.ContactsPage.createContact(ContactsPage.java:110)
at com.crm.qa.cogmento.testcases.ContactsPageTest.tc_cogmento_contactspage_020(ContactsPageTest.java:146)
at java.base/java.util.ArrayList.forEach(ArrayList.java:1511)
... Removed 27 stack frames]]>
    </failure>
  </testcase> <!-- tc_cogmento_contactspage_020 -->
  <testcase classname="com.crm.qa.cogmento.testcases.ContactsPageTest" name="tc_cogmento_contactspage_029" time="14.739">
    <failure type="org.openqa.selenium.StaleElementReferenceException" message="stale element reference: stale element not found
  (Session info: chrome=117.0.5938.149)
For documentation on this error, please visit: https://www.selenium.dev/documentation/webdriver/troubleshooting/errors#stale-element-reference-exception
Build info: version: &amp;apos;4.11.0&amp;apos;, revision: &amp;apos;040bc5406b&amp;apos;
System info: os.name: &amp;apos;Windows 11&amp;apos;, os.arch: &amp;apos;amd64&amp;apos;, os.version: &amp;apos;10.0&amp;apos;, java.version: &amp;apos;20.0.2&amp;apos;
Driver info: org.openqa.selenium.chrome.ChromeDriver
Command: [e730817d42bea57ae7a47e605d1d933a, getElementAttribute {id=B4153035B8ED93A91F4C1AE680F3F9F6_element_101, name=innerText}]
Capabilities {acceptInsecureCerts: false, browserName: chrome, browserVersion: 117.0.5938.149, chrome: {chromedriverVersion: 117.0.5938.149 (e3344ddefa1..., userDataDir: C:\Users\HP\AppData\Local\T...}, fedcm:accounts: true, goog:chromeOptions: {debuggerAddress: localhost:51024}, networkConnectionEnabled: false, pageLoadStrategy: normal, platformName: windows, proxy: Proxy(), se:cdp: ws://localhost:51024/devtoo..., se:cdpVersion: 117.0.5938.149, setWindowRect: true, strictFileInteractability: false, timeouts: {implicit: 0, pageLoad: 300000, script: 30000}, unhandledPromptBehavior: dismiss and notify, webauthn:extension:credBlob: true, webauthn:extension:largeBlob: true, webauthn:extension:minPinLength: true, webauthn:extension:prf: true, webauthn:virtualAuthenticators: true}
Element: [[ChromeDriver: chrome on windows (e730817d42bea57ae7a47e605d1d933a)] -&amp;gt; xpath: //button[contains(@class,&amp;apos;linkedin button&amp;apos;) and normalize-space()=&amp;apos;Show Filters&amp;apos;]]
Session ID: e730817d42bea57ae7a47e605d1d933a">
      <![CDATA[org.openqa.selenium.StaleElementReferenceException: stale element reference: stale element not found
  (Session info: chrome=117.0.5938.149)
For documentation on this error, please visit: https://www.selenium.dev/documentation/webdriver/troubleshooting/errors#stale-element-reference-exception
Build info: version: '4.11.0', revision: '040bc5406b'
System info: os.name: 'Windows 11', os.arch: 'amd64', os.version: '10.0', java.version: '20.0.2'
Driver info: org.openqa.selenium.chrome.ChromeDriver
Command: [e730817d42bea57ae7a47e605d1d933a, getElementAttribute {id=B4153035B8ED93A91F4C1AE680F3F9F6_element_101, name=innerText}]
Capabilities {acceptInsecureCerts: false, browserName: chrome, browserVersion: 117.0.5938.149, chrome: {chromedriverVersion: 117.0.5938.149 (e3344ddefa1..., userDataDir: C:\Users\HP\AppData\Local\T...}, fedcm:accounts: true, goog:chromeOptions: {debuggerAddress: localhost:51024}, networkConnectionEnabled: false, pageLoadStrategy: normal, platformName: windows, proxy: Proxy(), se:cdp: ws://localhost:51024/devtoo..., se:cdpVersion: 117.0.5938.149, setWindowRect: true, strictFileInteractability: false, timeouts: {implicit: 0, pageLoad: 300000, script: 30000}, unhandledPromptBehavior: dismiss and notify, webauthn:extension:credBlob: true, webauthn:extension:largeBlob: true, webauthn:extension:minPinLength: true, webauthn:extension:prf: true, webauthn:virtualAuthenticators: true}
Element: [[ChromeDriver: chrome on windows (e730817d42bea57ae7a47e605d1d933a)] -> xpath: //button[contains(@class,'linkedin button') and normalize-space()='Show Filters']]
Session ID: e730817d42bea57ae7a47e605d1d933a
at org.openqa.selenium.remote.codec.w3c.W3CHttpResponseCodec.createException(W3CHttpResponseCodec.java:200)
at org.openqa.selenium.remote.codec.w3c.W3CHttpResponseCodec.decode(W3CHttpResponseCodec.java:133)
at org.openqa.selenium.remote.codec.w3c.W3CHttpResponseCodec.decode(W3CHttpResponseCodec.java:52)
at org.openqa.selenium.remote.HttpCommandExecutor.execute(HttpCommandExecutor.java:191)
at org.openqa.selenium.remote.service.DriverCommandExecutor.invokeExecute(DriverCommandExecutor.java:196)
at org.openqa.selenium.remote.service.DriverCommandExecutor.execute(DriverCommandExecutor.java:171)
at org.openqa.selenium.remote.RemoteWebDriver.execute(RemoteWebDriver.java:518)
at org.openqa.selenium.remote.RemoteWebElement.execute(RemoteWebElement.java:224)
at org.openqa.selenium.remote.RemoteWebElement.getAttribute(RemoteWebElement.java:150)
at com.crm.dev.utility.TableOperator.applyFiltersToColumns(TableOperator.java:168)
at com.crm.qa.cogmento.testcases.ContactsPageTest.tc_cogmento_contactspage_029(ContactsPageTest.java:174)
at java.base/java.util.ArrayList.forEach(ArrayList.java:1511)
... Removed 28 stack frames]]>
    </failure>
  </testcase> <!-- tc_cogmento_contactspage_029 -->
  <testcase classname="com.crm.qa.cogmento.testcases.ContactsPageTest" name="tc_cogmento_contactspage_030" time="22.521">
    <failure type="org.openqa.selenium.NoSuchElementException" message="no such element: Unable to locate element: {&amp;quot;method&amp;quot;:&amp;quot;xpath&amp;quot;,&amp;quot;selector&amp;quot;:&amp;quot;//div//input[contains(@name,&amp;apos;title&amp;apos;) and contains(@autocomplete,&amp;apos;new-password&amp;apos;)]&amp;quot;}
  (Session info: chrome=117.0.5938.149)
For documentation on this error, please visit: https://www.selenium.dev/documentation/webdriver/troubleshooting/errors#no-such-element-exception
Build info: version: &amp;apos;4.11.0&amp;apos;, revision: &amp;apos;040bc5406b&amp;apos;
System info: os.name: &amp;apos;Windows 11&amp;apos;, os.arch: &amp;apos;amd64&amp;apos;, os.version: &amp;apos;10.0&amp;apos;, java.version: &amp;apos;20.0.2&amp;apos;
Driver info: org.openqa.selenium.chrome.ChromeDriver
Command: [a8b31b611ad7bbba70a66d3cde120b1e, findElement {using=xpath, value=//div//input[contains(@name,&amp;apos;title&amp;apos;) and contains(@autocomplete,&amp;apos;new-password&amp;apos;)]}]
Capabilities {acceptInsecureCerts: false, browserName: chrome, browserVersion: 117.0.5938.149, chrome: {chromedriverVersion: 117.0.5938.149 (e3344ddefa1..., userDataDir: C:\Users\HP\AppData\Local\T...}, fedcm:accounts: true, goog:chromeOptions: {debuggerAddress: localhost:51064}, networkConnectionEnabled: false, pageLoadStrategy: normal, platformName: windows, proxy: Proxy(), se:cdp: ws://localhost:51064/devtoo..., se:cdpVersion: 117.0.5938.149, setWindowRect: true, strictFileInteractability: false, timeouts: {implicit: 0, pageLoad: 300000, script: 30000}, unhandledPromptBehavior: dismiss and notify, webauthn:extension:credBlob: true, webauthn:extension:largeBlob: true, webauthn:extension:minPinLength: true, webauthn:extension:prf: true, webauthn:virtualAuthenticators: true}
Session ID: a8b31b611ad7bbba70a66d3cde120b1e">
      <![CDATA[org.openqa.selenium.NoSuchElementException: no such element: Unable to locate element: {"method":"xpath","selector":"//div//input[contains(@name,'title') and contains(@autocomplete,'new-password')]"}
  (Session info: chrome=117.0.5938.149)
For documentation on this error, please visit: https://www.selenium.dev/documentation/webdriver/troubleshooting/errors#no-such-element-exception
Build info: version: '4.11.0', revision: '040bc5406b'
System info: os.name: 'Windows 11', os.arch: 'amd64', os.version: '10.0', java.version: '20.0.2'
Driver info: org.openqa.selenium.chrome.ChromeDriver
Command: [a8b31b611ad7bbba70a66d3cde120b1e, findElement {using=xpath, value=//div//input[contains(@name,'title') and contains(@autocomplete,'new-password')]}]
Capabilities {acceptInsecureCerts: false, browserName: chrome, browserVersion: 117.0.5938.149, chrome: {chromedriverVersion: 117.0.5938.149 (e3344ddefa1..., userDataDir: C:\Users\HP\AppData\Local\T...}, fedcm:accounts: true, goog:chromeOptions: {debuggerAddress: localhost:51064}, networkConnectionEnabled: false, pageLoadStrategy: normal, platformName: windows, proxy: Proxy(), se:cdp: ws://localhost:51064/devtoo..., se:cdpVersion: 117.0.5938.149, setWindowRect: true, strictFileInteractability: false, timeouts: {implicit: 0, pageLoad: 300000, script: 30000}, unhandledPromptBehavior: dismiss and notify, webauthn:extension:credBlob: true, webauthn:extension:largeBlob: true, webauthn:extension:minPinLength: true, webauthn:extension:prf: true, webauthn:virtualAuthenticators: true}
Session ID: a8b31b611ad7bbba70a66d3cde120b1e
at org.openqa.selenium.remote.codec.w3c.W3CHttpResponseCodec.createException(W3CHttpResponseCodec.java:200)
at org.openqa.selenium.remote.codec.w3c.W3CHttpResponseCodec.decode(W3CHttpResponseCodec.java:133)
at org.openqa.selenium.remote.codec.w3c.W3CHttpResponseCodec.decode(W3CHttpResponseCodec.java:52)
at org.openqa.selenium.remote.HttpCommandExecutor.execute(HttpCommandExecutor.java:191)
at org.openqa.selenium.remote.service.DriverCommandExecutor.invokeExecute(DriverCommandExecutor.java:196)
at org.openqa.selenium.remote.service.DriverCommandExecutor.execute(DriverCommandExecutor.java:171)
at org.openqa.selenium.remote.RemoteWebDriver.execute(RemoteWebDriver.java:518)
at org.openqa.selenium.remote.ElementLocation$ElementFinder$2.findElement(ElementLocation.java:165)
at org.openqa.selenium.remote.ElementLocation.findElement(ElementLocation.java:59)
at org.openqa.selenium.remote.RemoteWebDriver.findElement(RemoteWebDriver.java:355)
at org.openqa.selenium.remote.RemoteWebDriver.findElement(RemoteWebDriver.java:349)
at org.openqa.selenium.support.pagefactory.DefaultElementLocator.findElement(DefaultElementLocator.java:68)
at org.openqa.selenium.support.pagefactory.internal.LocatingElementHandler.invoke(LocatingElementHandler.java:38)
at jdk.proxy2/jdk.proxy2.$Proxy32.sendKeys(Unknown Source)
at com.crm.dev.PageObjects.DealPage.createDeal(DealPage.java:153)
at com.crm.qa.cogmento.testcases.ContactsPageTest.tc_cogmento_contactspage_030(ContactsPageTest.java:201)
at java.base/java.util.ArrayList.forEach(ArrayList.java:1511)
... Removed 28 stack frames]]>
    </failure>
  </testcase> <!-- tc_cogmento_contactspage_030 -->
  <testcase classname="com.crm.qa.cogmento.testcases.ContactsPageTest" name="tc_cogmento_contactspage_081" time="2.617"/>
  <testcase classname="com.crm.qa.cogmento.testcases.DealPageTest" name="tc_cogmento_dealspage_031" time="1.994"/>
  <testcase classname="com.crm.qa.cogmento.testcases.DealPageTest" name="tc_cogmento_dealspage_032" time="2.403"/>
  <testcase classname="com.crm.qa.cogmento.testcases.DealPageTest" name="tc_cogmento_dealspage_033" time="2.683"/>
  <testcase classname="com.crm.qa.cogmento.testcases.DealPageTest" name="tc_cogmento_dealspage_034" time="24.025">
    <failure type="org.openqa.selenium.StaleElementReferenceException" message="stale element reference: stale element not found
  (Session info: chrome=117.0.5938.149)
For documentation on this error, please visit: https://www.selenium.dev/documentation/webdriver/troubleshooting/errors#stale-element-reference-exception
Build info: version: &amp;apos;4.11.0&amp;apos;, revision: &amp;apos;040bc5406b&amp;apos;
System info: os.name: &amp;apos;Windows 11&amp;apos;, os.arch: &amp;apos;amd64&amp;apos;, os.version: &amp;apos;10.0&amp;apos;, java.version: &amp;apos;20.0.2&amp;apos;
Driver info: org.openqa.selenium.chrome.ChromeDriver
Command: [d74d4a0fd3a665dd67608016e058c11a, getElementAttribute {id=1AE835E21A509BA0F96CAE5C1A382D15_element_92, name=innerText}]
Capabilities {acceptInsecureCerts: false, browserName: chrome, browserVersion: 117.0.5938.149, chrome: {chromedriverVersion: 117.0.5938.149 (e3344ddefa1..., userDataDir: C:\Users\HP\AppData\Local\T...}, fedcm:accounts: true, goog:chromeOptions: {debuggerAddress: localhost:51264}, networkConnectionEnabled: false, pageLoadStrategy: normal, platformName: windows, proxy: Proxy(), se:cdp: ws://localhost:51264/devtoo..., se:cdpVersion: 117.0.5938.149, setWindowRect: true, strictFileInteractability: false, timeouts: {implicit: 0, pageLoad: 300000, script: 30000}, unhandledPromptBehavior: dismiss and notify, webauthn:extension:credBlob: true, webauthn:extension:largeBlob: true, webauthn:extension:minPinLength: true, webauthn:extension:prf: true, webauthn:virtualAuthenticators: true}
Element: [[ChromeDriver: chrome on windows (d74d4a0fd3a665dd67608016e058c11a)] -&amp;gt; xpath: //button[contains(@class,&amp;apos;linkedin button&amp;apos;) and normalize-space()=&amp;apos;Show Filters&amp;apos;]]
Session ID: d74d4a0fd3a665dd67608016e058c11a">
      <![CDATA[org.openqa.selenium.StaleElementReferenceException: stale element reference: stale element not found
  (Session info: chrome=117.0.5938.149)
For documentation on this error, please visit: https://www.selenium.dev/documentation/webdriver/troubleshooting/errors#stale-element-reference-exception
Build info: version: '4.11.0', revision: '040bc5406b'
System info: os.name: 'Windows 11', os.arch: 'amd64', os.version: '10.0', java.version: '20.0.2'
Driver info: org.openqa.selenium.chrome.ChromeDriver
Command: [d74d4a0fd3a665dd67608016e058c11a, getElementAttribute {id=1AE835E21A509BA0F96CAE5C1A382D15_element_92, name=innerText}]
Capabilities {acceptInsecureCerts: false, browserName: chrome, browserVersion: 117.0.5938.149, chrome: {chromedriverVersion: 117.0.5938.149 (e3344ddefa1..., userDataDir: C:\Users\HP\AppData\Local\T...}, fedcm:accounts: true, goog:chromeOptions: {debuggerAddress: localhost:51264}, networkConnectionEnabled: false, pageLoadStrategy: normal, platformName: windows, proxy: Proxy(), se:cdp: ws://localhost:51264/devtoo..., se:cdpVersion: 117.0.5938.149, setWindowRect: true, strictFileInteractability: false, timeouts: {implicit: 0, pageLoad: 300000, script: 30000}, unhandledPromptBehavior: dismiss and notify, webauthn:extension:credBlob: true, webauthn:extension:largeBlob: true, webauthn:extension:minPinLength: true, webauthn:extension:prf: true, webauthn:virtualAuthenticators: true}
Element: [[ChromeDriver: chrome on windows (d74d4a0fd3a665dd67608016e058c11a)] -> xpath: //button[contains(@class,'linkedin button') and normalize-space()='Show Filters']]
Session ID: d74d4a0fd3a665dd67608016e058c11a
at org.openqa.selenium.remote.codec.w3c.W3CHttpResponseCodec.createException(W3CHttpResponseCodec.java:200)
at org.openqa.selenium.remote.codec.w3c.W3CHttpResponseCodec.decode(W3CHttpResponseCodec.java:133)
at org.openqa.selenium.remote.codec.w3c.W3CHttpResponseCodec.decode(W3CHttpResponseCodec.java:52)
at org.openqa.selenium.remote.HttpCommandExecutor.execute(HttpCommandExecutor.java:191)
at org.openqa.selenium.remote.service.DriverCommandExecutor.invokeExecute(DriverCommandExecutor.java:196)
at org.openqa.selenium.remote.service.DriverCommandExecutor.execute(DriverCommandExecutor.java:171)
at org.openqa.selenium.remote.RemoteWebDriver.execute(RemoteWebDriver.java:518)
at org.openqa.selenium.remote.RemoteWebElement.execute(RemoteWebElement.java:224)
at org.openqa.selenium.remote.RemoteWebElement.getAttribute(RemoteWebElement.java:150)
at com.crm.dev.utility.TableOperator.applyFiltersToColumns(TableOperator.java:168)
at com.crm.qa.cogmento.testcases.DealPageTest.tc_cogmento_dealspage_034(DealPageTest.java:89)
at java.base/java.util.ArrayList.forEach(ArrayList.java:1511)
... Removed 28 stack frames]]>
    </failure>
  </testcase> <!-- tc_cogmento_dealspage_034 -->
  <testcase classname="com.crm.qa.cogmento.testcases.DealPageTest" name="tc_cogmento_dealspage_035" time="2.378">
    <failure type="java.lang.AssertionError" message="expected [Deals] but found [null]">
      <![CDATA[java.lang.AssertionError: expected [Deals] but found [null]
at com.crm.qa.cogmento.testcases.DealPageTest.tc_cogmento_dealspage_035(DealPageTest.java:266)
at java.base/java.util.ArrayList.forEach(ArrayList.java:1511)
... Removed 31 stack frames]]>
    </failure>
  </testcase> <!-- tc_cogmento_dealspage_035 -->
  <testcase classname="com.crm.qa.cogmento.testcases.DealPageTest" name="tc_cogmento_dealspage_036" time="3.365"/>
  <testcase classname="com.crm.qa.cogmento.testcases.DealPageTest" name="tc_cogmento_dealspage_037and35" time="2.774"/>
  <testcase classname="com.crm.qa.cogmento.testcases.DealPageTest" name="tc_cogmento_dealspage_038" time="3.047"/>
  <testcase classname="com.crm.qa.cogmento.testcases.DealPageTest" name="tc_cogmento_dealspage_039" time="22.708"/>
  <testcase classname="com.crm.qa.cogmento.testcases.DealPageTest" name="tc_cogmento_dealspage_041" time="2.44">
    <failure type="org.openqa.selenium.NoAlertPresentException" message="no such alert
  (Session info: chrome=117.0.5938.149)
Build info: version: &amp;apos;4.11.0&amp;apos;, revision: &amp;apos;040bc5406b&amp;apos;
System info: os.name: &amp;apos;Windows 11&amp;apos;, os.arch: &amp;apos;amd64&amp;apos;, os.version: &amp;apos;10.0&amp;apos;, java.version: &amp;apos;20.0.2&amp;apos;
Driver info: org.openqa.selenium.chrome.ChromeDriver
Command: [f85696b4655651d0ecd1c31846852f69, getAlertText {}]
Capabilities {acceptInsecureCerts: false, browserName: chrome, browserVersion: 117.0.5938.149, chrome: {chromedriverVersion: 117.0.5938.149 (e3344ddefa1..., userDataDir: C:\Users\HP\AppData\Local\T...}, fedcm:accounts: true, goog:chromeOptions: {debuggerAddress: localhost:51553}, networkConnectionEnabled: false, pageLoadStrategy: normal, platformName: windows, proxy: Proxy(), se:cdp: ws://localhost:51553/devtoo..., se:cdpVersion: 117.0.5938.149, setWindowRect: true, strictFileInteractability: false, timeouts: {implicit: 0, pageLoad: 300000, script: 30000}, unhandledPromptBehavior: dismiss and notify, webauthn:extension:credBlob: true, webauthn:extension:largeBlob: true, webauthn:extension:minPinLength: true, webauthn:extension:prf: true, webauthn:virtualAuthenticators: true}
Session ID: f85696b4655651d0ecd1c31846852f69">
      <![CDATA[org.openqa.selenium.NoAlertPresentException: no such alert
  (Session info: chrome=117.0.5938.149)
Build info: version: '4.11.0', revision: '040bc5406b'
System info: os.name: 'Windows 11', os.arch: 'amd64', os.version: '10.0', java.version: '20.0.2'
Driver info: org.openqa.selenium.chrome.ChromeDriver
Command: [f85696b4655651d0ecd1c31846852f69, getAlertText {}]
Capabilities {acceptInsecureCerts: false, browserName: chrome, browserVersion: 117.0.5938.149, chrome: {chromedriverVersion: 117.0.5938.149 (e3344ddefa1..., userDataDir: C:\Users\HP\AppData\Local\T...}, fedcm:accounts: true, goog:chromeOptions: {debuggerAddress: localhost:51553}, networkConnectionEnabled: false, pageLoadStrategy: normal, platformName: windows, proxy: Proxy(), se:cdp: ws://localhost:51553/devtoo..., se:cdpVersion: 117.0.5938.149, setWindowRect: true, strictFileInteractability: false, timeouts: {implicit: 0, pageLoad: 300000, script: 30000}, unhandledPromptBehavior: dismiss and notify, webauthn:extension:credBlob: true, webauthn:extension:largeBlob: true, webauthn:extension:minPinLength: true, webauthn:extension:prf: true, webauthn:virtualAuthenticators: true}
Session ID: f85696b4655651d0ecd1c31846852f69
at org.openqa.selenium.remote.codec.w3c.W3CHttpResponseCodec.createException(W3CHttpResponseCodec.java:200)
at org.openqa.selenium.remote.codec.w3c.W3CHttpResponseCodec.decode(W3CHttpResponseCodec.java:133)
at org.openqa.selenium.remote.codec.w3c.W3CHttpResponseCodec.decode(W3CHttpResponseCodec.java:52)
at org.openqa.selenium.remote.HttpCommandExecutor.execute(HttpCommandExecutor.java:191)
at org.openqa.selenium.remote.service.DriverCommandExecutor.invokeExecute(DriverCommandExecutor.java:196)
at org.openqa.selenium.remote.service.DriverCommandExecutor.execute(DriverCommandExecutor.java:171)
at org.openqa.selenium.remote.RemoteWebDriver.execute(RemoteWebDriver.java:518)
at org.openqa.selenium.remote.RemoteWebDriver.execute(RemoteWebDriver.java:591)
at org.openqa.selenium.remote.RemoteWebDriver.execute(RemoteWebDriver.java:595)
at org.openqa.selenium.remote.RemoteWebDriver$RemoteTargetLocator.alert(RemoteWebDriver.java:1107)
at com.crm.qa.cogmento.testcases.DealPageTest.tc_cogmento_dealspage_041(DealPageTest.java:204)
at java.base/java.util.ArrayList.forEach(ArrayList.java:1511)
... Removed 28 stack frames]]>
    </failure>
  </testcase> <!-- tc_cogmento_dealspage_041 -->
  <testcase classname="com.crm.qa.cogmento.testcases.DealPageTest" name="tc_cogmento_dealspage_042" time="2.533"/>
  <testcase classname="com.crm.qa.cogmento.testcases.DealPageTest" name="tc_cogmento_dealspage_043" time="2.372"/>
  <testcase classname="com.crm.qa.cogmento.testcases.DealPageTest" name="tc_cogmento_dealspage_044" time="2.39"/>
  <testcase classname="com.crm.qa.cogmento.testcases.TasksPageTest" name="tc_cogmento_taskspage_045" time="2.244"/>
  <testcase classname="com.crm.qa.cogmento.testcases.TasksPageTest" name="tc_cogmento_taskspage_046" time="2.42"/>
  <testcase classname="com.crm.qa.cogmento.testcases.TasksPageTest" name="tc_cogmento_taskspage_047" time="3.577"/>
  <testcase classname="com.crm.qa.cogmento.testcases.TasksPageTest" name="tc_cogmento_taskspage_048" time="2.623"/>
  <testcase classname="com.crm.qa.cogmento.testcases.TasksPageTest" name="tc_cogmento_taskspage_049" time="2.437"/>
  <testcase classname="com.crm.qa.cogmento.testcases.TasksPageTest" name="tc_cogmento_taskspage_050" time="2.824"/>
  <testcase classname="com.crm.qa.cogmento.testcases.TasksPageTest" name="tc_cogmento_taskspage_051" time="2.459"/>
  <testcase classname="com.crm.qa.cogmento.testcases.TasksPageTest" name="tc_cogmento_taskspage_052" time="2.907"/>
  <testcase classname="com.crm.qa.cogmento.testcases.TasksPageTest" name="tc_cogmento_taskspage_053" time="2.603">
    <failure type="org.openqa.selenium.ElementNotInteractableException" message="element not interactable
  (Session info: chrome=117.0.5938.149)
Build info: version: &amp;apos;4.11.0&amp;apos;, revision: &amp;apos;040bc5406b&amp;apos;
System info: os.name: &amp;apos;Windows 11&amp;apos;, os.arch: &amp;apos;amd64&amp;apos;, os.version: &amp;apos;10.0&amp;apos;, java.version: &amp;apos;20.0.2&amp;apos;
Driver info: org.openqa.selenium.chrome.ChromeDriver
Command: [67525b601de196825034a454bb5ed68f, sendKeysToElement {id=C73031F321C642BAC88BE26A3A27411F_element_77, value=[Ljava.lang.CharSequence;@5b86ab5f}]
Capabilities {acceptInsecureCerts: false, browserName: chrome, browserVersion: 117.0.5938.149, chrome: {chromedriverVersion: 117.0.5938.149 (e3344ddefa1..., userDataDir: C:\Users\HP\AppData\Local\T...}, fedcm:accounts: true, goog:chromeOptions: {debuggerAddress: localhost:52058}, networkConnectionEnabled: false, pageLoadStrategy: normal, platformName: windows, proxy: Proxy(), se:cdp: ws://localhost:52058/devtoo..., se:cdpVersion: 117.0.5938.149, setWindowRect: true, strictFileInteractability: false, timeouts: {implicit: 0, pageLoad: 300000, script: 30000}, unhandledPromptBehavior: dismiss and notify, webauthn:extension:credBlob: true, webauthn:extension:largeBlob: true, webauthn:extension:minPinLength: true, webauthn:extension:prf: true, webauthn:virtualAuthenticators: true}
Element: [[ChromeDriver: chrome on windows (67525b601de196825034a454bb5ed68f)] -&amp;gt; xpath: //div//label[contains(text(),&amp;apos;Company&amp;apos;)]//following::div[@name=&amp;apos;company&amp;apos;]]
Session ID: 67525b601de196825034a454bb5ed68f">
      <![CDATA[org.openqa.selenium.ElementNotInteractableException: element not interactable
  (Session info: chrome=117.0.5938.149)
Build info: version: '4.11.0', revision: '040bc5406b'
System info: os.name: 'Windows 11', os.arch: 'amd64', os.version: '10.0', java.version: '20.0.2'
Driver info: org.openqa.selenium.chrome.ChromeDriver
Command: [67525b601de196825034a454bb5ed68f, sendKeysToElement {id=C73031F321C642BAC88BE26A3A27411F_element_77, value=[Ljava.lang.CharSequence;@5b86ab5f}]
Capabilities {acceptInsecureCerts: false, browserName: chrome, browserVersion: 117.0.5938.149, chrome: {chromedriverVersion: 117.0.5938.149 (e3344ddefa1..., userDataDir: C:\Users\HP\AppData\Local\T...}, fedcm:accounts: true, goog:chromeOptions: {debuggerAddress: localhost:52058}, networkConnectionEnabled: false, pageLoadStrategy: normal, platformName: windows, proxy: Proxy(), se:cdp: ws://localhost:52058/devtoo..., se:cdpVersion: 117.0.5938.149, setWindowRect: true, strictFileInteractability: false, timeouts: {implicit: 0, pageLoad: 300000, script: 30000}, unhandledPromptBehavior: dismiss and notify, webauthn:extension:credBlob: true, webauthn:extension:largeBlob: true, webauthn:extension:minPinLength: true, webauthn:extension:prf: true, webauthn:virtualAuthenticators: true}
Element: [[ChromeDriver: chrome on windows (67525b601de196825034a454bb5ed68f)] -> xpath: //div//label[contains(text(),'Company')]//following::div[@name='company']]
Session ID: 67525b601de196825034a454bb5ed68f
at org.openqa.selenium.remote.codec.w3c.W3CHttpResponseCodec.createException(W3CHttpResponseCodec.java:200)
at org.openqa.selenium.remote.codec.w3c.W3CHttpResponseCodec.decode(W3CHttpResponseCodec.java:133)
at org.openqa.selenium.remote.codec.w3c.W3CHttpResponseCodec.decode(W3CHttpResponseCodec.java:52)
at org.openqa.selenium.remote.HttpCommandExecutor.execute(HttpCommandExecutor.java:191)
at org.openqa.selenium.remote.service.DriverCommandExecutor.invokeExecute(DriverCommandExecutor.java:196)
at org.openqa.selenium.remote.service.DriverCommandExecutor.execute(DriverCommandExecutor.java:171)
at org.openqa.selenium.remote.RemoteWebDriver.execute(RemoteWebDriver.java:518)
at org.openqa.selenium.remote.RemoteWebElement.execute(RemoteWebElement.java:224)
at org.openqa.selenium.remote.RemoteWebElement.sendKeys(RemoteWebElement.java:111)
at org.openqa.selenium.support.pagefactory.internal.LocatingElementHandler.invoke(LocatingElementHandler.java:51)
at jdk.proxy2/jdk.proxy2.$Proxy32.sendKeys(Unknown Source)
at com.crm.dev.DriverManager.BasePage.getRandomCompanyName(BasePage.java:178)
at com.crm.qa.cogmento.testcases.TasksPageTest.tc_cogmento_taskspage_053(TasksPageTest.java:252)
at java.base/java.util.ArrayList.forEach(ArrayList.java:1511)
... Removed 30 stack frames]]>
    </failure>
  </testcase> <!-- tc_cogmento_taskspage_053 -->
  <testcase classname="com.crm.qa.cogmento.testcases.TasksPageTest" name="tc_cogmento_taskspage_054" time="22.478">
    <failure type="java.lang.IllegalArgumentException" message="bound must be positive">
      <![CDATA[java.lang.IllegalArgumentException: bound must be positive
at java.base/java.util.Random.nextInt(Random.java:557)
at com.crm.dev.DriverManager.BasePage.selectRandomDropDownValue(BasePage.java:156)
at com.crm.qa.cogmento.testcases.TasksPageTest.tc_cogmento_taskspage_054(TasksPageTest.java:282)
at java.base/java.util.ArrayList.forEach(ArrayList.java:1511)
... Removed 25 stack frames]]>
    </failure>
  </testcase> <!-- tc_cogmento_taskspage_054 -->
  <testcase classname="com.crm.qa.cogmento.testcases.TasksPageTest" name="tc_cogmento_taskspage_055" time="2.65"/>
  <testcase classname="com.crm.qa.cogmento.testcases.TasksPageTest" name="tc_cogmento_taskspage_056" time="2.461"/>
  <testcase classname="com.crm.qa.cogmento.testcases.TasksPageTest" name="tc_cogmento_taskspage_057" time="2.408">
    <failure type="java.lang.AssertionError" message="lists don&amp;apos;t have the same size expected [4] but found [5]">
      <![CDATA[java.lang.AssertionError: lists don't have the same size expected [4] but found [5]
at com.crm.qa.cogmento.testcases.TasksPageTest.tc_cogmento_taskspage_057(TasksPageTest.java:236)
at java.base/java.util.ArrayList.forEach(ArrayList.java:1511)
... Removed 33 stack frames]]>
    </failure>
  </testcase> <!-- tc_cogmento_taskspage_057 -->
  <testcase classname="com.crm.qa.cogmento.testcases.CasesPageTest" name="tc_cogmento_casespage_058" time="2.357"/>
  <testcase classname="com.crm.qa.cogmento.testcases.CasesPageTest" name="tc_cogmento_casespage_059" time="2.406"/>
  <testcase classname="com.crm.qa.cogmento.testcases.CasesPageTest" name="tc_cogmento_casespage_060" time="3.489"/>
  <testcase classname="com.crm.qa.cogmento.testcases.CasesPageTest" name="tc_cogmento_casespage_061" time="22.57">
    <failure type="org.openqa.selenium.NoSuchElementException" message="no such element: Unable to locate element: {&amp;quot;method&amp;quot;:&amp;quot;xpath&amp;quot;,&amp;quot;selector&amp;quot;:&amp;quot;//div//label[contains(text(),&amp;apos;Company&amp;apos;)]//following::div[@name=&amp;apos;company&amp;apos;]//i[contains(@class,&amp;apos;dropdown&amp;apos;)]&amp;quot;}
  (Session info: chrome=117.0.5938.149)
For documentation on this error, please visit: https://www.selenium.dev/documentation/webdriver/troubleshooting/errors#no-such-element-exception
Build info: version: &amp;apos;4.11.0&amp;apos;, revision: &amp;apos;040bc5406b&amp;apos;
System info: os.name: &amp;apos;Windows 11&amp;apos;, os.arch: &amp;apos;amd64&amp;apos;, os.version: &amp;apos;10.0&amp;apos;, java.version: &amp;apos;20.0.2&amp;apos;
Driver info: org.openqa.selenium.chrome.ChromeDriver
Command: [3060695db8955cd36cce5449a49a690b, findElement {using=xpath, value=//div//label[contains(text(),&amp;apos;Company&amp;apos;)]//following::div[@name=&amp;apos;company&amp;apos;]//i[contains(@class,&amp;apos;dropdown&amp;apos;)]}]
Capabilities {acceptInsecureCerts: false, browserName: chrome, browserVersion: 117.0.5938.149, chrome: {chromedriverVersion: 117.0.5938.149 (e3344ddefa1..., userDataDir: C:\Users\HP\AppData\Local\T...}, fedcm:accounts: true, goog:chromeOptions: {debuggerAddress: localhost:52397}, networkConnectionEnabled: false, pageLoadStrategy: normal, platformName: windows, proxy: Proxy(), se:cdp: ws://localhost:52397/devtoo..., se:cdpVersion: 117.0.5938.149, setWindowRect: true, strictFileInteractability: false, timeouts: {implicit: 0, pageLoad: 300000, script: 30000}, unhandledPromptBehavior: dismiss and notify, webauthn:extension:credBlob: true, webauthn:extension:largeBlob: true, webauthn:extension:minPinLength: true, webauthn:extension:prf: true, webauthn:virtualAuthenticators: true}
Session ID: 3060695db8955cd36cce5449a49a690b">
      <![CDATA[org.openqa.selenium.NoSuchElementException: no such element: Unable to locate element: {"method":"xpath","selector":"//div//label[contains(text(),'Company')]//following::div[@name='company']//i[contains(@class,'dropdown')]"}
  (Session info: chrome=117.0.5938.149)
For documentation on this error, please visit: https://www.selenium.dev/documentation/webdriver/troubleshooting/errors#no-such-element-exception
Build info: version: '4.11.0', revision: '040bc5406b'
System info: os.name: 'Windows 11', os.arch: 'amd64', os.version: '10.0', java.version: '20.0.2'
Driver info: org.openqa.selenium.chrome.ChromeDriver
Command: [3060695db8955cd36cce5449a49a690b, findElement {using=xpath, value=//div//label[contains(text(),'Company')]//following::div[@name='company']//i[contains(@class,'dropdown')]}]
Capabilities {acceptInsecureCerts: false, browserName: chrome, browserVersion: 117.0.5938.149, chrome: {chromedriverVersion: 117.0.5938.149 (e3344ddefa1..., userDataDir: C:\Users\HP\AppData\Local\T...}, fedcm:accounts: true, goog:chromeOptions: {debuggerAddress: localhost:52397}, networkConnectionEnabled: false, pageLoadStrategy: normal, platformName: windows, proxy: Proxy(), se:cdp: ws://localhost:52397/devtoo..., se:cdpVersion: 117.0.5938.149, setWindowRect: true, strictFileInteractability: false, timeouts: {implicit: 0, pageLoad: 300000, script: 30000}, unhandledPromptBehavior: dismiss and notify, webauthn:extension:credBlob: true, webauthn:extension:largeBlob: true, webauthn:extension:minPinLength: true, webauthn:extension:prf: true, webauthn:virtualAuthenticators: true}
Session ID: 3060695db8955cd36cce5449a49a690b
at org.openqa.selenium.remote.codec.w3c.W3CHttpResponseCodec.createException(W3CHttpResponseCodec.java:200)
at org.openqa.selenium.remote.codec.w3c.W3CHttpResponseCodec.decode(W3CHttpResponseCodec.java:133)
at org.openqa.selenium.remote.codec.w3c.W3CHttpResponseCodec.decode(W3CHttpResponseCodec.java:52)
at org.openqa.selenium.remote.HttpCommandExecutor.execute(HttpCommandExecutor.java:191)
at org.openqa.selenium.remote.service.DriverCommandExecutor.invokeExecute(DriverCommandExecutor.java:196)
at org.openqa.selenium.remote.service.DriverCommandExecutor.execute(DriverCommandExecutor.java:171)
at org.openqa.selenium.remote.RemoteWebDriver.execute(RemoteWebDriver.java:518)
at org.openqa.selenium.remote.ElementLocation$ElementFinder$2.findElement(ElementLocation.java:165)
at org.openqa.selenium.remote.ElementLocation.findElement(ElementLocation.java:59)
at org.openqa.selenium.remote.RemoteWebDriver.findElement(RemoteWebDriver.java:355)
at org.openqa.selenium.remote.RemoteWebDriver.findElement(RemoteWebDriver.java:349)
at org.openqa.selenium.support.pagefactory.DefaultElementLocator.findElement(DefaultElementLocator.java:68)
at org.openqa.selenium.support.pagefactory.internal.LocatingElementHandler.invoke(LocatingElementHandler.java:38)
at jdk.proxy2/jdk.proxy2.$Proxy32.click(Unknown Source)
at com.crm.dev.DriverManager.BasePage.getRandomDeal(BasePage.java:197)
at com.crm.qa.cogmento.testcases.CasesPageTest.tc_cogmento_casespage_061(CasesPageTest.java:79)
at java.base/java.util.ArrayList.forEach(ArrayList.java:1511)
... Removed 28 stack frames]]>
    </failure>
  </testcase> <!-- tc_cogmento_casespage_061 -->
  <testcase classname="com.crm.qa.cogmento.testcases.CasesPageTest" name="tc_cogmento_casespage_062" time="2.749"/>
  <testcase classname="com.crm.qa.cogmento.testcases.CasesPageTest" name="tc_cogmento_casespage_063" time="3.137"/>
  <testcase classname="com.crm.qa.cogmento.testcases.CasesPageTest" name="tc_cogmento_casespage_064" time="2.535"/>
  <testcase classname="com.crm.qa.cogmento.testcases.CasesPageTest" name="tc_cogmento_casespage_065" time="3.367"/>
  <testcase classname="com.crm.qa.cogmento.testcases.CasesPageTest" name="tc_cogmento_casespage_066" time="2.415">
    <failure type="java.lang.IllegalArgumentException" message="Keys to send should be a not null CharSequence">
      <![CDATA[java.lang.IllegalArgumentException: Keys to send should be a not null CharSequence
at org.openqa.selenium.remote.RemoteWebElement.sendKeys(RemoteWebElement.java:97)
at org.openqa.selenium.support.pagefactory.internal.LocatingElementHandler.invoke(LocatingElementHandler.java:51)
at jdk.proxy2/jdk.proxy2.$Proxy32.sendKeys(Unknown Source)
at com.crm.dev.PageObjects.CasesPage.createCase(CasesPage.java:132)
at com.crm.qa.cogmento.testcases.CasesPageTest.tc_cogmento_casespage_066(CasesPageTest.java:192)
at java.base/java.util.ArrayList.forEach(ArrayList.java:1511)
... Removed 27 stack frames]]>
    </failure>
  </testcase> <!-- tc_cogmento_casespage_066 -->
  <testcase classname="com.crm.qa.cogmento.testcases.CompaniesPageTest" name="tc_cogmento_companiespage_021" time="1.976"/>
  <testcase classname="com.crm.qa.cogmento.testcases.CompaniesPageTest" name="tc_cogmento_companiespage_022" time="2.24"/>
  <testcase classname="com.crm.qa.cogmento.testcases.CompaniesPageTest" name="tc_cogmento_companiespage_023" time="2.374"/>
  <testcase classname="com.crm.qa.cogmento.testcases.CompaniesPageTest" name="tc_cogmento_companiespage_024" time="45.212">
    <failure type="org.openqa.selenium.NoSuchElementException" message="no such element: No node with given id found
  (Session info: chrome=117.0.5938.149)
For documentation on this error, please visit: https://www.selenium.dev/documentation/webdriver/troubleshooting/errors#no-such-element-exception
Build info: version: &amp;apos;4.11.0&amp;apos;, revision: &amp;apos;040bc5406b&amp;apos;
System info: os.name: &amp;apos;Windows 11&amp;apos;, os.arch: &amp;apos;amd64&amp;apos;, os.version: &amp;apos;10.0&amp;apos;, java.version: &amp;apos;20.0.2&amp;apos;
Driver info: org.openqa.selenium.chrome.ChromeDriver
Command: [35d7542982fd7f1f02aa7c3ad8e7401f, getElementAttribute {id=0BF93F09EA9392C48882643A6BFC3866_element_115, name=innerText}]
Capabilities {acceptInsecureCerts: false, browserName: chrome, browserVersion: 117.0.5938.149, chrome: {chromedriverVersion: 117.0.5938.149 (e3344ddefa1..., userDataDir: C:\Users\HP\AppData\Local\T...}, fedcm:accounts: true, goog:chromeOptions: {debuggerAddress: localhost:52773}, networkConnectionEnabled: false, pageLoadStrategy: normal, platformName: windows, proxy: Proxy(), se:cdp: ws://localhost:52773/devtoo..., se:cdpVersion: 117.0.5938.149, setWindowRect: true, strictFileInteractability: false, timeouts: {implicit: 0, pageLoad: 300000, script: 30000}, unhandledPromptBehavior: dismiss and notify, webauthn:extension:credBlob: true, webauthn:extension:largeBlob: true, webauthn:extension:minPinLength: true, webauthn:extension:prf: true, webauthn:virtualAuthenticators: true}
Element: [[ChromeDriver: chrome on windows (35d7542982fd7f1f02aa7c3ad8e7401f)] -&amp;gt; xpath: //button[contains(@class,&amp;apos;linkedin button&amp;apos;) and normalize-space()=&amp;apos;Show Filters&amp;apos;]]
Session ID: 35d7542982fd7f1f02aa7c3ad8e7401f">
      <![CDATA[org.openqa.selenium.NoSuchElementException: no such element: No node with given id found
  (Session info: chrome=117.0.5938.149)
For documentation on this error, please visit: https://www.selenium.dev/documentation/webdriver/troubleshooting/errors#no-such-element-exception
Build info: version: '4.11.0', revision: '040bc5406b'
System info: os.name: 'Windows 11', os.arch: 'amd64', os.version: '10.0', java.version: '20.0.2'
Driver info: org.openqa.selenium.chrome.ChromeDriver
Command: [35d7542982fd7f1f02aa7c3ad8e7401f, getElementAttribute {id=0BF93F09EA9392C48882643A6BFC3866_element_115, name=innerText}]
Capabilities {acceptInsecureCerts: false, browserName: chrome, browserVersion: 117.0.5938.149, chrome: {chromedriverVersion: 117.0.5938.149 (e3344ddefa1..., userDataDir: C:\Users\HP\AppData\Local\T...}, fedcm:accounts: true, goog:chromeOptions: {debuggerAddress: localhost:52773}, networkConnectionEnabled: false, pageLoadStrategy: normal, platformName: windows, proxy: Proxy(), se:cdp: ws://localhost:52773/devtoo..., se:cdpVersion: 117.0.5938.149, setWindowRect: true, strictFileInteractability: false, timeouts: {implicit: 0, pageLoad: 300000, script: 30000}, unhandledPromptBehavior: dismiss and notify, webauthn:extension:credBlob: true, webauthn:extension:largeBlob: true, webauthn:extension:minPinLength: true, webauthn:extension:prf: true, webauthn:virtualAuthenticators: true}
Element: [[ChromeDriver: chrome on windows (35d7542982fd7f1f02aa7c3ad8e7401f)] -> xpath: //button[contains(@class,'linkedin button') and normalize-space()='Show Filters']]
Session ID: 35d7542982fd7f1f02aa7c3ad8e7401f
at org.openqa.selenium.remote.codec.w3c.W3CHttpResponseCodec.createException(W3CHttpResponseCodec.java:200)
at org.openqa.selenium.remote.codec.w3c.W3CHttpResponseCodec.decode(W3CHttpResponseCodec.java:133)
at org.openqa.selenium.remote.codec.w3c.W3CHttpResponseCodec.decode(W3CHttpResponseCodec.java:52)
at org.openqa.selenium.remote.HttpCommandExecutor.execute(HttpCommandExecutor.java:191)
at org.openqa.selenium.remote.service.DriverCommandExecutor.invokeExecute(DriverCommandExecutor.java:196)
at org.openqa.selenium.remote.service.DriverCommandExecutor.execute(DriverCommandExecutor.java:171)
at org.openqa.selenium.remote.RemoteWebDriver.execute(RemoteWebDriver.java:518)
at org.openqa.selenium.remote.RemoteWebElement.execute(RemoteWebElement.java:224)
at org.openqa.selenium.remote.RemoteWebElement.getAttribute(RemoteWebElement.java:150)
at com.crm.dev.utility.TableOperator.applyFiltersToColumns(TableOperator.java:168)
at com.crm.qa.cogmento.testcases.CompaniesPageTest.tc_cogmento_companiespage_024(CompaniesPageTest.java:178)
at java.base/java.util.ArrayList.forEach(ArrayList.java:1511)
... Removed 28 stack frames]]>
    </failure>
  </testcase> <!-- tc_cogmento_companiespage_024 -->
  <testcase classname="com.crm.qa.cogmento.testcases.CompaniesPageTest" name="tc_cogmento_companiespage_025" time="2.633"/>
  <testcase classname="com.crm.qa.cogmento.testcases.CompaniesPageTest" name="tc_cogmento_companiespage_026" time="3.05"/>
  <testcase classname="com.crm.qa.cogmento.testcases.CompaniesPageTest" name="tc_cogmento_companiespage_027" time="2.599"/>
  <testcase classname="com.crm.qa.cogmento.testcases.CompaniesPageTest" name="tc_cogmento_companiespage_028" time="2.607"/>
  <testcase classname="com.crm.qa.cogmento.testcases.CompaniesPageTest" name="tc_cogmento_companiespage_082" time="2.601"/>
  <testcase classname="com.crm.qa.cogmento.testcases.DealPageTest" name="tc_cogmento_dealspage_040" time="0.0">
    <ignored/>
  </testcase> <!-- tc_cogmento_dealspage_040 -->
  <testcase classname="com.crm.qa.cogmento.testcases.CompaniesPageTest" name="tc_cogmento_companiespage_088" time="0.0">
    <ignored/>
  </testcase> <!-- tc_cogmento_companiespage_088 -->
</testsuite> <!-- Cogmento Test Automation Test -->
